Performing C SOURCE FILE Test CMAKE_HAVE_LIBC_PTHREAD failed with the following output:
Change Dir: /localdisk/clevels/argonne/oneAPI-samples/Libraries/oneTBB/tbb-async-sycl/build/CMakeFiles/CMakeTmp

Run Build Command(s):/usr/bin/make cmTC_e76fd/fast && /usr/bin/make  -f CMakeFiles/cmTC_e76fd.dir/build.make CMakeFiles/cmTC_e76fd.dir/build
make[1]: Entering directory '/localdisk/clevels/argonne/oneAPI-samples/Libraries/oneTBB/tbb-async-sycl/build/CMakeFiles/CMakeTmp'
Building C object CMakeFiles/cmTC_e76fd.dir/src.c.o
/opt/intel/oneapi/compiler/latest/linux/bin/clang   -DCMAKE_HAVE_LIBC_PTHREAD   -o CMakeFiles/cmTC_e76fd.dir/src.c.o   -c /localdisk/clevels/argonne/oneAPI-samples/Libraries/oneTBB/tbb-async-sycl/build/CMakeFiles/CMakeTmp/src.c
Linking C executable cmTC_e76fd
/usr/local/bin/cmake -E cmake_link_script CMakeFiles/cmTC_e76fd.dir/link.txt --verbose=1
/opt/intel/oneapi/compiler/latest/linux/bin/clang  -DCMAKE_HAVE_LIBC_PTHREAD    -rdynamic CMakeFiles/cmTC_e76fd.dir/src.c.o  -o cmTC_e76fd 
CMakeFiles/cmTC_e76fd.dir/src.c.o: In function `main':
src.c:(.text+0x36): undefined reference to `pthread_create'
src.c:(.text+0x42): undefined reference to `pthread_detach'
src.c:(.text+0x4e): undefined reference to `pthread_cancel'
src.c:(.text+0x5e): undefined reference to `pthread_join'
src.c:(.text+0x71): undefined reference to `pthread_atfork'
clang: error: linker command failed with exit code 1 (use -v to see invocation)
CMakeFiles/cmTC_e76fd.dir/build.make:106: recipe for target 'cmTC_e76fd' failed
make[1]: *** [cmTC_e76fd] Error 1
make[1]: Leaving directory '/localdisk/clevels/argonne/oneAPI-samples/Libraries/oneTBB/tbb-async-sycl/build/CMakeFiles/CMakeTmp'
Makefile:141: recipe for target 'cmTC_e76fd/fast' failed
make: *** [cmTC_e76fd/fast] Error 2


Source file was:
#include <pthread.h>

void* test_func(void* data)
{
  return data;
}

int main(void)
{
  pthread_t thread;
  pthread_create(&thread, NULL, test_func, NULL);
  pthread_detach(thread);
  pthread_cancel(thread);
  pthread_join(thread, NULL);
  pthread_atfork(NULL, NULL, NULL);
  pthread_exit(NULL);

  return 0;
}

Determining if the function pthread_create exists in the pthreads failed with the following output:
Change Dir: /localdisk/clevels/argonne/oneAPI-samples/Libraries/oneTBB/tbb-async-sycl/build/CMakeFiles/CMakeTmp

Run Build Command(s):/usr/bin/make cmTC_ba284/fast && /usr/bin/make  -f CMakeFiles/cmTC_ba284.dir/build.make CMakeFiles/cmTC_ba284.dir/build
make[1]: Entering directory '/localdisk/clevels/argonne/oneAPI-samples/Libraries/oneTBB/tbb-async-sycl/build/CMakeFiles/CMakeTmp'
Building C object CMakeFiles/cmTC_ba284.dir/CheckFunctionExists.c.o
/opt/intel/oneapi/compiler/latest/linux/bin/clang   -DCHECK_FUNCTION_EXISTS=pthread_create   -o CMakeFiles/cmTC_ba284.dir/CheckFunctionExists.c.o   -c /usr/local/share/cmake-3.17/Modules/CheckFunctionExists.c
Linking C executable cmTC_ba284
/usr/local/bin/cmake -E cmake_link_script CMakeFiles/cmTC_ba284.dir/link.txt --verbose=1
/opt/intel/oneapi/compiler/latest/linux/bin/clang  -DCHECK_FUNCTION_EXISTS=pthread_create    -rdynamic CMakeFiles/cmTC_ba284.dir/CheckFunctionExists.c.o  -o cmTC_ba284  -lpthreads 
/usr/bin/ld: cannot find -lpthreads
clang: error: linker command failed with exit code 1 (use -v to see invocation)
CMakeFiles/cmTC_ba284.dir/build.make:106: recipe for target 'cmTC_ba284' failed
make[1]: *** [cmTC_ba284] Error 1
make[1]: Leaving directory '/localdisk/clevels/argonne/oneAPI-samples/Libraries/oneTBB/tbb-async-sycl/build/CMakeFiles/CMakeTmp'
Makefile:141: recipe for target 'cmTC_ba284/fast' failed
make: *** [cmTC_ba284/fast] Error 2



