The system is: Linux - 4.12.14-122.37-default - x86_64
Compiling the C compiler identification source file "CMakeCCompilerId.c" succeeded.
Compiler: /usr/bin/cc 
Build flags: 
Id flags:  

The output was:
0


Compilation of the C compiler identification source "CMakeCCompilerId.c" produced "a.out"

The C compiler identification is GNU, found in "/nfs/sc/disks/swuser_work_kannanaj/qshells/oneAPI-samples/DirectProgramming/DPC++FPGA/Tutorials/Tools/use_library/src/temp/CMakeFiles/3.18.0/CompilerIdC/a.out"

Compiling the CXX compiler identification source file "CMakeCXXCompilerId.cpp" succeeded.
Compiler: /usr/bin/c++ 
Build flags: 
Id flags:  

The output was:
0


Compilation of the CXX compiler identification source "CMakeCXXCompilerId.cpp" produced "a.out"

The CXX compiler identification is GNU, found in "/nfs/sc/disks/swuser_work_kannanaj/qshells/oneAPI-samples/DirectProgramming/DPC++FPGA/Tutorials/Tools/use_library/src/temp/CMakeFiles/3.18.0/CompilerIdCXX/a.out"

Detecting C compiler ABI info compiled with the following output:
Change Dir: /nfs/sc/disks/swuser_work_kannanaj/qshells/oneAPI-samples/DirectProgramming/DPC++FPGA/Tutorials/Tools/use_library/src/temp/CMakeFiles/CMakeTmp

Run Build Command(s):/usr/intel/bin/gmake cmTC_030c3/fast && /usr/intel/bin/gmake  -f CMakeFiles/cmTC_030c3.dir/build.make CMakeFiles/cmTC_030c3.dir/build
gmake[1]: Entering directory '/nfs/sc/disks/swuser_work_kannanaj/qshells/oneAPI-samples/DirectProgramming/DPC++FPGA/Tutorials/Tools/use_library/src/temp/CMakeFiles/CMakeTmp'
Building C object CMakeFiles/cmTC_030c3.dir/CMakeCCompilerABI.c.o
/usr/bin/cc   -v -o CMakeFiles/cmTC_030c3.dir/CMakeCCompilerABI.c.o -c /nfs/site/disks/psg_ctools_1/cmake/3.18.0/linux64/suse/share/cmake-3.18/Modules/CMakeCCompilerABI.c
Using built-in specs.
COLLECT_GCC=/usr/bin/cc
Target: x86_64-suse-linux
Configured with: ../configure --prefix=/usr --infodir=/usr/share/info --mandir=/usr/share/man --libdir=/usr/lib64 --libexecdir=/usr/lib64 --enable-languages=c,c++,objc,fortran,obj-c++,java,ada --enable-checking=release --with-gxx-include-dir=/usr/include/c++/4.8 --enable-ssp --disable-libssp --disable-plugin --with-bugurl=https://bugs.opensuse.org/ --with-pkgversion='SUSE Linux' --disable-libgcj --disable-libmudflap --with-slibdir=/lib64 --with-system-zlib --enable-__cxa_atexit --enable-libstdcxx-allocator=new --disable-libstdcxx-pch --enable-version-specific-runtime-libs --enable-linker-build-id --enable-linux-futex --program-suffix=-4.8 --without-system-libunwind --with-arch-32=i586 --with-tune=generic --build=x86_64-suse-linux --host=x86_64-suse-linux
Thread model: posix
gcc version 4.8.5 (SUSE Linux) 
COLLECT_GCC_OPTIONS='-v' '-o' 'CMakeFiles/cmTC_030c3.dir/CMakeCCompilerABI.c.o' '-c' '-mtune=generic' '-march=x86-64'
 /usr/lib64/gcc/x86_64-suse-linux/4.8/cc1 -quiet -v /nfs/site/disks/psg_ctools_1/cmake/3.18.0/linux64/suse/share/cmake-3.18/Modules/CMakeCCompilerABI.c -quiet -dumpbase CMakeCCompilerABI.c -mtune=generic -march=x86-64 -auxbase-strip CMakeFiles/cmTC_030c3.dir/CMakeCCompilerABI.c.o -version -o /tmp/arc_368577095/ccrqLxqV.s
GNU C (SUSE Linux) version 4.8.5 (x86_64-suse-linux)
	compiled by GNU C version 4.8.5, GMP version 5.1.3, MPFR version 3.1.2, MPC version 1.0.2
GGC heuristics: --param ggc-min-expand=100 --param ggc-min-heapsize=131072
#include "..." search starts here:
#include <...> search starts here:
 /p/psg/swip/hld/r/sycl/rel/20211028/linux64/include
 /p/psg/swip/hld/oneapi_code_samples/fake_oneapi_root/dev-utilities/latest/include
 /p/psg/swip/hld/r/sycl/rel/20211019/linux64/include
 /p/psg/swip/hld/r/sycl/trunk/20211011/linux64/include
 /usr/lib64/gcc/x86_64-suse-linux/4.8/include
 /usr/local/include
 /usr/lib64/gcc/x86_64-suse-linux/4.8/include-fixed
 /usr/lib64/gcc/x86_64-suse-linux/4.8/../../../../x86_64-suse-linux/include
 /usr/include
End of search list.
GNU C (SUSE Linux) version 4.8.5 (x86_64-suse-linux)
	compiled by GNU C version 4.8.5, GMP version 5.1.3, MPFR version 3.1.2, MPC version 1.0.2
GGC heuristics: --param ggc-min-expand=100 --param ggc-min-heapsize=131072
Compiler executable checksum: bd3b2e9e51ebe50c83be5752fc6af7ed
COLLECT_GCC_OPTIONS='-v' '-o' 'CMakeFiles/cmTC_030c3.dir/CMakeCCompilerABI.c.o' '-c' '-mtune=generic' '-march=x86-64'
 /usr/lib64/gcc/x86_64-suse-linux/4.8/../../../../x86_64-suse-linux/bin/as -v --64 -o CMakeFiles/cmTC_030c3.dir/CMakeCCompilerABI.c.o /tmp/arc_368577095/ccrqLxqV.s
GNU assembler version 2.32.0 (x86_64-suse-linux) using BFD version (GNU Binutils; SUSE Linux Enterprise 12) 2.32.0.20190909-9.36
COMPILER_PATH=/usr/lib64/gcc/x86_64-suse-linux/4.8/:/usr/lib64/gcc/x86_64-suse-linux/4.8/:/usr/lib64/gcc/x86_64-suse-linux/:/usr/lib64/gcc/x86_64-suse-linux/4.8/:/usr/lib64/gcc/x86_64-suse-linux/:/usr/lib64/gcc/x86_64-suse-linux/4.8/../../../../x86_64-suse-linux/bin/
LIBRARY_PATH=/usr/lib64/gcc/x86_64-suse-linux/4.8/:/usr/lib64/gcc/x86_64-suse-linux/4.8/../../../../lib64/:/lib/../lib64/:/usr/lib/../lib64/:/p/psg/swip/hld/r/sycl/rel/20211028/linux64/lib/:/p/psg/swip/hld/r/sycl/rel/20211019/linux64/lib/:/p/psg/swip/hld/r/sycl/trunk/20211011/linux64/lib/:/usr/lib64/gcc/x86_64-suse-linux/4.8/../../../../x86_64-suse-linux/lib/:/usr/lib64/gcc/x86_64-suse-linux/4.8/../../../:/lib/:/usr/lib/
COLLECT_GCC_OPTIONS='-v' '-o' 'CMakeFiles/cmTC_030c3.dir/CMakeCCompilerABI.c.o' '-c' '-mtune=generic' '-march=x86-64'
Linking C executable cmTC_030c3
/nfs/site/disks/psg_ctools_1/cmake/3.18.0/linux64/suse/bin/cmake -E cmake_link_script CMakeFiles/cmTC_030c3.dir/link.txt --verbose=1
/usr/bin/cc  -v -rdynamic CMakeFiles/cmTC_030c3.dir/CMakeCCompilerABI.c.o -o cmTC_030c3 
Using built-in specs.
COLLECT_GCC=/usr/bin/cc
COLLECT_LTO_WRAPPER=/usr/lib64/gcc/x86_64-suse-linux/4.8/lto-wrapper
Target: x86_64-suse-linux
Configured with: ../configure --prefix=/usr --infodir=/usr/share/info --mandir=/usr/share/man --libdir=/usr/lib64 --libexecdir=/usr/lib64 --enable-languages=c,c++,objc,fortran,obj-c++,java,ada --enable-checking=release --with-gxx-include-dir=/usr/include/c++/4.8 --enable-ssp --disable-libssp --disable-plugin --with-bugurl=https://bugs.opensuse.org/ --with-pkgversion='SUSE Linux' --disable-libgcj --disable-libmudflap --with-slibdir=/lib64 --with-system-zlib --enable-__cxa_atexit --enable-libstdcxx-allocator=new --disable-libstdcxx-pch --enable-version-specific-runtime-libs --enable-linker-build-id --enable-linux-futex --program-suffix=-4.8 --without-system-libunwind --with-arch-32=i586 --with-tune=generic --build=x86_64-suse-linux --host=x86_64-suse-linux
Thread model: posix
gcc version 4.8.5 (SUSE Linux) 
COMPILER_PATH=/usr/lib64/gcc/x86_64-suse-linux/4.8/:/usr/lib64/gcc/x86_64-suse-linux/4.8/:/usr/lib64/gcc/x86_64-suse-linux/:/usr/lib64/gcc/x86_64-suse-linux/4.8/:/usr/lib64/gcc/x86_64-suse-linux/:/usr/lib64/gcc/x86_64-suse-linux/4.8/../../../../x86_64-suse-linux/bin/
LIBRARY_PATH=/usr/lib64/gcc/x86_64-suse-linux/4.8/:/usr/lib64/gcc/x86_64-suse-linux/4.8/../../../../lib64/:/lib/../lib64/:/usr/lib/../lib64/:/p/psg/swip/hld/r/sycl/rel/20211028/linux64/lib/:/p/psg/swip/hld/r/sycl/rel/20211019/linux64/lib/:/p/psg/swip/hld/r/sycl/trunk/20211011/linux64/lib/:/usr/lib64/gcc/x86_64-suse-linux/4.8/../../../../x86_64-suse-linux/lib/:/usr/lib64/gcc/x86_64-suse-linux/4.8/../../../:/lib/:/usr/lib/
COLLECT_GCC_OPTIONS='-v' '-rdynamic' '-o' 'cmTC_030c3' '-mtune=generic' '-march=x86-64'
 /usr/lib64/gcc/x86_64-suse-linux/4.8/collect2 --build-id --eh-frame-hdr -m elf_x86_64 -export-dynamic -dynamic-linker /lib64/ld-linux-x86-64.so.2 -o cmTC_030c3 /usr/lib64/gcc/x86_64-suse-linux/4.8/../../../../lib64/crt1.o /usr/lib64/gcc/x86_64-suse-linux/4.8/../../../../lib64/crti.o /usr/lib64/gcc/x86_64-suse-linux/4.8/crtbegin.o -L/usr/lib64/gcc/x86_64-suse-linux/4.8 -L/usr/lib64/gcc/x86_64-suse-linux/4.8/../../../../lib64 -L/lib/../lib64 -L/usr/lib/../lib64 -L/p/psg/swip/hld/r/sycl/rel/20211028/linux64/lib -L/p/psg/swip/hld/r/sycl/rel/20211019/linux64/lib -L/p/psg/swip/hld/r/sycl/trunk/20211011/linux64/lib -L/usr/lib64/gcc/x86_64-suse-linux/4.8/../../../../x86_64-suse-linux/lib -L/usr/lib64/gcc/x86_64-suse-linux/4.8/../../.. CMakeFiles/cmTC_030c3.dir/CMakeCCompilerABI.c.o -lgcc --as-needed -lgcc_s --no-as-needed -lc -lgcc --as-needed -lgcc_s --no-as-needed /usr/lib64/gcc/x86_64-suse-linux/4.8/crtend.o /usr/lib64/gcc/x86_64-suse-linux/4.8/../../../../lib64/crtn.o
gmake[1]: Leaving directory '/nfs/sc/disks/swuser_work_kannanaj/qshells/oneAPI-samples/DirectProgramming/DPC++FPGA/Tutorials/Tools/use_library/src/temp/CMakeFiles/CMakeTmp'



Parsed C implicit include dir info from above output: rv=done
  found start of include info
  found start of implicit include info
    add: [/p/psg/swip/hld/r/sycl/rel/20211028/linux64/include]
    add: [/p/psg/swip/hld/oneapi_code_samples/fake_oneapi_root/dev-utilities/latest/include]
    add: [/p/psg/swip/hld/r/sycl/rel/20211019/linux64/include]
    add: [/p/psg/swip/hld/r/sycl/trunk/20211011/linux64/include]
    add: [/usr/lib64/gcc/x86_64-suse-linux/4.8/include]
    add: [/usr/local/include]
    add: [/usr/lib64/gcc/x86_64-suse-linux/4.8/include-fixed]
    add: [/usr/lib64/gcc/x86_64-suse-linux/4.8/../../../../x86_64-suse-linux/include]
    add: [/usr/include]
  end of search list found
  collapse include dir [/p/psg/swip/hld/r/sycl/rel/20211028/linux64/include] ==> [/p/psg/swip/hld/r/sycl/rel/20211028/linux64/include]
  collapse include dir [/p/psg/swip/hld/oneapi_code_samples/fake_oneapi_root/dev-utilities/latest/include] ==> [/p/psg/swip/hld/oneapi_code_samples/fake_oneapi_root/dev-utilities/latest/include]
  collapse include dir [/p/psg/swip/hld/r/sycl/rel/20211019/linux64/include] ==> [/p/psg/swip/hld/r/sycl/rel/20211019/linux64/include]
  collapse include dir [/p/psg/swip/hld/r/sycl/trunk/20211011/linux64/include] ==> [/p/psg/swip/hld/r/sycl/trunk/20211011/linux64/include]
  collapse include dir [/usr/lib64/gcc/x86_64-suse-linux/4.8/include] ==> [/usr/lib64/gcc/x86_64-suse-linux/4.8/include]
  collapse include dir [/usr/local/include] ==> [/usr/local/include]
  collapse include dir [/usr/lib64/gcc/x86_64-suse-linux/4.8/include-fixed] ==> [/usr/lib64/gcc/x86_64-suse-linux/4.8/include-fixed]
  collapse include dir [/usr/lib64/gcc/x86_64-suse-linux/4.8/../../../../x86_64-suse-linux/include] ==> [/usr/x86_64-suse-linux/include]
  collapse include dir [/usr/include] ==> [/usr/include]
  implicit include dirs: [/p/psg/swip/hld/r/sycl/rel/20211028/linux64/include;/p/psg/swip/hld/oneapi_code_samples/fake_oneapi_root/dev-utilities/latest/include;/p/psg/swip/hld/r/sycl/rel/20211019/linux64/include;/p/psg/swip/hld/r/sycl/trunk/20211011/linux64/include;/usr/lib64/gcc/x86_64-suse-linux/4.8/include;/usr/local/include;/usr/lib64/gcc/x86_64-suse-linux/4.8/include-fixed;/usr/x86_64-suse-linux/include;/usr/include]


Parsed C implicit link information from above output:
  link line regex: [^( *|.*[/\])(ld|CMAKE_LINK_STARTFILE-NOTFOUND|([^/\]+-)?ld|collect2)[^/\]*( |$)]
  ignore line: [Change Dir: /nfs/sc/disks/swuser_work_kannanaj/qshells/oneAPI-samples/DirectProgramming/DPC++FPGA/Tutorials/Tools/use_library/src/temp/CMakeFiles/CMakeTmp]
  ignore line: []
  ignore line: [Run Build Command(s):/usr/intel/bin/gmake cmTC_030c3/fast && /usr/intel/bin/gmake  -f CMakeFiles/cmTC_030c3.dir/build.make CMakeFiles/cmTC_030c3.dir/build]
  ignore line: [gmake[1]: Entering directory '/nfs/sc/disks/swuser_work_kannanaj/qshells/oneAPI-samples/DirectProgramming/DPC++FPGA/Tutorials/Tools/use_library/src/temp/CMakeFiles/CMakeTmp']
  ignore line: [Building C object CMakeFiles/cmTC_030c3.dir/CMakeCCompilerABI.c.o]
  ignore line: [/usr/bin/cc   -v -o CMakeFiles/cmTC_030c3.dir/CMakeCCompilerABI.c.o -c /nfs/site/disks/psg_ctools_1/cmake/3.18.0/linux64/suse/share/cmake-3.18/Modules/CMakeCCompilerABI.c]
  ignore line: [Using built-in specs.]
  ignore line: [COLLECT_GCC=/usr/bin/cc]
  ignore line: [Target: x86_64-suse-linux]
  ignore line: [Configured with: ../configure --prefix=/usr --infodir=/usr/share/info --mandir=/usr/share/man --libdir=/usr/lib64 --libexecdir=/usr/lib64 --enable-languages=c c++ objc fortran obj-c++ java ada --enable-checking=release --with-gxx-include-dir=/usr/include/c++/4.8 --enable-ssp --disable-libssp --disable-plugin --with-bugurl=https://bugs.opensuse.org/ --with-pkgversion='SUSE Linux' --disable-libgcj --disable-libmudflap --with-slibdir=/lib64 --with-system-zlib --enable-__cxa_atexit --enable-libstdcxx-allocator=new --disable-libstdcxx-pch --enable-version-specific-runtime-libs --enable-linker-build-id --enable-linux-futex --program-suffix=-4.8 --without-system-libunwind --with-arch-32=i586 --with-tune=generic --build=x86_64-suse-linux --host=x86_64-suse-linux]
  ignore line: [Thread model: posix]
  ignore line: [gcc version 4.8.5 (SUSE Linux) ]
  ignore line: [COLLECT_GCC_OPTIONS='-v' '-o' 'CMakeFiles/cmTC_030c3.dir/CMakeCCompilerABI.c.o' '-c' '-mtune=generic' '-march=x86-64']
  ignore line: [ /usr/lib64/gcc/x86_64-suse-linux/4.8/cc1 -quiet -v /nfs/site/disks/psg_ctools_1/cmake/3.18.0/linux64/suse/share/cmake-3.18/Modules/CMakeCCompilerABI.c -quiet -dumpbase CMakeCCompilerABI.c -mtune=generic -march=x86-64 -auxbase-strip CMakeFiles/cmTC_030c3.dir/CMakeCCompilerABI.c.o -version -o /tmp/arc_368577095/ccrqLxqV.s]
  ignore line: [GNU C (SUSE Linux) version 4.8.5 (x86_64-suse-linux)]
  ignore line: [	compiled by GNU C version 4.8.5  GMP version 5.1.3  MPFR version 3.1.2  MPC version 1.0.2]
  ignore line: [GGC heuristics: --param ggc-min-expand=100 --param ggc-min-heapsize=131072]
  ignore line: [#include "..." search starts here:]
  ignore line: [#include <...> search starts here:]
  ignore line: [ /p/psg/swip/hld/r/sycl/rel/20211028/linux64/include]
  ignore line: [ /p/psg/swip/hld/oneapi_code_samples/fake_oneapi_root/dev-utilities/latest/include]
  ignore line: [ /p/psg/swip/hld/r/sycl/rel/20211019/linux64/include]
  ignore line: [ /p/psg/swip/hld/r/sycl/trunk/20211011/linux64/include]
  ignore line: [ /usr/lib64/gcc/x86_64-suse-linux/4.8/include]
  ignore line: [ /usr/local/include]
  ignore line: [ /usr/lib64/gcc/x86_64-suse-linux/4.8/include-fixed]
  ignore line: [ /usr/lib64/gcc/x86_64-suse-linux/4.8/../../../../x86_64-suse-linux/include]
  ignore line: [ /usr/include]
  ignore line: [End of search list.]
  ignore line: [GNU C (SUSE Linux) version 4.8.5 (x86_64-suse-linux)]
  ignore line: [	compiled by GNU C version 4.8.5  GMP version 5.1.3  MPFR version 3.1.2  MPC version 1.0.2]
  ignore line: [GGC heuristics: --param ggc-min-expand=100 --param ggc-min-heapsize=131072]
  ignore line: [Compiler executable checksum: bd3b2e9e51ebe50c83be5752fc6af7ed]
  ignore line: [COLLECT_GCC_OPTIONS='-v' '-o' 'CMakeFiles/cmTC_030c3.dir/CMakeCCompilerABI.c.o' '-c' '-mtune=generic' '-march=x86-64']
  ignore line: [ /usr/lib64/gcc/x86_64-suse-linux/4.8/../../../../x86_64-suse-linux/bin/as -v --64 -o CMakeFiles/cmTC_030c3.dir/CMakeCCompilerABI.c.o /tmp/arc_368577095/ccrqLxqV.s]
  ignore line: [GNU assembler version 2.32.0 (x86_64-suse-linux) using BFD version (GNU Binutils]
  ignore line: [ SUSE Linux Enterprise 12) 2.32.0.20190909-9.36]
  ignore line: [COMPILER_PATH=/usr/lib64/gcc/x86_64-suse-linux/4.8/:/usr/lib64/gcc/x86_64-suse-linux/4.8/:/usr/lib64/gcc/x86_64-suse-linux/:/usr/lib64/gcc/x86_64-suse-linux/4.8/:/usr/lib64/gcc/x86_64-suse-linux/:/usr/lib64/gcc/x86_64-suse-linux/4.8/../../../../x86_64-suse-linux/bin/]
  ignore line: [LIBRARY_PATH=/usr/lib64/gcc/x86_64-suse-linux/4.8/:/usr/lib64/gcc/x86_64-suse-linux/4.8/../../../../lib64/:/lib/../lib64/:/usr/lib/../lib64/:/p/psg/swip/hld/r/sycl/rel/20211028/linux64/lib/:/p/psg/swip/hld/r/sycl/rel/20211019/linux64/lib/:/p/psg/swip/hld/r/sycl/trunk/20211011/linux64/lib/:/usr/lib64/gcc/x86_64-suse-linux/4.8/../../../../x86_64-suse-linux/lib/:/usr/lib64/gcc/x86_64-suse-linux/4.8/../../../:/lib/:/usr/lib/]
  ignore line: [COLLECT_GCC_OPTIONS='-v' '-o' 'CMakeFiles/cmTC_030c3.dir/CMakeCCompilerABI.c.o' '-c' '-mtune=generic' '-march=x86-64']
  ignore line: [Linking C executable cmTC_030c3]
  ignore line: [/nfs/site/disks/psg_ctools_1/cmake/3.18.0/linux64/suse/bin/cmake -E cmake_link_script CMakeFiles/cmTC_030c3.dir/link.txt --verbose=1]
  ignore line: [/usr/bin/cc  -v -rdynamic CMakeFiles/cmTC_030c3.dir/CMakeCCompilerABI.c.o -o cmTC_030c3 ]
  ignore line: [Using built-in specs.]
  ignore line: [COLLECT_GCC=/usr/bin/cc]
  ignore line: [COLLECT_LTO_WRAPPER=/usr/lib64/gcc/x86_64-suse-linux/4.8/lto-wrapper]
  ignore line: [Target: x86_64-suse-linux]
  ignore line: [Configured with: ../configure --prefix=/usr --infodir=/usr/share/info --mandir=/usr/share/man --libdir=/usr/lib64 --libexecdir=/usr/lib64 --enable-languages=c c++ objc fortran obj-c++ java ada --enable-checking=release --with-gxx-include-dir=/usr/include/c++/4.8 --enable-ssp --disable-libssp --disable-plugin --with-bugurl=https://bugs.opensuse.org/ --with-pkgversion='SUSE Linux' --disable-libgcj --disable-libmudflap --with-slibdir=/lib64 --with-system-zlib --enable-__cxa_atexit --enable-libstdcxx-allocator=new --disable-libstdcxx-pch --enable-version-specific-runtime-libs --enable-linker-build-id --enable-linux-futex --program-suffix=-4.8 --without-system-libunwind --with-arch-32=i586 --with-tune=generic --build=x86_64-suse-linux --host=x86_64-suse-linux]
  ignore line: [Thread model: posix]
  ignore line: [gcc version 4.8.5 (SUSE Linux) ]
  ignore line: [COMPILER_PATH=/usr/lib64/gcc/x86_64-suse-linux/4.8/:/usr/lib64/gcc/x86_64-suse-linux/4.8/:/usr/lib64/gcc/x86_64-suse-linux/:/usr/lib64/gcc/x86_64-suse-linux/4.8/:/usr/lib64/gcc/x86_64-suse-linux/:/usr/lib64/gcc/x86_64-suse-linux/4.8/../../../../x86_64-suse-linux/bin/]
  ignore line: [LIBRARY_PATH=/usr/lib64/gcc/x86_64-suse-linux/4.8/:/usr/lib64/gcc/x86_64-suse-linux/4.8/../../../../lib64/:/lib/../lib64/:/usr/lib/../lib64/:/p/psg/swip/hld/r/sycl/rel/20211028/linux64/lib/:/p/psg/swip/hld/r/sycl/rel/20211019/linux64/lib/:/p/psg/swip/hld/r/sycl/trunk/20211011/linux64/lib/:/usr/lib64/gcc/x86_64-suse-linux/4.8/../../../../x86_64-suse-linux/lib/:/usr/lib64/gcc/x86_64-suse-linux/4.8/../../../:/lib/:/usr/lib/]
  ignore line: [COLLECT_GCC_OPTIONS='-v' '-rdynamic' '-o' 'cmTC_030c3' '-mtune=generic' '-march=x86-64']
  link line: [ /usr/lib64/gcc/x86_64-suse-linux/4.8/collect2 --build-id --eh-frame-hdr -m elf_x86_64 -export-dynamic -dynamic-linker /lib64/ld-linux-x86-64.so.2 -o cmTC_030c3 /usr/lib64/gcc/x86_64-suse-linux/4.8/../../../../lib64/crt1.o /usr/lib64/gcc/x86_64-suse-linux/4.8/../../../../lib64/crti.o /usr/lib64/gcc/x86_64-suse-linux/4.8/crtbegin.o -L/usr/lib64/gcc/x86_64-suse-linux/4.8 -L/usr/lib64/gcc/x86_64-suse-linux/4.8/../../../../lib64 -L/lib/../lib64 -L/usr/lib/../lib64 -L/p/psg/swip/hld/r/sycl/rel/20211028/linux64/lib -L/p/psg/swip/hld/r/sycl/rel/20211019/linux64/lib -L/p/psg/swip/hld/r/sycl/trunk/20211011/linux64/lib -L/usr/lib64/gcc/x86_64-suse-linux/4.8/../../../../x86_64-suse-linux/lib -L/usr/lib64/gcc/x86_64-suse-linux/4.8/../../.. CMakeFiles/cmTC_030c3.dir/CMakeCCompilerABI.c.o -lgcc --as-needed -lgcc_s --no-as-needed -lc -lgcc --as-needed -lgcc_s --no-as-needed /usr/lib64/gcc/x86_64-suse-linux/4.8/crtend.o /usr/lib64/gcc/x86_64-suse-linux/4.8/../../../../lib64/crtn.o]
    arg [/usr/lib64/gcc/x86_64-suse-linux/4.8/collect2] ==> ignore
    arg [--build-id] ==> ignore
    arg [--eh-frame-hdr] ==> ignore
    arg [-m] ==> ignore
    arg [elf_x86_64] ==> ignore
    arg [-export-dynamic] ==> ignore
    arg [-dynamic-linker] ==> ignore
    arg [/lib64/ld-linux-x86-64.so.2] ==> ignore
    arg [-o] ==> ignore
    arg [cmTC_030c3] ==> ignore
    arg [/usr/lib64/gcc/x86_64-suse-linux/4.8/../../../../lib64/crt1.o] ==> ignore
    arg [/usr/lib64/gcc/x86_64-suse-linux/4.8/../../../../lib64/crti.o] ==> ignore
    arg [/usr/lib64/gcc/x86_64-suse-linux/4.8/crtbegin.o] ==> ignore
    arg [-L/usr/lib64/gcc/x86_64-suse-linux/4.8] ==> dir [/usr/lib64/gcc/x86_64-suse-linux/4.8]
    arg [-L/usr/lib64/gcc/x86_64-suse-linux/4.8/../../../../lib64] ==> dir [/usr/lib64/gcc/x86_64-suse-linux/4.8/../../../../lib64]
    arg [-L/lib/../lib64] ==> dir [/lib/../lib64]
    arg [-L/usr/lib/../lib64] ==> dir [/usr/lib/../lib64]
    arg [-L/p/psg/swip/hld/r/sycl/rel/20211028/linux64/lib] ==> dir [/p/psg/swip/hld/r/sycl/rel/20211028/linux64/lib]
    arg [-L/p/psg/swip/hld/r/sycl/rel/20211019/linux64/lib] ==> dir [/p/psg/swip/hld/r/sycl/rel/20211019/linux64/lib]
    arg [-L/p/psg/swip/hld/r/sycl/trunk/20211011/linux64/lib] ==> dir [/p/psg/swip/hld/r/sycl/trunk/20211011/linux64/lib]
    arg [-L/usr/lib64/gcc/x86_64-suse-linux/4.8/../../../../x86_64-suse-linux/lib] ==> dir [/usr/lib64/gcc/x86_64-suse-linux/4.8/../../../../x86_64-suse-linux/lib]
    arg [-L/usr/lib64/gcc/x86_64-suse-linux/4.8/../../..] ==> dir [/usr/lib64/gcc/x86_64-suse-linux/4.8/../../..]
    arg [CMakeFiles/cmTC_030c3.dir/CMakeCCompilerABI.c.o] ==> ignore
    arg [-lgcc] ==> lib [gcc]
    arg [--as-needed] ==> ignore
    arg [-lgcc_s] ==> lib [gcc_s]
    arg [--no-as-needed] ==> ignore
    arg [-lc] ==> lib [c]
    arg [-lgcc] ==> lib [gcc]
    arg [--as-needed] ==> ignore
    arg [-lgcc_s] ==> lib [gcc_s]
    arg [--no-as-needed] ==> ignore
    arg [/usr/lib64/gcc/x86_64-suse-linux/4.8/crtend.o] ==> ignore
    arg [/usr/lib64/gcc/x86_64-suse-linux/4.8/../../../../lib64/crtn.o] ==> ignore
  collapse library dir [/usr/lib64/gcc/x86_64-suse-linux/4.8] ==> [/usr/lib64/gcc/x86_64-suse-linux/4.8]
  collapse library dir [/usr/lib64/gcc/x86_64-suse-linux/4.8/../../../../lib64] ==> [/usr/lib64]
  collapse library dir [/lib/../lib64] ==> [/lib64]
  collapse library dir [/usr/lib/../lib64] ==> [/usr/lib64]
  collapse library dir [/p/psg/swip/hld/r/sycl/rel/20211028/linux64/lib] ==> [/p/psg/swip/hld/r/sycl/rel/20211028/linux64/lib]
  collapse library dir [/p/psg/swip/hld/r/sycl/rel/20211019/linux64/lib] ==> [/p/psg/swip/hld/r/sycl/rel/20211019/linux64/lib]
  collapse library dir [/p/psg/swip/hld/r/sycl/trunk/20211011/linux64/lib] ==> [/p/psg/swip/hld/r/sycl/trunk/20211011/linux64/lib]
  collapse library dir [/usr/lib64/gcc/x86_64-suse-linux/4.8/../../../../x86_64-suse-linux/lib] ==> [/usr/x86_64-suse-linux/lib]
  collapse library dir [/usr/lib64/gcc/x86_64-suse-linux/4.8/../../..] ==> [/usr/lib64]
  implicit libs: [gcc;gcc_s;c;gcc;gcc_s]
  implicit dirs: [/usr/lib64/gcc/x86_64-suse-linux/4.8;/usr/lib64;/lib64;/p/psg/swip/hld/r/sycl/rel/20211028/linux64/lib;/p/psg/swip/hld/r/sycl/rel/20211019/linux64/lib;/p/psg/swip/hld/r/sycl/trunk/20211011/linux64/lib;/usr/x86_64-suse-linux/lib]
  implicit fwks: []


Detecting CXX compiler ABI info compiled with the following output:
Change Dir: /nfs/sc/disks/swuser_work_kannanaj/qshells/oneAPI-samples/DirectProgramming/DPC++FPGA/Tutorials/Tools/use_library/src/temp/CMakeFiles/CMakeTmp

Run Build Command(s):/usr/intel/bin/gmake cmTC_563dd/fast && /usr/intel/bin/gmake  -f CMakeFiles/cmTC_563dd.dir/build.make CMakeFiles/cmTC_563dd.dir/build
gmake[1]: Entering directory '/nfs/sc/disks/swuser_work_kannanaj/qshells/oneAPI-samples/DirectProgramming/DPC++FPGA/Tutorials/Tools/use_library/src/temp/CMakeFiles/CMakeTmp'
Building CXX object CMakeFiles/cmTC_563dd.dir/CMakeCXXCompilerABI.cpp.o
/usr/bin/c++   -v -o CMakeFiles/cmTC_563dd.dir/CMakeCXXCompilerABI.cpp.o -c /nfs/site/disks/psg_ctools_1/cmake/3.18.0/linux64/suse/share/cmake-3.18/Modules/CMakeCXXCompilerABI.cpp
Using built-in specs.
COLLECT_GCC=/usr/bin/c++
Target: x86_64-suse-linux
Configured with: ../configure --prefix=/usr --infodir=/usr/share/info --mandir=/usr/share/man --libdir=/usr/lib64 --libexecdir=/usr/lib64 --enable-languages=c,c++,objc,fortran,obj-c++,java,ada --enable-checking=release --with-gxx-include-dir=/usr/include/c++/4.8 --enable-ssp --disable-libssp --disable-plugin --with-bugurl=https://bugs.opensuse.org/ --with-pkgversion='SUSE Linux' --disable-libgcj --disable-libmudflap --with-slibdir=/lib64 --with-system-zlib --enable-__cxa_atexit --enable-libstdcxx-allocator=new --disable-libstdcxx-pch --enable-version-specific-runtime-libs --enable-linker-build-id --enable-linux-futex --program-suffix=-4.8 --without-system-libunwind --with-arch-32=i586 --with-tune=generic --build=x86_64-suse-linux --host=x86_64-suse-linux
Thread model: posix
gcc version 4.8.5 (SUSE Linux) 
COLLECT_GCC_OPTIONS='-v' '-o' 'CMakeFiles/cmTC_563dd.dir/CMakeCXXCompilerABI.cpp.o' '-c' '-shared-libgcc' '-mtune=generic' '-march=x86-64'
 /usr/lib64/gcc/x86_64-suse-linux/4.8/cc1plus -quiet -v -D_GNU_SOURCE /nfs/site/disks/psg_ctools_1/cmake/3.18.0/linux64/suse/share/cmake-3.18/Modules/CMakeCXXCompilerABI.cpp -quiet -dumpbase CMakeCXXCompilerABI.cpp -mtune=generic -march=x86-64 -auxbase-strip CMakeFiles/cmTC_563dd.dir/CMakeCXXCompilerABI.cpp.o -version -o /tmp/arc_368577095/cc2kO5ba.s
GNU C++ (SUSE Linux) version 4.8.5 (x86_64-suse-linux)
	compiled by GNU C version 4.8.5, GMP version 5.1.3, MPFR version 3.1.2, MPC version 1.0.2
GGC heuristics: --param ggc-min-expand=100 --param ggc-min-heapsize=131072
#include "..." search starts here:
#include <...> search starts here:
 /p/psg/swip/hld/r/sycl/rel/20211028/linux64/include
 /p/psg/swip/hld/oneapi_code_samples/fake_oneapi_root/dev-utilities/latest/include
 /p/psg/swip/hld/r/sycl/rel/20211019/linux64/include
 /p/psg/swip/hld/r/sycl/trunk/20211011/linux64/include
 /usr/include/c++/4.8
 /usr/include/c++/4.8/x86_64-suse-linux
 /usr/include/c++/4.8/backward
 /usr/lib64/gcc/x86_64-suse-linux/4.8/include
 /usr/local/include
 /usr/lib64/gcc/x86_64-suse-linux/4.8/include-fixed
 /usr/lib64/gcc/x86_64-suse-linux/4.8/../../../../x86_64-suse-linux/include
 /usr/include
End of search list.
GNU C++ (SUSE Linux) version 4.8.5 (x86_64-suse-linux)
	compiled by GNU C version 4.8.5, GMP version 5.1.3, MPFR version 3.1.2, MPC version 1.0.2
GGC heuristics: --param ggc-min-expand=100 --param ggc-min-heapsize=131072
Compiler executable checksum: 062cb696e45f8190fb31c47b4cc31de6
COLLECT_GCC_OPTIONS='-v' '-o' 'CMakeFiles/cmTC_563dd.dir/CMakeCXXCompilerABI.cpp.o' '-c' '-shared-libgcc' '-mtune=generic' '-march=x86-64'
 /usr/lib64/gcc/x86_64-suse-linux/4.8/../../../../x86_64-suse-linux/bin/as -v --64 -o CMakeFiles/cmTC_563dd.dir/CMakeCXXCompilerABI.cpp.o /tmp/arc_368577095/cc2kO5ba.s
GNU assembler version 2.32.0 (x86_64-suse-linux) using BFD version (GNU Binutils; SUSE Linux Enterprise 12) 2.32.0.20190909-9.36
COMPILER_PATH=/usr/lib64/gcc/x86_64-suse-linux/4.8/:/usr/lib64/gcc/x86_64-suse-linux/4.8/:/usr/lib64/gcc/x86_64-suse-linux/:/usr/lib64/gcc/x86_64-suse-linux/4.8/:/usr/lib64/gcc/x86_64-suse-linux/:/usr/lib64/gcc/x86_64-suse-linux/4.8/../../../../x86_64-suse-linux/bin/
LIBRARY_PATH=/usr/lib64/gcc/x86_64-suse-linux/4.8/:/usr/lib64/gcc/x86_64-suse-linux/4.8/../../../../lib64/:/lib/../lib64/:/usr/lib/../lib64/:/p/psg/swip/hld/r/sycl/rel/20211028/linux64/lib/:/p/psg/swip/hld/r/sycl/rel/20211019/linux64/lib/:/p/psg/swip/hld/r/sycl/trunk/20211011/linux64/lib/:/usr/lib64/gcc/x86_64-suse-linux/4.8/../../../../x86_64-suse-linux/lib/:/usr/lib64/gcc/x86_64-suse-linux/4.8/../../../:/lib/:/usr/lib/
COLLECT_GCC_OPTIONS='-v' '-o' 'CMakeFiles/cmTC_563dd.dir/CMakeCXXCompilerABI.cpp.o' '-c' '-shared-libgcc' '-mtune=generic' '-march=x86-64'
Linking CXX executable cmTC_563dd
/nfs/site/disks/psg_ctools_1/cmake/3.18.0/linux64/suse/bin/cmake -E cmake_link_script CMakeFiles/cmTC_563dd.dir/link.txt --verbose=1
/usr/bin/c++  -v -rdynamic CMakeFiles/cmTC_563dd.dir/CMakeCXXCompilerABI.cpp.o -o cmTC_563dd 
Using built-in specs.
COLLECT_GCC=/usr/bin/c++
COLLECT_LTO_WRAPPER=/usr/lib64/gcc/x86_64-suse-linux/4.8/lto-wrapper
Target: x86_64-suse-linux
Configured with: ../configure --prefix=/usr --infodir=/usr/share/info --mandir=/usr/share/man --libdir=/usr/lib64 --libexecdir=/usr/lib64 --enable-languages=c,c++,objc,fortran,obj-c++,java,ada --enable-checking=release --with-gxx-include-dir=/usr/include/c++/4.8 --enable-ssp --disable-libssp --disable-plugin --with-bugurl=https://bugs.opensuse.org/ --with-pkgversion='SUSE Linux' --disable-libgcj --disable-libmudflap --with-slibdir=/lib64 --with-system-zlib --enable-__cxa_atexit --enable-libstdcxx-allocator=new --disable-libstdcxx-pch --enable-version-specific-runtime-libs --enable-linker-build-id --enable-linux-futex --program-suffix=-4.8 --without-system-libunwind --with-arch-32=i586 --with-tune=generic --build=x86_64-suse-linux --host=x86_64-suse-linux
Thread model: posix
gcc version 4.8.5 (SUSE Linux) 
COMPILER_PATH=/usr/lib64/gcc/x86_64-suse-linux/4.8/:/usr/lib64/gcc/x86_64-suse-linux/4.8/:/usr/lib64/gcc/x86_64-suse-linux/:/usr/lib64/gcc/x86_64-suse-linux/4.8/:/usr/lib64/gcc/x86_64-suse-linux/:/usr/lib64/gcc/x86_64-suse-linux/4.8/../../../../x86_64-suse-linux/bin/
LIBRARY_PATH=/usr/lib64/gcc/x86_64-suse-linux/4.8/:/usr/lib64/gcc/x86_64-suse-linux/4.8/../../../../lib64/:/lib/../lib64/:/usr/lib/../lib64/:/p/psg/swip/hld/r/sycl/rel/20211028/linux64/lib/:/p/psg/swip/hld/r/sycl/rel/20211019/linux64/lib/:/p/psg/swip/hld/r/sycl/trunk/20211011/linux64/lib/:/usr/lib64/gcc/x86_64-suse-linux/4.8/../../../../x86_64-suse-linux/lib/:/usr/lib64/gcc/x86_64-suse-linux/4.8/../../../:/lib/:/usr/lib/
COLLECT_GCC_OPTIONS='-v' '-rdynamic' '-o' 'cmTC_563dd' '-shared-libgcc' '-mtune=generic' '-march=x86-64'
 /usr/lib64/gcc/x86_64-suse-linux/4.8/collect2 --build-id --eh-frame-hdr -m elf_x86_64 -export-dynamic -dynamic-linker /lib64/ld-linux-x86-64.so.2 -o cmTC_563dd /usr/lib64/gcc/x86_64-suse-linux/4.8/../../../../lib64/crt1.o /usr/lib64/gcc/x86_64-suse-linux/4.8/../../../../lib64/crti.o /usr/lib64/gcc/x86_64-suse-linux/4.8/crtbegin.o -L/usr/lib64/gcc/x86_64-suse-linux/4.8 -L/usr/lib64/gcc/x86_64-suse-linux/4.8/../../../../lib64 -L/lib/../lib64 -L/usr/lib/../lib64 -L/p/psg/swip/hld/r/sycl/rel/20211028/linux64/lib -L/p/psg/swip/hld/r/sycl/rel/20211019/linux64/lib -L/p/psg/swip/hld/r/sycl/trunk/20211011/linux64/lib -L/usr/lib64/gcc/x86_64-suse-linux/4.8/../../../../x86_64-suse-linux/lib -L/usr/lib64/gcc/x86_64-suse-linux/4.8/../../.. CMakeFiles/cmTC_563dd.dir/CMakeCXXCompilerABI.cpp.o -lstdc++ -lm -lgcc_s -lgcc -lc -lgcc_s -lgcc /usr/lib64/gcc/x86_64-suse-linux/4.8/crtend.o /usr/lib64/gcc/x86_64-suse-linux/4.8/../../../../lib64/crtn.o
gmake[1]: Leaving directory '/nfs/sc/disks/swuser_work_kannanaj/qshells/oneAPI-samples/DirectProgramming/DPC++FPGA/Tutorials/Tools/use_library/src/temp/CMakeFiles/CMakeTmp'



Parsed CXX implicit include dir info from above output: rv=done
  found start of include info
  found start of implicit include info
    add: [/p/psg/swip/hld/r/sycl/rel/20211028/linux64/include]
    add: [/p/psg/swip/hld/oneapi_code_samples/fake_oneapi_root/dev-utilities/latest/include]
    add: [/p/psg/swip/hld/r/sycl/rel/20211019/linux64/include]
    add: [/p/psg/swip/hld/r/sycl/trunk/20211011/linux64/include]
    add: [/usr/include/c++/4.8]
    add: [/usr/include/c++/4.8/x86_64-suse-linux]
    add: [/usr/include/c++/4.8/backward]
    add: [/usr/lib64/gcc/x86_64-suse-linux/4.8/include]
    add: [/usr/local/include]
    add: [/usr/lib64/gcc/x86_64-suse-linux/4.8/include-fixed]
    add: [/usr/lib64/gcc/x86_64-suse-linux/4.8/../../../../x86_64-suse-linux/include]
    add: [/usr/include]
  end of search list found
  collapse include dir [/p/psg/swip/hld/r/sycl/rel/20211028/linux64/include] ==> [/p/psg/swip/hld/r/sycl/rel/20211028/linux64/include]
  collapse include dir [/p/psg/swip/hld/oneapi_code_samples/fake_oneapi_root/dev-utilities/latest/include] ==> [/p/psg/swip/hld/oneapi_code_samples/fake_oneapi_root/dev-utilities/latest/include]
  collapse include dir [/p/psg/swip/hld/r/sycl/rel/20211019/linux64/include] ==> [/p/psg/swip/hld/r/sycl/rel/20211019/linux64/include]
  collapse include dir [/p/psg/swip/hld/r/sycl/trunk/20211011/linux64/include] ==> [/p/psg/swip/hld/r/sycl/trunk/20211011/linux64/include]
  collapse include dir [/usr/include/c++/4.8] ==> [/usr/include/c++/4.8]
  collapse include dir [/usr/include/c++/4.8/x86_64-suse-linux] ==> [/usr/include/c++/4.8/x86_64-suse-linux]
  collapse include dir [/usr/include/c++/4.8/backward] ==> [/usr/include/c++/4.8/backward]
  collapse include dir [/usr/lib64/gcc/x86_64-suse-linux/4.8/include] ==> [/usr/lib64/gcc/x86_64-suse-linux/4.8/include]
  collapse include dir [/usr/local/include] ==> [/usr/local/include]
  collapse include dir [/usr/lib64/gcc/x86_64-suse-linux/4.8/include-fixed] ==> [/usr/lib64/gcc/x86_64-suse-linux/4.8/include-fixed]
  collapse include dir [/usr/lib64/gcc/x86_64-suse-linux/4.8/../../../../x86_64-suse-linux/include] ==> [/usr/x86_64-suse-linux/include]
  collapse include dir [/usr/include] ==> [/usr/include]
  implicit include dirs: [/p/psg/swip/hld/r/sycl/rel/20211028/linux64/include;/p/psg/swip/hld/oneapi_code_samples/fake_oneapi_root/dev-utilities/latest/include;/p/psg/swip/hld/r/sycl/rel/20211019/linux64/include;/p/psg/swip/hld/r/sycl/trunk/20211011/linux64/include;/usr/include/c++/4.8;/usr/include/c++/4.8/x86_64-suse-linux;/usr/include/c++/4.8/backward;/usr/lib64/gcc/x86_64-suse-linux/4.8/include;/usr/local/include;/usr/lib64/gcc/x86_64-suse-linux/4.8/include-fixed;/usr/x86_64-suse-linux/include;/usr/include]


Parsed CXX implicit link information from above output:
  link line regex: [^( *|.*[/\])(ld|CMAKE_LINK_STARTFILE-NOTFOUND|([^/\]+-)?ld|collect2)[^/\]*( |$)]
  ignore line: [Change Dir: /nfs/sc/disks/swuser_work_kannanaj/qshells/oneAPI-samples/DirectProgramming/DPC++FPGA/Tutorials/Tools/use_library/src/temp/CMakeFiles/CMakeTmp]
  ignore line: []
  ignore line: [Run Build Command(s):/usr/intel/bin/gmake cmTC_563dd/fast && /usr/intel/bin/gmake  -f CMakeFiles/cmTC_563dd.dir/build.make CMakeFiles/cmTC_563dd.dir/build]
  ignore line: [gmake[1]: Entering directory '/nfs/sc/disks/swuser_work_kannanaj/qshells/oneAPI-samples/DirectProgramming/DPC++FPGA/Tutorials/Tools/use_library/src/temp/CMakeFiles/CMakeTmp']
  ignore line: [Building CXX object CMakeFiles/cmTC_563dd.dir/CMakeCXXCompilerABI.cpp.o]
  ignore line: [/usr/bin/c++   -v -o CMakeFiles/cmTC_563dd.dir/CMakeCXXCompilerABI.cpp.o -c /nfs/site/disks/psg_ctools_1/cmake/3.18.0/linux64/suse/share/cmake-3.18/Modules/CMakeCXXCompilerABI.cpp]
  ignore line: [Using built-in specs.]
  ignore line: [COLLECT_GCC=/usr/bin/c++]
  ignore line: [Target: x86_64-suse-linux]
  ignore line: [Configured with: ../configure --prefix=/usr --infodir=/usr/share/info --mandir=/usr/share/man --libdir=/usr/lib64 --libexecdir=/usr/lib64 --enable-languages=c c++ objc fortran obj-c++ java ada --enable-checking=release --with-gxx-include-dir=/usr/include/c++/4.8 --enable-ssp --disable-libssp --disable-plugin --with-bugurl=https://bugs.opensuse.org/ --with-pkgversion='SUSE Linux' --disable-libgcj --disable-libmudflap --with-slibdir=/lib64 --with-system-zlib --enable-__cxa_atexit --enable-libstdcxx-allocator=new --disable-libstdcxx-pch --enable-version-specific-runtime-libs --enable-linker-build-id --enable-linux-futex --program-suffix=-4.8 --without-system-libunwind --with-arch-32=i586 --with-tune=generic --build=x86_64-suse-linux --host=x86_64-suse-linux]
  ignore line: [Thread model: posix]
  ignore line: [gcc version 4.8.5 (SUSE Linux) ]
  ignore line: [COLLECT_GCC_OPTIONS='-v' '-o' 'CMakeFiles/cmTC_563dd.dir/CMakeCXXCompilerABI.cpp.o' '-c' '-shared-libgcc' '-mtune=generic' '-march=x86-64']
  ignore line: [ /usr/lib64/gcc/x86_64-suse-linux/4.8/cc1plus -quiet -v -D_GNU_SOURCE /nfs/site/disks/psg_ctools_1/cmake/3.18.0/linux64/suse/share/cmake-3.18/Modules/CMakeCXXCompilerABI.cpp -quiet -dumpbase CMakeCXXCompilerABI.cpp -mtune=generic -march=x86-64 -auxbase-strip CMakeFiles/cmTC_563dd.dir/CMakeCXXCompilerABI.cpp.o -version -o /tmp/arc_368577095/cc2kO5ba.s]
  ignore line: [GNU C++ (SUSE Linux) version 4.8.5 (x86_64-suse-linux)]
  ignore line: [	compiled by GNU C version 4.8.5  GMP version 5.1.3  MPFR version 3.1.2  MPC version 1.0.2]
  ignore line: [GGC heuristics: --param ggc-min-expand=100 --param ggc-min-heapsize=131072]
  ignore line: [#include "..." search starts here:]
  ignore line: [#include <...> search starts here:]
  ignore line: [ /p/psg/swip/hld/r/sycl/rel/20211028/linux64/include]
  ignore line: [ /p/psg/swip/hld/oneapi_code_samples/fake_oneapi_root/dev-utilities/latest/include]
  ignore line: [ /p/psg/swip/hld/r/sycl/rel/20211019/linux64/include]
  ignore line: [ /p/psg/swip/hld/r/sycl/trunk/20211011/linux64/include]
  ignore line: [ /usr/include/c++/4.8]
  ignore line: [ /usr/include/c++/4.8/x86_64-suse-linux]
  ignore line: [ /usr/include/c++/4.8/backward]
  ignore line: [ /usr/lib64/gcc/x86_64-suse-linux/4.8/include]
  ignore line: [ /usr/local/include]
  ignore line: [ /usr/lib64/gcc/x86_64-suse-linux/4.8/include-fixed]
  ignore line: [ /usr/lib64/gcc/x86_64-suse-linux/4.8/../../../../x86_64-suse-linux/include]
  ignore line: [ /usr/include]
  ignore line: [End of search list.]
  ignore line: [GNU C++ (SUSE Linux) version 4.8.5 (x86_64-suse-linux)]
  ignore line: [	compiled by GNU C version 4.8.5  GMP version 5.1.3  MPFR version 3.1.2  MPC version 1.0.2]
  ignore line: [GGC heuristics: --param ggc-min-expand=100 --param ggc-min-heapsize=131072]
  ignore line: [Compiler executable checksum: 062cb696e45f8190fb31c47b4cc31de6]
  ignore line: [COLLECT_GCC_OPTIONS='-v' '-o' 'CMakeFiles/cmTC_563dd.dir/CMakeCXXCompilerABI.cpp.o' '-c' '-shared-libgcc' '-mtune=generic' '-march=x86-64']
  ignore line: [ /usr/lib64/gcc/x86_64-suse-linux/4.8/../../../../x86_64-suse-linux/bin/as -v --64 -o CMakeFiles/cmTC_563dd.dir/CMakeCXXCompilerABI.cpp.o /tmp/arc_368577095/cc2kO5ba.s]
  ignore line: [GNU assembler version 2.32.0 (x86_64-suse-linux) using BFD version (GNU Binutils]
  ignore line: [ SUSE Linux Enterprise 12) 2.32.0.20190909-9.36]
  ignore line: [COMPILER_PATH=/usr/lib64/gcc/x86_64-suse-linux/4.8/:/usr/lib64/gcc/x86_64-suse-linux/4.8/:/usr/lib64/gcc/x86_64-suse-linux/:/usr/lib64/gcc/x86_64-suse-linux/4.8/:/usr/lib64/gcc/x86_64-suse-linux/:/usr/lib64/gcc/x86_64-suse-linux/4.8/../../../../x86_64-suse-linux/bin/]
  ignore line: [LIBRARY_PATH=/usr/lib64/gcc/x86_64-suse-linux/4.8/:/usr/lib64/gcc/x86_64-suse-linux/4.8/../../../../lib64/:/lib/../lib64/:/usr/lib/../lib64/:/p/psg/swip/hld/r/sycl/rel/20211028/linux64/lib/:/p/psg/swip/hld/r/sycl/rel/20211019/linux64/lib/:/p/psg/swip/hld/r/sycl/trunk/20211011/linux64/lib/:/usr/lib64/gcc/x86_64-suse-linux/4.8/../../../../x86_64-suse-linux/lib/:/usr/lib64/gcc/x86_64-suse-linux/4.8/../../../:/lib/:/usr/lib/]
  ignore line: [COLLECT_GCC_OPTIONS='-v' '-o' 'CMakeFiles/cmTC_563dd.dir/CMakeCXXCompilerABI.cpp.o' '-c' '-shared-libgcc' '-mtune=generic' '-march=x86-64']
  ignore line: [Linking CXX executable cmTC_563dd]
  ignore line: [/nfs/site/disks/psg_ctools_1/cmake/3.18.0/linux64/suse/bin/cmake -E cmake_link_script CMakeFiles/cmTC_563dd.dir/link.txt --verbose=1]
  ignore line: [/usr/bin/c++  -v -rdynamic CMakeFiles/cmTC_563dd.dir/CMakeCXXCompilerABI.cpp.o -o cmTC_563dd ]
  ignore line: [Using built-in specs.]
  ignore line: [COLLECT_GCC=/usr/bin/c++]
  ignore line: [COLLECT_LTO_WRAPPER=/usr/lib64/gcc/x86_64-suse-linux/4.8/lto-wrapper]
  ignore line: [Target: x86_64-suse-linux]
  ignore line: [Configured with: ../configure --prefix=/usr --infodir=/usr/share/info --mandir=/usr/share/man --libdir=/usr/lib64 --libexecdir=/usr/lib64 --enable-languages=c c++ objc fortran obj-c++ java ada --enable-checking=release --with-gxx-include-dir=/usr/include/c++/4.8 --enable-ssp --disable-libssp --disable-plugin --with-bugurl=https://bugs.opensuse.org/ --with-pkgversion='SUSE Linux' --disable-libgcj --disable-libmudflap --with-slibdir=/lib64 --with-system-zlib --enable-__cxa_atexit --enable-libstdcxx-allocator=new --disable-libstdcxx-pch --enable-version-specific-runtime-libs --enable-linker-build-id --enable-linux-futex --program-suffix=-4.8 --without-system-libunwind --with-arch-32=i586 --with-tune=generic --build=x86_64-suse-linux --host=x86_64-suse-linux]
  ignore line: [Thread model: posix]
  ignore line: [gcc version 4.8.5 (SUSE Linux) ]
  ignore line: [COMPILER_PATH=/usr/lib64/gcc/x86_64-suse-linux/4.8/:/usr/lib64/gcc/x86_64-suse-linux/4.8/:/usr/lib64/gcc/x86_64-suse-linux/:/usr/lib64/gcc/x86_64-suse-linux/4.8/:/usr/lib64/gcc/x86_64-suse-linux/:/usr/lib64/gcc/x86_64-suse-linux/4.8/../../../../x86_64-suse-linux/bin/]
  ignore line: [LIBRARY_PATH=/usr/lib64/gcc/x86_64-suse-linux/4.8/:/usr/lib64/gcc/x86_64-suse-linux/4.8/../../../../lib64/:/lib/../lib64/:/usr/lib/../lib64/:/p/psg/swip/hld/r/sycl/rel/20211028/linux64/lib/:/p/psg/swip/hld/r/sycl/rel/20211019/linux64/lib/:/p/psg/swip/hld/r/sycl/trunk/20211011/linux64/lib/:/usr/lib64/gcc/x86_64-suse-linux/4.8/../../../../x86_64-suse-linux/lib/:/usr/lib64/gcc/x86_64-suse-linux/4.8/../../../:/lib/:/usr/lib/]
  ignore line: [COLLECT_GCC_OPTIONS='-v' '-rdynamic' '-o' 'cmTC_563dd' '-shared-libgcc' '-mtune=generic' '-march=x86-64']
  link line: [ /usr/lib64/gcc/x86_64-suse-linux/4.8/collect2 --build-id --eh-frame-hdr -m elf_x86_64 -export-dynamic -dynamic-linker /lib64/ld-linux-x86-64.so.2 -o cmTC_563dd /usr/lib64/gcc/x86_64-suse-linux/4.8/../../../../lib64/crt1.o /usr/lib64/gcc/x86_64-suse-linux/4.8/../../../../lib64/crti.o /usr/lib64/gcc/x86_64-suse-linux/4.8/crtbegin.o -L/usr/lib64/gcc/x86_64-suse-linux/4.8 -L/usr/lib64/gcc/x86_64-suse-linux/4.8/../../../../lib64 -L/lib/../lib64 -L/usr/lib/../lib64 -L/p/psg/swip/hld/r/sycl/rel/20211028/linux64/lib -L/p/psg/swip/hld/r/sycl/rel/20211019/linux64/lib -L/p/psg/swip/hld/r/sycl/trunk/20211011/linux64/lib -L/usr/lib64/gcc/x86_64-suse-linux/4.8/../../../../x86_64-suse-linux/lib -L/usr/lib64/gcc/x86_64-suse-linux/4.8/../../.. CMakeFiles/cmTC_563dd.dir/CMakeCXXCompilerABI.cpp.o -lstdc++ -lm -lgcc_s -lgcc -lc -lgcc_s -lgcc /usr/lib64/gcc/x86_64-suse-linux/4.8/crtend.o /usr/lib64/gcc/x86_64-suse-linux/4.8/../../../../lib64/crtn.o]
    arg [/usr/lib64/gcc/x86_64-suse-linux/4.8/collect2] ==> ignore
    arg [--build-id] ==> ignore
    arg [--eh-frame-hdr] ==> ignore
    arg [-m] ==> ignore
    arg [elf_x86_64] ==> ignore
    arg [-export-dynamic] ==> ignore
    arg [-dynamic-linker] ==> ignore
    arg [/lib64/ld-linux-x86-64.so.2] ==> ignore
    arg [-o] ==> ignore
    arg [cmTC_563dd] ==> ignore
    arg [/usr/lib64/gcc/x86_64-suse-linux/4.8/../../../../lib64/crt1.o] ==> ignore
    arg [/usr/lib64/gcc/x86_64-suse-linux/4.8/../../../../lib64/crti.o] ==> ignore
    arg [/usr/lib64/gcc/x86_64-suse-linux/4.8/crtbegin.o] ==> ignore
    arg [-L/usr/lib64/gcc/x86_64-suse-linux/4.8] ==> dir [/usr/lib64/gcc/x86_64-suse-linux/4.8]
    arg [-L/usr/lib64/gcc/x86_64-suse-linux/4.8/../../../../lib64] ==> dir [/usr/lib64/gcc/x86_64-suse-linux/4.8/../../../../lib64]
    arg [-L/lib/../lib64] ==> dir [/lib/../lib64]
    arg [-L/usr/lib/../lib64] ==> dir [/usr/lib/../lib64]
    arg [-L/p/psg/swip/hld/r/sycl/rel/20211028/linux64/lib] ==> dir [/p/psg/swip/hld/r/sycl/rel/20211028/linux64/lib]
    arg [-L/p/psg/swip/hld/r/sycl/rel/20211019/linux64/lib] ==> dir [/p/psg/swip/hld/r/sycl/rel/20211019/linux64/lib]
    arg [-L/p/psg/swip/hld/r/sycl/trunk/20211011/linux64/lib] ==> dir [/p/psg/swip/hld/r/sycl/trunk/20211011/linux64/lib]
    arg [-L/usr/lib64/gcc/x86_64-suse-linux/4.8/../../../../x86_64-suse-linux/lib] ==> dir [/usr/lib64/gcc/x86_64-suse-linux/4.8/../../../../x86_64-suse-linux/lib]
    arg [-L/usr/lib64/gcc/x86_64-suse-linux/4.8/../../..] ==> dir [/usr/lib64/gcc/x86_64-suse-linux/4.8/../../..]
    arg [CMakeFiles/cmTC_563dd.dir/CMakeCXXCompilerABI.cpp.o] ==> ignore
    arg [-lstdc++] ==> lib [stdc++]
    arg [-lm] ==> lib [m]
    arg [-lgcc_s] ==> lib [gcc_s]
    arg [-lgcc] ==> lib [gcc]
    arg [-lc] ==> lib [c]
    arg [-lgcc_s] ==> lib [gcc_s]
    arg [-lgcc] ==> lib [gcc]
    arg [/usr/lib64/gcc/x86_64-suse-linux/4.8/crtend.o] ==> ignore
    arg [/usr/lib64/gcc/x86_64-suse-linux/4.8/../../../../lib64/crtn.o] ==> ignore
  collapse library dir [/usr/lib64/gcc/x86_64-suse-linux/4.8] ==> [/usr/lib64/gcc/x86_64-suse-linux/4.8]
  collapse library dir [/usr/lib64/gcc/x86_64-suse-linux/4.8/../../../../lib64] ==> [/usr/lib64]
  collapse library dir [/lib/../lib64] ==> [/lib64]
  collapse library dir [/usr/lib/../lib64] ==> [/usr/lib64]
  collapse library dir [/p/psg/swip/hld/r/sycl/rel/20211028/linux64/lib] ==> [/p/psg/swip/hld/r/sycl/rel/20211028/linux64/lib]
  collapse library dir [/p/psg/swip/hld/r/sycl/rel/20211019/linux64/lib] ==> [/p/psg/swip/hld/r/sycl/rel/20211019/linux64/lib]
  collapse library dir [/p/psg/swip/hld/r/sycl/trunk/20211011/linux64/lib] ==> [/p/psg/swip/hld/r/sycl/trunk/20211011/linux64/lib]
  collapse library dir [/usr/lib64/gcc/x86_64-suse-linux/4.8/../../../../x86_64-suse-linux/lib] ==> [/usr/x86_64-suse-linux/lib]
  collapse library dir [/usr/lib64/gcc/x86_64-suse-linux/4.8/../../..] ==> [/usr/lib64]
  implicit libs: [stdc++;m;gcc_s;gcc;c;gcc_s;gcc]
  implicit dirs: [/usr/lib64/gcc/x86_64-suse-linux/4.8;/usr/lib64;/lib64;/p/psg/swip/hld/r/sycl/rel/20211028/linux64/lib;/p/psg/swip/hld/r/sycl/rel/20211019/linux64/lib;/p/psg/swip/hld/r/sycl/trunk/20211011/linux64/lib;/usr/x86_64-suse-linux/lib]
  implicit fwks: []




Detecting CXX [-std=c++1y] compiler features compiled with the following output:
Change Dir: /nfs/sc/disks/swuser_work_kannanaj/qshells/oneAPI-samples/DirectProgramming/DPC++FPGA/Tutorials/Tools/use_library/src/temp/CMakeFiles/CMakeTmp

Run Build Command(s):/usr/intel/bin/gmake cmTC_f0798/fast && /usr/intel/bin/gmake  -f CMakeFiles/cmTC_f0798.dir/build.make CMakeFiles/cmTC_f0798.dir/build
gmake[1]: Entering directory '/nfs/sc/disks/swuser_work_kannanaj/qshells/oneAPI-samples/DirectProgramming/DPC++FPGA/Tutorials/Tools/use_library/src/temp/CMakeFiles/CMakeTmp'
Building CXX object CMakeFiles/cmTC_f0798.dir/feature_tests.cxx.o
/usr/bin/c++   -std=c++1y -o CMakeFiles/cmTC_f0798.dir/feature_tests.cxx.o -c /nfs/sc/disks/swuser_work_kannanaj/qshells/oneAPI-samples/DirectProgramming/DPC++FPGA/Tutorials/Tools/use_library/src/temp/CMakeFiles/feature_tests.cxx
Linking CXX executable cmTC_f0798
/nfs/site/disks/psg_ctools_1/cmake/3.18.0/linux64/suse/bin/cmake -E cmake_link_script CMakeFiles/cmTC_f0798.dir/link.txt --verbose=1
/usr/bin/c++ -rdynamic CMakeFiles/cmTC_f0798.dir/feature_tests.cxx.o -o cmTC_f0798 
gmake[1]: Leaving directory '/nfs/sc/disks/swuser_work_kannanaj/qshells/oneAPI-samples/DirectProgramming/DPC++FPGA/Tutorials/Tools/use_library/src/temp/CMakeFiles/CMakeTmp'



    Feature record: CXX_FEATURE:1cxx_template_template_parameters
    Feature record: CXX_FEATURE:1cxx_alias_templates
    Feature record: CXX_FEATURE:1cxx_alignas
    Feature record: CXX_FEATURE:1cxx_alignof
    Feature record: CXX_FEATURE:1cxx_attributes
    Feature record: CXX_FEATURE:1cxx_auto_type
    Feature record: CXX_FEATURE:1cxx_constexpr
    Feature record: CXX_FEATURE:1cxx_decltype
    Feature record: CXX_FEATURE:1cxx_decltype_incomplete_return_types
    Feature record: CXX_FEATURE:1cxx_default_function_template_args
    Feature record: CXX_FEATURE:1cxx_defaulted_functions
    Feature record: CXX_FEATURE:1cxx_defaulted_move_initializers
    Feature record: CXX_FEATURE:1cxx_delegating_constructors
    Feature record: CXX_FEATURE:1cxx_deleted_functions
    Feature record: CXX_FEATURE:1cxx_enum_forward_declarations
    Feature record: CXX_FEATURE:1cxx_explicit_conversions
    Feature record: CXX_FEATURE:1cxx_extended_friend_declarations
    Feature record: CXX_FEATURE:1cxx_extern_templates
    Feature record: CXX_FEATURE:1cxx_final
    Feature record: CXX_FEATURE:1cxx_func_identifier
    Feature record: CXX_FEATURE:1cxx_generalized_initializers
    Feature record: CXX_FEATURE:1cxx_inheriting_constructors
    Feature record: CXX_FEATURE:1cxx_inline_namespaces
    Feature record: CXX_FEATURE:1cxx_lambdas
    Feature record: CXX_FEATURE:1cxx_local_type_template_args
    Feature record: CXX_FEATURE:1cxx_long_long_type
    Feature record: CXX_FEATURE:1cxx_noexcept
    Feature record: CXX_FEATURE:1cxx_nonstatic_member_init
    Feature record: CXX_FEATURE:1cxx_nullptr
    Feature record: CXX_FEATURE:1cxx_override
    Feature record: CXX_FEATURE:1cxx_range_for
    Feature record: CXX_FEATURE:1cxx_raw_string_literals
    Feature record: CXX_FEATURE:1cxx_reference_qualified_functions
    Feature record: CXX_FEATURE:1cxx_right_angle_brackets
    Feature record: CXX_FEATURE:1cxx_rvalue_references
    Feature record: CXX_FEATURE:1cxx_sizeof_member
    Feature record: CXX_FEATURE:1cxx_static_assert
    Feature record: CXX_FEATURE:1cxx_strong_enums
    Feature record: CXX_FEATURE:1cxx_thread_local
    Feature record: CXX_FEATURE:1cxx_trailing_return_types
    Feature record: CXX_FEATURE:1cxx_unicode_literals
    Feature record: CXX_FEATURE:1cxx_uniform_initialization
    Feature record: CXX_FEATURE:1cxx_unrestricted_unions
    Feature record: CXX_FEATURE:1cxx_user_literals
    Feature record: CXX_FEATURE:1cxx_variadic_macros
    Feature record: CXX_FEATURE:1cxx_variadic_templates
    Feature record: CXX_FEATURE:0cxx_aggregate_default_initializers
    Feature record: CXX_FEATURE:0cxx_attribute_deprecated
    Feature record: CXX_FEATURE:0cxx_binary_literals
    Feature record: CXX_FEATURE:0cxx_contextual_conversions
    Feature record: CXX_FEATURE:0cxx_decltype_auto
    Feature record: CXX_FEATURE:0cxx_digit_separators
    Feature record: CXX_FEATURE:0cxx_generic_lambdas
    Feature record: CXX_FEATURE:0cxx_lambda_init_captures
    Feature record: CXX_FEATURE:0cxx_relaxed_constexpr
    Feature record: CXX_FEATURE:0cxx_return_type_deduction
    Feature record: CXX_FEATURE:0cxx_variable_templates
The system is: Linux - 4.12.14-122.37-default - x86_64
Compiling the C compiler identification source file "CMakeCCompilerId.c" succeeded.
Compiler: /usr/bin/cc 
Build flags: 
Id flags: 

The output was:
0


Compilation of the C compiler identification source "CMakeCCompilerId.c" produced "a.out"

The C compiler identification is GNU, found in "/nfs/sc/disks/swuser_work_kannanaj/qshells/oneAPI-samples/DirectProgramming/DPC++FPGA/Tutorials/Tools/use_library/src/temp/CMakeFiles/3.7.2/CompilerIdC/a.out"

Compiling the CXX compiler identification source file "CMakeCXXCompilerId.cpp" succeeded.
Compiler: /usr/bin/c++ 
Build flags: 
Id flags: 

The output was:
0


Compilation of the CXX compiler identification source "CMakeCXXCompilerId.cpp" produced "a.out"

The CXX compiler identification is GNU, found in "/nfs/sc/disks/swuser_work_kannanaj/qshells/oneAPI-samples/DirectProgramming/DPC++FPGA/Tutorials/Tools/use_library/src/temp/CMakeFiles/3.7.2/CompilerIdCXX/a.out"

Determining if the C compiler works passed with the following output:
Change Dir: /nfs/sc/disks/swuser_work_kannanaj/qshells/oneAPI-samples/DirectProgramming/DPC++FPGA/Tutorials/Tools/use_library/src/temp/CMakeFiles/CMakeTmp

Run Build Command:"/usr/intel/bin/gmake" "cmTC_b57fc/fast"
/usr/intel/bin/gmake -f CMakeFiles/cmTC_b57fc.dir/build.make CMakeFiles/cmTC_b57fc.dir/build
gmake[1]: Entering directory '/nfs/sc/disks/swuser_work_kannanaj/qshells/oneAPI-samples/DirectProgramming/DPC++FPGA/Tutorials/Tools/use_library/src/temp/CMakeFiles/CMakeTmp'
Building C object CMakeFiles/cmTC_b57fc.dir/testCCompiler.c.o
/usr/bin/cc     -o CMakeFiles/cmTC_b57fc.dir/testCCompiler.c.o   -c /nfs/sc/disks/swuser_work_kannanaj/qshells/oneAPI-samples/DirectProgramming/DPC++FPGA/Tutorials/Tools/use_library/src/temp/CMakeFiles/CMakeTmp/testCCompiler.c
Linking C executable cmTC_b57fc
/nfs/site/disks/psg_ctools_1/cmake/3.7.2/linux64/bin/cmake -E cmake_link_script CMakeFiles/cmTC_b57fc.dir/link.txt --verbose=1
/usr/bin/cc       CMakeFiles/cmTC_b57fc.dir/testCCompiler.c.o  -o cmTC_b57fc -rdynamic 
gmake[1]: Leaving directory '/nfs/sc/disks/swuser_work_kannanaj/qshells/oneAPI-samples/DirectProgramming/DPC++FPGA/Tutorials/Tools/use_library/src/temp/CMakeFiles/CMakeTmp'


Detecting C compiler ABI info compiled with the following output:
Change Dir: /nfs/sc/disks/swuser_work_kannanaj/qshells/oneAPI-samples/DirectProgramming/DPC++FPGA/Tutorials/Tools/use_library/src/temp/CMakeFiles/CMakeTmp

Run Build Command:"/usr/intel/bin/gmake" "cmTC_7d816/fast"
/usr/intel/bin/gmake -f CMakeFiles/cmTC_7d816.dir/build.make CMakeFiles/cmTC_7d816.dir/build
gmake[1]: Entering directory '/nfs/sc/disks/swuser_work_kannanaj/qshells/oneAPI-samples/DirectProgramming/DPC++FPGA/Tutorials/Tools/use_library/src/temp/CMakeFiles/CMakeTmp'
Building C object CMakeFiles/cmTC_7d816.dir/CMakeCCompilerABI.c.o
/usr/bin/cc     -o CMakeFiles/cmTC_7d816.dir/CMakeCCompilerABI.c.o   -c /nfs/site/disks/psg_ctools_1/cmake/3.7.2/linux64/share/cmake-3.7/Modules/CMakeCCompilerABI.c
Linking C executable cmTC_7d816
/nfs/site/disks/psg_ctools_1/cmake/3.7.2/linux64/bin/cmake -E cmake_link_script CMakeFiles/cmTC_7d816.dir/link.txt --verbose=1
/usr/bin/cc      -v CMakeFiles/cmTC_7d816.dir/CMakeCCompilerABI.c.o  -o cmTC_7d816 -rdynamic  
Using built-in specs.
COLLECT_GCC=/usr/bin/cc
COLLECT_LTO_WRAPPER=/usr/lib64/gcc/x86_64-suse-linux/4.8/lto-wrapper
Target: x86_64-suse-linux
Configured with: ../configure --prefix=/usr --infodir=/usr/share/info --mandir=/usr/share/man --libdir=/usr/lib64 --libexecdir=/usr/lib64 --enable-languages=c,c++,objc,fortran,obj-c++,java,ada --enable-checking=release --with-gxx-include-dir=/usr/include/c++/4.8 --enable-ssp --disable-libssp --disable-plugin --with-bugurl=https://bugs.opensuse.org/ --with-pkgversion='SUSE Linux' --disable-libgcj --disable-libmudflap --with-slibdir=/lib64 --with-system-zlib --enable-__cxa_atexit --enable-libstdcxx-allocator=new --disable-libstdcxx-pch --enable-version-specific-runtime-libs --enable-linker-build-id --enable-linux-futex --program-suffix=-4.8 --without-system-libunwind --with-arch-32=i586 --with-tune=generic --build=x86_64-suse-linux --host=x86_64-suse-linux
Thread model: posix
gcc version 4.8.5 (SUSE Linux) 
COMPILER_PATH=/usr/lib64/gcc/x86_64-suse-linux/4.8/:/usr/lib64/gcc/x86_64-suse-linux/4.8/:/usr/lib64/gcc/x86_64-suse-linux/:/usr/lib64/gcc/x86_64-suse-linux/4.8/:/usr/lib64/gcc/x86_64-suse-linux/:/usr/lib64/gcc/x86_64-suse-linux/4.8/../../../../x86_64-suse-linux/bin/
LIBRARY_PATH=/usr/lib64/gcc/x86_64-suse-linux/4.8/:/usr/lib64/gcc/x86_64-suse-linux/4.8/../../../../lib64/:/lib/../lib64/:/usr/lib/../lib64/:/p/psg/swip/hld/r/sycl/rel/20211028/linux64/lib/:/p/psg/swip/hld/r/sycl/rel/20211019/linux64/lib/:/p/psg/swip/hld/r/sycl/trunk/20211011/linux64/lib/:/usr/lib64/gcc/x86_64-suse-linux/4.8/../../../../x86_64-suse-linux/lib/:/usr/lib64/gcc/x86_64-suse-linux/4.8/../../../:/lib/:/usr/lib/
COLLECT_GCC_OPTIONS='-v' '-o' 'cmTC_7d816' '-rdynamic' '-mtune=generic' '-march=x86-64'
 /usr/lib64/gcc/x86_64-suse-linux/4.8/collect2 --build-id --eh-frame-hdr -m elf_x86_64 -export-dynamic -dynamic-linker /lib64/ld-linux-x86-64.so.2 -o cmTC_7d816 /usr/lib64/gcc/x86_64-suse-linux/4.8/../../../../lib64/crt1.o /usr/lib64/gcc/x86_64-suse-linux/4.8/../../../../lib64/crti.o /usr/lib64/gcc/x86_64-suse-linux/4.8/crtbegin.o -L/usr/lib64/gcc/x86_64-suse-linux/4.8 -L/usr/lib64/gcc/x86_64-suse-linux/4.8/../../../../lib64 -L/lib/../lib64 -L/usr/lib/../lib64 -L/p/psg/swip/hld/r/sycl/rel/20211028/linux64/lib -L/p/psg/swip/hld/r/sycl/rel/20211019/linux64/lib -L/p/psg/swip/hld/r/sycl/trunk/20211011/linux64/lib -L/usr/lib64/gcc/x86_64-suse-linux/4.8/../../../../x86_64-suse-linux/lib -L/usr/lib64/gcc/x86_64-suse-linux/4.8/../../.. CMakeFiles/cmTC_7d816.dir/CMakeCCompilerABI.c.o -lgcc --as-needed -lgcc_s --no-as-needed -lc -lgcc --as-needed -lgcc_s --no-as-needed /usr/lib64/gcc/x86_64-suse-linux/4.8/crtend.o /usr/lib64/gcc/x86_64-suse-linux/4.8/../../../../lib64/crtn.o
gmake[1]: Leaving directory '/nfs/sc/disks/swuser_work_kannanaj/qshells/oneAPI-samples/DirectProgramming/DPC++FPGA/Tutorials/Tools/use_library/src/temp/CMakeFiles/CMakeTmp'


Parsed C implicit link information from above output:
  link line regex: [^( *|.*[/\])(ld|([^/\]+-)?ld|collect2)[^/\]*( |$)]
  ignore line: [Change Dir: /nfs/sc/disks/swuser_work_kannanaj/qshells/oneAPI-samples/DirectProgramming/DPC++FPGA/Tutorials/Tools/use_library/src/temp/CMakeFiles/CMakeTmp]
  ignore line: []
  ignore line: [Run Build Command:"/usr/intel/bin/gmake" "cmTC_7d816/fast"]
  ignore line: [/usr/intel/bin/gmake -f CMakeFiles/cmTC_7d816.dir/build.make CMakeFiles/cmTC_7d816.dir/build]
  ignore line: [gmake[1]: Entering directory '/nfs/sc/disks/swuser_work_kannanaj/qshells/oneAPI-samples/DirectProgramming/DPC++FPGA/Tutorials/Tools/use_library/src/temp/CMakeFiles/CMakeTmp']
  ignore line: [Building C object CMakeFiles/cmTC_7d816.dir/CMakeCCompilerABI.c.o]
  ignore line: [/usr/bin/cc     -o CMakeFiles/cmTC_7d816.dir/CMakeCCompilerABI.c.o   -c /nfs/site/disks/psg_ctools_1/cmake/3.7.2/linux64/share/cmake-3.7/Modules/CMakeCCompilerABI.c]
  ignore line: [Linking C executable cmTC_7d816]
  ignore line: [/nfs/site/disks/psg_ctools_1/cmake/3.7.2/linux64/bin/cmake -E cmake_link_script CMakeFiles/cmTC_7d816.dir/link.txt --verbose=1]
  ignore line: [/usr/bin/cc      -v CMakeFiles/cmTC_7d816.dir/CMakeCCompilerABI.c.o  -o cmTC_7d816 -rdynamic  ]
  ignore line: [Using built-in specs.]
  ignore line: [COLLECT_GCC=/usr/bin/cc]
  ignore line: [COLLECT_LTO_WRAPPER=/usr/lib64/gcc/x86_64-suse-linux/4.8/lto-wrapper]
  ignore line: [Target: x86_64-suse-linux]
  ignore line: [Configured with: ../configure --prefix=/usr --infodir=/usr/share/info --mandir=/usr/share/man --libdir=/usr/lib64 --libexecdir=/usr/lib64 --enable-languages=c,c++,objc,fortran,obj-c++,java,ada --enable-checking=release --with-gxx-include-dir=/usr/include/c++/4.8 --enable-ssp --disable-libssp --disable-plugin --with-bugurl=https://bugs.opensuse.org/ --with-pkgversion='SUSE Linux' --disable-libgcj --disable-libmudflap --with-slibdir=/lib64 --with-system-zlib --enable-__cxa_atexit --enable-libstdcxx-allocator=new --disable-libstdcxx-pch --enable-version-specific-runtime-libs --enable-linker-build-id --enable-linux-futex --program-suffix=-4.8 --without-system-libunwind --with-arch-32=i586 --with-tune=generic --build=x86_64-suse-linux --host=x86_64-suse-linux]
  ignore line: [Thread model: posix]
  ignore line: [gcc version 4.8.5 (SUSE Linux) ]
  ignore line: [COMPILER_PATH=/usr/lib64/gcc/x86_64-suse-linux/4.8/:/usr/lib64/gcc/x86_64-suse-linux/4.8/:/usr/lib64/gcc/x86_64-suse-linux/:/usr/lib64/gcc/x86_64-suse-linux/4.8/:/usr/lib64/gcc/x86_64-suse-linux/:/usr/lib64/gcc/x86_64-suse-linux/4.8/../../../../x86_64-suse-linux/bin/]
  ignore line: [LIBRARY_PATH=/usr/lib64/gcc/x86_64-suse-linux/4.8/:/usr/lib64/gcc/x86_64-suse-linux/4.8/../../../../lib64/:/lib/../lib64/:/usr/lib/../lib64/:/p/psg/swip/hld/r/sycl/rel/20211028/linux64/lib/:/p/psg/swip/hld/r/sycl/rel/20211019/linux64/lib/:/p/psg/swip/hld/r/sycl/trunk/20211011/linux64/lib/:/usr/lib64/gcc/x86_64-suse-linux/4.8/../../../../x86_64-suse-linux/lib/:/usr/lib64/gcc/x86_64-suse-linux/4.8/../../../:/lib/:/usr/lib/]
  ignore line: [COLLECT_GCC_OPTIONS='-v' '-o' 'cmTC_7d816' '-rdynamic' '-mtune=generic' '-march=x86-64']
  link line: [ /usr/lib64/gcc/x86_64-suse-linux/4.8/collect2 --build-id --eh-frame-hdr -m elf_x86_64 -export-dynamic -dynamic-linker /lib64/ld-linux-x86-64.so.2 -o cmTC_7d816 /usr/lib64/gcc/x86_64-suse-linux/4.8/../../../../lib64/crt1.o /usr/lib64/gcc/x86_64-suse-linux/4.8/../../../../lib64/crti.o /usr/lib64/gcc/x86_64-suse-linux/4.8/crtbegin.o -L/usr/lib64/gcc/x86_64-suse-linux/4.8 -L/usr/lib64/gcc/x86_64-suse-linux/4.8/../../../../lib64 -L/lib/../lib64 -L/usr/lib/../lib64 -L/p/psg/swip/hld/r/sycl/rel/20211028/linux64/lib -L/p/psg/swip/hld/r/sycl/rel/20211019/linux64/lib -L/p/psg/swip/hld/r/sycl/trunk/20211011/linux64/lib -L/usr/lib64/gcc/x86_64-suse-linux/4.8/../../../../x86_64-suse-linux/lib -L/usr/lib64/gcc/x86_64-suse-linux/4.8/../../.. CMakeFiles/cmTC_7d816.dir/CMakeCCompilerABI.c.o -lgcc --as-needed -lgcc_s --no-as-needed -lc -lgcc --as-needed -lgcc_s --no-as-needed /usr/lib64/gcc/x86_64-suse-linux/4.8/crtend.o /usr/lib64/gcc/x86_64-suse-linux/4.8/../../../../lib64/crtn.o]
    arg [/usr/lib64/gcc/x86_64-suse-linux/4.8/collect2] ==> ignore
    arg [--build-id] ==> ignore
    arg [--eh-frame-hdr] ==> ignore
    arg [-m] ==> ignore
    arg [elf_x86_64] ==> ignore
    arg [-export-dynamic] ==> ignore
    arg [-dynamic-linker] ==> ignore
    arg [/lib64/ld-linux-x86-64.so.2] ==> ignore
    arg [-o] ==> ignore
    arg [cmTC_7d816] ==> ignore
    arg [/usr/lib64/gcc/x86_64-suse-linux/4.8/../../../../lib64/crt1.o] ==> ignore
    arg [/usr/lib64/gcc/x86_64-suse-linux/4.8/../../../../lib64/crti.o] ==> ignore
    arg [/usr/lib64/gcc/x86_64-suse-linux/4.8/crtbegin.o] ==> ignore
    arg [-L/usr/lib64/gcc/x86_64-suse-linux/4.8] ==> dir [/usr/lib64/gcc/x86_64-suse-linux/4.8]
    arg [-L/usr/lib64/gcc/x86_64-suse-linux/4.8/../../../../lib64] ==> dir [/usr/lib64/gcc/x86_64-suse-linux/4.8/../../../../lib64]
    arg [-L/lib/../lib64] ==> dir [/lib/../lib64]
    arg [-L/usr/lib/../lib64] ==> dir [/usr/lib/../lib64]
    arg [-L/p/psg/swip/hld/r/sycl/rel/20211028/linux64/lib] ==> dir [/p/psg/swip/hld/r/sycl/rel/20211028/linux64/lib]
    arg [-L/p/psg/swip/hld/r/sycl/rel/20211019/linux64/lib] ==> dir [/p/psg/swip/hld/r/sycl/rel/20211019/linux64/lib]
    arg [-L/p/psg/swip/hld/r/sycl/trunk/20211011/linux64/lib] ==> dir [/p/psg/swip/hld/r/sycl/trunk/20211011/linux64/lib]
    arg [-L/usr/lib64/gcc/x86_64-suse-linux/4.8/../../../../x86_64-suse-linux/lib] ==> dir [/usr/lib64/gcc/x86_64-suse-linux/4.8/../../../../x86_64-suse-linux/lib]
    arg [-L/usr/lib64/gcc/x86_64-suse-linux/4.8/../../..] ==> dir [/usr/lib64/gcc/x86_64-suse-linux/4.8/../../..]
    arg [CMakeFiles/cmTC_7d816.dir/CMakeCCompilerABI.c.o] ==> ignore
    arg [-lgcc] ==> lib [gcc]
    arg [--as-needed] ==> ignore
    arg [-lgcc_s] ==> lib [gcc_s]
    arg [--no-as-needed] ==> ignore
    arg [-lc] ==> lib [c]
    arg [-lgcc] ==> lib [gcc]
    arg [--as-needed] ==> ignore
    arg [-lgcc_s] ==> lib [gcc_s]
    arg [--no-as-needed] ==> ignore
    arg [/usr/lib64/gcc/x86_64-suse-linux/4.8/crtend.o] ==> ignore
    arg [/usr/lib64/gcc/x86_64-suse-linux/4.8/../../../../lib64/crtn.o] ==> ignore
  remove lib [gcc]
  remove lib [gcc_s]
  remove lib [gcc]
  remove lib [gcc_s]
  collapse library dir [/usr/lib64/gcc/x86_64-suse-linux/4.8] ==> [/usr/lib64/gcc/x86_64-suse-linux/4.8]
  collapse library dir [/usr/lib64/gcc/x86_64-suse-linux/4.8/../../../../lib64] ==> [/usr/lib64]
  collapse library dir [/lib/../lib64] ==> [/lib64]
  collapse library dir [/usr/lib/../lib64] ==> [/usr/lib64]
  collapse library dir [/p/psg/swip/hld/r/sycl/rel/20211028/linux64/lib] ==> [/p/psg/swip/hld/r/sycl/rel/20211028/linux64/lib]
  collapse library dir [/p/psg/swip/hld/r/sycl/rel/20211019/linux64/lib] ==> [/p/psg/swip/hld/r/sycl/rel/20211019/linux64/lib]
  collapse library dir [/p/psg/swip/hld/r/sycl/trunk/20211011/linux64/lib] ==> [/p/psg/swip/hld/r/sycl/trunk/20211011/linux64/lib]
  collapse library dir [/usr/lib64/gcc/x86_64-suse-linux/4.8/../../../../x86_64-suse-linux/lib] ==> [/usr/x86_64-suse-linux/lib]
  collapse library dir [/usr/lib64/gcc/x86_64-suse-linux/4.8/../../..] ==> [/usr/lib64]
  implicit libs: [c]
  implicit dirs: [/usr/lib64/gcc/x86_64-suse-linux/4.8;/usr/lib64;/lib64;/p/psg/swip/hld/r/sycl/rel/20211028/linux64/lib;/p/psg/swip/hld/r/sycl/rel/20211019/linux64/lib;/p/psg/swip/hld/r/sycl/trunk/20211011/linux64/lib;/usr/x86_64-suse-linux/lib]
  implicit fwks: []




Detecting C [-std=c11] compiler features compiled with the following output:
Change Dir: /nfs/sc/disks/swuser_work_kannanaj/qshells/oneAPI-samples/DirectProgramming/DPC++FPGA/Tutorials/Tools/use_library/src/temp/CMakeFiles/CMakeTmp

Run Build Command:"/usr/intel/bin/gmake" "cmTC_00495/fast"
/usr/intel/bin/gmake -f CMakeFiles/cmTC_00495.dir/build.make CMakeFiles/cmTC_00495.dir/build
gmake[1]: Entering directory '/nfs/sc/disks/swuser_work_kannanaj/qshells/oneAPI-samples/DirectProgramming/DPC++FPGA/Tutorials/Tools/use_library/src/temp/CMakeFiles/CMakeTmp'
Building C object CMakeFiles/cmTC_00495.dir/feature_tests.c.o
/usr/bin/cc    -std=c11 -o CMakeFiles/cmTC_00495.dir/feature_tests.c.o   -c /nfs/sc/disks/swuser_work_kannanaj/qshells/oneAPI-samples/DirectProgramming/DPC++FPGA/Tutorials/Tools/use_library/src/temp/CMakeFiles/feature_tests.c
Linking C executable cmTC_00495
/nfs/site/disks/psg_ctools_1/cmake/3.7.2/linux64/bin/cmake -E cmake_link_script CMakeFiles/cmTC_00495.dir/link.txt --verbose=1
/usr/bin/cc       CMakeFiles/cmTC_00495.dir/feature_tests.c.o  -o cmTC_00495 -rdynamic 
gmake[1]: Leaving directory '/nfs/sc/disks/swuser_work_kannanaj/qshells/oneAPI-samples/DirectProgramming/DPC++FPGA/Tutorials/Tools/use_library/src/temp/CMakeFiles/CMakeTmp'


    Feature record: C_FEATURE:1c_function_prototypes
    Feature record: C_FEATURE:1c_restrict
    Feature record: C_FEATURE:1c_static_assert
    Feature record: C_FEATURE:1c_variadic_macros


Detecting C [-std=c99] compiler features compiled with the following output:
Change Dir: /nfs/sc/disks/swuser_work_kannanaj/qshells/oneAPI-samples/DirectProgramming/DPC++FPGA/Tutorials/Tools/use_library/src/temp/CMakeFiles/CMakeTmp

Run Build Command:"/usr/intel/bin/gmake" "cmTC_9b495/fast"
/usr/intel/bin/gmake -f CMakeFiles/cmTC_9b495.dir/build.make CMakeFiles/cmTC_9b495.dir/build
gmake[1]: Entering directory '/nfs/sc/disks/swuser_work_kannanaj/qshells/oneAPI-samples/DirectProgramming/DPC++FPGA/Tutorials/Tools/use_library/src/temp/CMakeFiles/CMakeTmp'
Building C object CMakeFiles/cmTC_9b495.dir/feature_tests.c.o
/usr/bin/cc    -std=c99 -o CMakeFiles/cmTC_9b495.dir/feature_tests.c.o   -c /nfs/sc/disks/swuser_work_kannanaj/qshells/oneAPI-samples/DirectProgramming/DPC++FPGA/Tutorials/Tools/use_library/src/temp/CMakeFiles/feature_tests.c
Linking C executable cmTC_9b495
/nfs/site/disks/psg_ctools_1/cmake/3.7.2/linux64/bin/cmake -E cmake_link_script CMakeFiles/cmTC_9b495.dir/link.txt --verbose=1
/usr/bin/cc       CMakeFiles/cmTC_9b495.dir/feature_tests.c.o  -o cmTC_9b495 -rdynamic 
gmake[1]: Leaving directory '/nfs/sc/disks/swuser_work_kannanaj/qshells/oneAPI-samples/DirectProgramming/DPC++FPGA/Tutorials/Tools/use_library/src/temp/CMakeFiles/CMakeTmp'


    Feature record: C_FEATURE:1c_function_prototypes
    Feature record: C_FEATURE:1c_restrict
    Feature record: C_FEATURE:0c_static_assert
    Feature record: C_FEATURE:1c_variadic_macros


Detecting C [-std=c90] compiler features compiled with the following output:
Change Dir: /nfs/sc/disks/swuser_work_kannanaj/qshells/oneAPI-samples/DirectProgramming/DPC++FPGA/Tutorials/Tools/use_library/src/temp/CMakeFiles/CMakeTmp

Run Build Command:"/usr/intel/bin/gmake" "cmTC_4c8e5/fast"
/usr/intel/bin/gmake -f CMakeFiles/cmTC_4c8e5.dir/build.make CMakeFiles/cmTC_4c8e5.dir/build
gmake[1]: Entering directory '/nfs/sc/disks/swuser_work_kannanaj/qshells/oneAPI-samples/DirectProgramming/DPC++FPGA/Tutorials/Tools/use_library/src/temp/CMakeFiles/CMakeTmp'
Building C object CMakeFiles/cmTC_4c8e5.dir/feature_tests.c.o
/usr/bin/cc    -std=c90 -o CMakeFiles/cmTC_4c8e5.dir/feature_tests.c.o   -c /nfs/sc/disks/swuser_work_kannanaj/qshells/oneAPI-samples/DirectProgramming/DPC++FPGA/Tutorials/Tools/use_library/src/temp/CMakeFiles/feature_tests.c
Linking C executable cmTC_4c8e5
/nfs/site/disks/psg_ctools_1/cmake/3.7.2/linux64/bin/cmake -E cmake_link_script CMakeFiles/cmTC_4c8e5.dir/link.txt --verbose=1
/usr/bin/cc       CMakeFiles/cmTC_4c8e5.dir/feature_tests.c.o  -o cmTC_4c8e5 -rdynamic 
gmake[1]: Leaving directory '/nfs/sc/disks/swuser_work_kannanaj/qshells/oneAPI-samples/DirectProgramming/DPC++FPGA/Tutorials/Tools/use_library/src/temp/CMakeFiles/CMakeTmp'


    Feature record: C_FEATURE:1c_function_prototypes
    Feature record: C_FEATURE:0c_restrict
    Feature record: C_FEATURE:0c_static_assert
    Feature record: C_FEATURE:0c_variadic_macros
Determining if the CXX compiler works passed with the following output:
Change Dir: /nfs/sc/disks/swuser_work_kannanaj/qshells/oneAPI-samples/DirectProgramming/DPC++FPGA/Tutorials/Tools/use_library/src/temp/CMakeFiles/CMakeTmp

Run Build Command:"/usr/intel/bin/gmake" "cmTC_e9dd7/fast"
/usr/intel/bin/gmake -f CMakeFiles/cmTC_e9dd7.dir/build.make CMakeFiles/cmTC_e9dd7.dir/build
gmake[1]: Entering directory '/nfs/sc/disks/swuser_work_kannanaj/qshells/oneAPI-samples/DirectProgramming/DPC++FPGA/Tutorials/Tools/use_library/src/temp/CMakeFiles/CMakeTmp'
Building CXX object CMakeFiles/cmTC_e9dd7.dir/testCXXCompiler.cxx.o
/usr/bin/c++      -o CMakeFiles/cmTC_e9dd7.dir/testCXXCompiler.cxx.o -c /nfs/sc/disks/swuser_work_kannanaj/qshells/oneAPI-samples/DirectProgramming/DPC++FPGA/Tutorials/Tools/use_library/src/temp/CMakeFiles/CMakeTmp/testCXXCompiler.cxx
Linking CXX executable cmTC_e9dd7
/nfs/site/disks/psg_ctools_1/cmake/3.7.2/linux64/bin/cmake -E cmake_link_script CMakeFiles/cmTC_e9dd7.dir/link.txt --verbose=1
/usr/bin/c++        CMakeFiles/cmTC_e9dd7.dir/testCXXCompiler.cxx.o  -o cmTC_e9dd7 -rdynamic 
gmake[1]: Leaving directory '/nfs/sc/disks/swuser_work_kannanaj/qshells/oneAPI-samples/DirectProgramming/DPC++FPGA/Tutorials/Tools/use_library/src/temp/CMakeFiles/CMakeTmp'


Detecting CXX compiler ABI info compiled with the following output:
Change Dir: /nfs/sc/disks/swuser_work_kannanaj/qshells/oneAPI-samples/DirectProgramming/DPC++FPGA/Tutorials/Tools/use_library/src/temp/CMakeFiles/CMakeTmp

Run Build Command:"/usr/intel/bin/gmake" "cmTC_62480/fast"
/usr/intel/bin/gmake -f CMakeFiles/cmTC_62480.dir/build.make CMakeFiles/cmTC_62480.dir/build
gmake[1]: Entering directory '/nfs/sc/disks/swuser_work_kannanaj/qshells/oneAPI-samples/DirectProgramming/DPC++FPGA/Tutorials/Tools/use_library/src/temp/CMakeFiles/CMakeTmp'
Building CXX object CMakeFiles/cmTC_62480.dir/CMakeCXXCompilerABI.cpp.o
/usr/bin/c++      -o CMakeFiles/cmTC_62480.dir/CMakeCXXCompilerABI.cpp.o -c /nfs/site/disks/psg_ctools_1/cmake/3.7.2/linux64/share/cmake-3.7/Modules/CMakeCXXCompilerABI.cpp
Linking CXX executable cmTC_62480
/nfs/site/disks/psg_ctools_1/cmake/3.7.2/linux64/bin/cmake -E cmake_link_script CMakeFiles/cmTC_62480.dir/link.txt --verbose=1
/usr/bin/c++       -v CMakeFiles/cmTC_62480.dir/CMakeCXXCompilerABI.cpp.o  -o cmTC_62480 -rdynamic  
Using built-in specs.
COLLECT_GCC=/usr/bin/c++
COLLECT_LTO_WRAPPER=/usr/lib64/gcc/x86_64-suse-linux/4.8/lto-wrapper
Target: x86_64-suse-linux
Configured with: ../configure --prefix=/usr --infodir=/usr/share/info --mandir=/usr/share/man --libdir=/usr/lib64 --libexecdir=/usr/lib64 --enable-languages=c,c++,objc,fortran,obj-c++,java,ada --enable-checking=release --with-gxx-include-dir=/usr/include/c++/4.8 --enable-ssp --disable-libssp --disable-plugin --with-bugurl=https://bugs.opensuse.org/ --with-pkgversion='SUSE Linux' --disable-libgcj --disable-libmudflap --with-slibdir=/lib64 --with-system-zlib --enable-__cxa_atexit --enable-libstdcxx-allocator=new --disable-libstdcxx-pch --enable-version-specific-runtime-libs --enable-linker-build-id --enable-linux-futex --program-suffix=-4.8 --without-system-libunwind --with-arch-32=i586 --with-tune=generic --build=x86_64-suse-linux --host=x86_64-suse-linux
Thread model: posix
gcc version 4.8.5 (SUSE Linux) 
COMPILER_PATH=/usr/lib64/gcc/x86_64-suse-linux/4.8/:/usr/lib64/gcc/x86_64-suse-linux/4.8/:/usr/lib64/gcc/x86_64-suse-linux/:/usr/lib64/gcc/x86_64-suse-linux/4.8/:/usr/lib64/gcc/x86_64-suse-linux/:/usr/lib64/gcc/x86_64-suse-linux/4.8/../../../../x86_64-suse-linux/bin/
LIBRARY_PATH=/usr/lib64/gcc/x86_64-suse-linux/4.8/:/usr/lib64/gcc/x86_64-suse-linux/4.8/../../../../lib64/:/lib/../lib64/:/usr/lib/../lib64/:/p/psg/swip/hld/r/sycl/rel/20211028/linux64/lib/:/p/psg/swip/hld/r/sycl/rel/20211019/linux64/lib/:/p/psg/swip/hld/r/sycl/trunk/20211011/linux64/lib/:/usr/lib64/gcc/x86_64-suse-linux/4.8/../../../../x86_64-suse-linux/lib/:/usr/lib64/gcc/x86_64-suse-linux/4.8/../../../:/lib/:/usr/lib/
COLLECT_GCC_OPTIONS='-v' '-o' 'cmTC_62480' '-rdynamic' '-shared-libgcc' '-mtune=generic' '-march=x86-64'
 /usr/lib64/gcc/x86_64-suse-linux/4.8/collect2 --build-id --eh-frame-hdr -m elf_x86_64 -export-dynamic -dynamic-linker /lib64/ld-linux-x86-64.so.2 -o cmTC_62480 /usr/lib64/gcc/x86_64-suse-linux/4.8/../../../../lib64/crt1.o /usr/lib64/gcc/x86_64-suse-linux/4.8/../../../../lib64/crti.o /usr/lib64/gcc/x86_64-suse-linux/4.8/crtbegin.o -L/usr/lib64/gcc/x86_64-suse-linux/4.8 -L/usr/lib64/gcc/x86_64-suse-linux/4.8/../../../../lib64 -L/lib/../lib64 -L/usr/lib/../lib64 -L/p/psg/swip/hld/r/sycl/rel/20211028/linux64/lib -L/p/psg/swip/hld/r/sycl/rel/20211019/linux64/lib -L/p/psg/swip/hld/r/sycl/trunk/20211011/linux64/lib -L/usr/lib64/gcc/x86_64-suse-linux/4.8/../../../../x86_64-suse-linux/lib -L/usr/lib64/gcc/x86_64-suse-linux/4.8/../../.. CMakeFiles/cmTC_62480.dir/CMakeCXXCompilerABI.cpp.o -lstdc++ -lm -lgcc_s -lgcc -lc -lgcc_s -lgcc /usr/lib64/gcc/x86_64-suse-linux/4.8/crtend.o /usr/lib64/gcc/x86_64-suse-linux/4.8/../../../../lib64/crtn.o
gmake[1]: Leaving directory '/nfs/sc/disks/swuser_work_kannanaj/qshells/oneAPI-samples/DirectProgramming/DPC++FPGA/Tutorials/Tools/use_library/src/temp/CMakeFiles/CMakeTmp'


Parsed CXX implicit link information from above output:
  link line regex: [^( *|.*[/\])(ld|([^/\]+-)?ld|collect2)[^/\]*( |$)]
  ignore line: [Change Dir: /nfs/sc/disks/swuser_work_kannanaj/qshells/oneAPI-samples/DirectProgramming/DPC++FPGA/Tutorials/Tools/use_library/src/temp/CMakeFiles/CMakeTmp]
  ignore line: []
  ignore line: [Run Build Command:"/usr/intel/bin/gmake" "cmTC_62480/fast"]
  ignore line: [/usr/intel/bin/gmake -f CMakeFiles/cmTC_62480.dir/build.make CMakeFiles/cmTC_62480.dir/build]
  ignore line: [gmake[1]: Entering directory '/nfs/sc/disks/swuser_work_kannanaj/qshells/oneAPI-samples/DirectProgramming/DPC++FPGA/Tutorials/Tools/use_library/src/temp/CMakeFiles/CMakeTmp']
  ignore line: [Building CXX object CMakeFiles/cmTC_62480.dir/CMakeCXXCompilerABI.cpp.o]
  ignore line: [/usr/bin/c++      -o CMakeFiles/cmTC_62480.dir/CMakeCXXCompilerABI.cpp.o -c /nfs/site/disks/psg_ctools_1/cmake/3.7.2/linux64/share/cmake-3.7/Modules/CMakeCXXCompilerABI.cpp]
  ignore line: [Linking CXX executable cmTC_62480]
  ignore line: [/nfs/site/disks/psg_ctools_1/cmake/3.7.2/linux64/bin/cmake -E cmake_link_script CMakeFiles/cmTC_62480.dir/link.txt --verbose=1]
  ignore line: [/usr/bin/c++       -v CMakeFiles/cmTC_62480.dir/CMakeCXXCompilerABI.cpp.o  -o cmTC_62480 -rdynamic  ]
  ignore line: [Using built-in specs.]
  ignore line: [COLLECT_GCC=/usr/bin/c++]
  ignore line: [COLLECT_LTO_WRAPPER=/usr/lib64/gcc/x86_64-suse-linux/4.8/lto-wrapper]
  ignore line: [Target: x86_64-suse-linux]
  ignore line: [Configured with: ../configure --prefix=/usr --infodir=/usr/share/info --mandir=/usr/share/man --libdir=/usr/lib64 --libexecdir=/usr/lib64 --enable-languages=c,c++,objc,fortran,obj-c++,java,ada --enable-checking=release --with-gxx-include-dir=/usr/include/c++/4.8 --enable-ssp --disable-libssp --disable-plugin --with-bugurl=https://bugs.opensuse.org/ --with-pkgversion='SUSE Linux' --disable-libgcj --disable-libmudflap --with-slibdir=/lib64 --with-system-zlib --enable-__cxa_atexit --enable-libstdcxx-allocator=new --disable-libstdcxx-pch --enable-version-specific-runtime-libs --enable-linker-build-id --enable-linux-futex --program-suffix=-4.8 --without-system-libunwind --with-arch-32=i586 --with-tune=generic --build=x86_64-suse-linux --host=x86_64-suse-linux]
  ignore line: [Thread model: posix]
  ignore line: [gcc version 4.8.5 (SUSE Linux) ]
  ignore line: [COMPILER_PATH=/usr/lib64/gcc/x86_64-suse-linux/4.8/:/usr/lib64/gcc/x86_64-suse-linux/4.8/:/usr/lib64/gcc/x86_64-suse-linux/:/usr/lib64/gcc/x86_64-suse-linux/4.8/:/usr/lib64/gcc/x86_64-suse-linux/:/usr/lib64/gcc/x86_64-suse-linux/4.8/../../../../x86_64-suse-linux/bin/]
  ignore line: [LIBRARY_PATH=/usr/lib64/gcc/x86_64-suse-linux/4.8/:/usr/lib64/gcc/x86_64-suse-linux/4.8/../../../../lib64/:/lib/../lib64/:/usr/lib/../lib64/:/p/psg/swip/hld/r/sycl/rel/20211028/linux64/lib/:/p/psg/swip/hld/r/sycl/rel/20211019/linux64/lib/:/p/psg/swip/hld/r/sycl/trunk/20211011/linux64/lib/:/usr/lib64/gcc/x86_64-suse-linux/4.8/../../../../x86_64-suse-linux/lib/:/usr/lib64/gcc/x86_64-suse-linux/4.8/../../../:/lib/:/usr/lib/]
  ignore line: [COLLECT_GCC_OPTIONS='-v' '-o' 'cmTC_62480' '-rdynamic' '-shared-libgcc' '-mtune=generic' '-march=x86-64']
  link line: [ /usr/lib64/gcc/x86_64-suse-linux/4.8/collect2 --build-id --eh-frame-hdr -m elf_x86_64 -export-dynamic -dynamic-linker /lib64/ld-linux-x86-64.so.2 -o cmTC_62480 /usr/lib64/gcc/x86_64-suse-linux/4.8/../../../../lib64/crt1.o /usr/lib64/gcc/x86_64-suse-linux/4.8/../../../../lib64/crti.o /usr/lib64/gcc/x86_64-suse-linux/4.8/crtbegin.o -L/usr/lib64/gcc/x86_64-suse-linux/4.8 -L/usr/lib64/gcc/x86_64-suse-linux/4.8/../../../../lib64 -L/lib/../lib64 -L/usr/lib/../lib64 -L/p/psg/swip/hld/r/sycl/rel/20211028/linux64/lib -L/p/psg/swip/hld/r/sycl/rel/20211019/linux64/lib -L/p/psg/swip/hld/r/sycl/trunk/20211011/linux64/lib -L/usr/lib64/gcc/x86_64-suse-linux/4.8/../../../../x86_64-suse-linux/lib -L/usr/lib64/gcc/x86_64-suse-linux/4.8/../../.. CMakeFiles/cmTC_62480.dir/CMakeCXXCompilerABI.cpp.o -lstdc++ -lm -lgcc_s -lgcc -lc -lgcc_s -lgcc /usr/lib64/gcc/x86_64-suse-linux/4.8/crtend.o /usr/lib64/gcc/x86_64-suse-linux/4.8/../../../../lib64/crtn.o]
    arg [/usr/lib64/gcc/x86_64-suse-linux/4.8/collect2] ==> ignore
    arg [--build-id] ==> ignore
    arg [--eh-frame-hdr] ==> ignore
    arg [-m] ==> ignore
    arg [elf_x86_64] ==> ignore
    arg [-export-dynamic] ==> ignore
    arg [-dynamic-linker] ==> ignore
    arg [/lib64/ld-linux-x86-64.so.2] ==> ignore
    arg [-o] ==> ignore
    arg [cmTC_62480] ==> ignore
    arg [/usr/lib64/gcc/x86_64-suse-linux/4.8/../../../../lib64/crt1.o] ==> ignore
    arg [/usr/lib64/gcc/x86_64-suse-linux/4.8/../../../../lib64/crti.o] ==> ignore
    arg [/usr/lib64/gcc/x86_64-suse-linux/4.8/crtbegin.o] ==> ignore
    arg [-L/usr/lib64/gcc/x86_64-suse-linux/4.8] ==> dir [/usr/lib64/gcc/x86_64-suse-linux/4.8]
    arg [-L/usr/lib64/gcc/x86_64-suse-linux/4.8/../../../../lib64] ==> dir [/usr/lib64/gcc/x86_64-suse-linux/4.8/../../../../lib64]
    arg [-L/lib/../lib64] ==> dir [/lib/../lib64]
    arg [-L/usr/lib/../lib64] ==> dir [/usr/lib/../lib64]
    arg [-L/p/psg/swip/hld/r/sycl/rel/20211028/linux64/lib] ==> dir [/p/psg/swip/hld/r/sycl/rel/20211028/linux64/lib]
    arg [-L/p/psg/swip/hld/r/sycl/rel/20211019/linux64/lib] ==> dir [/p/psg/swip/hld/r/sycl/rel/20211019/linux64/lib]
    arg [-L/p/psg/swip/hld/r/sycl/trunk/20211011/linux64/lib] ==> dir [/p/psg/swip/hld/r/sycl/trunk/20211011/linux64/lib]
    arg [-L/usr/lib64/gcc/x86_64-suse-linux/4.8/../../../../x86_64-suse-linux/lib] ==> dir [/usr/lib64/gcc/x86_64-suse-linux/4.8/../../../../x86_64-suse-linux/lib]
    arg [-L/usr/lib64/gcc/x86_64-suse-linux/4.8/../../..] ==> dir [/usr/lib64/gcc/x86_64-suse-linux/4.8/../../..]
    arg [CMakeFiles/cmTC_62480.dir/CMakeCXXCompilerABI.cpp.o] ==> ignore
    arg [-lstdc++] ==> lib [stdc++]
    arg [-lm] ==> lib [m]
    arg [-lgcc_s] ==> lib [gcc_s]
    arg [-lgcc] ==> lib [gcc]
    arg [-lc] ==> lib [c]
    arg [-lgcc_s] ==> lib [gcc_s]
    arg [-lgcc] ==> lib [gcc]
    arg [/usr/lib64/gcc/x86_64-suse-linux/4.8/crtend.o] ==> ignore
    arg [/usr/lib64/gcc/x86_64-suse-linux/4.8/../../../../lib64/crtn.o] ==> ignore
  remove lib [gcc_s]
  remove lib [gcc]
  remove lib [gcc_s]
  remove lib [gcc]
  collapse library dir [/usr/lib64/gcc/x86_64-suse-linux/4.8] ==> [/usr/lib64/gcc/x86_64-suse-linux/4.8]
  collapse library dir [/usr/lib64/gcc/x86_64-suse-linux/4.8/../../../../lib64] ==> [/usr/lib64]
  collapse library dir [/lib/../lib64] ==> [/lib64]
  collapse library dir [/usr/lib/../lib64] ==> [/usr/lib64]
  collapse library dir [/p/psg/swip/hld/r/sycl/rel/20211028/linux64/lib] ==> [/p/psg/swip/hld/r/sycl/rel/20211028/linux64/lib]
  collapse library dir [/p/psg/swip/hld/r/sycl/rel/20211019/linux64/lib] ==> [/p/psg/swip/hld/r/sycl/rel/20211019/linux64/lib]
  collapse library dir [/p/psg/swip/hld/r/sycl/trunk/20211011/linux64/lib] ==> [/p/psg/swip/hld/r/sycl/trunk/20211011/linux64/lib]
  collapse library dir [/usr/lib64/gcc/x86_64-suse-linux/4.8/../../../../x86_64-suse-linux/lib] ==> [/usr/x86_64-suse-linux/lib]
  collapse library dir [/usr/lib64/gcc/x86_64-suse-linux/4.8/../../..] ==> [/usr/lib64]
  implicit libs: [stdc++;m;c]
  implicit dirs: [/usr/lib64/gcc/x86_64-suse-linux/4.8;/usr/lib64;/lib64;/p/psg/swip/hld/r/sycl/rel/20211028/linux64/lib;/p/psg/swip/hld/r/sycl/rel/20211019/linux64/lib;/p/psg/swip/hld/r/sycl/trunk/20211011/linux64/lib;/usr/x86_64-suse-linux/lib]
  implicit fwks: []




Detecting CXX [-std=c++1y] compiler features compiled with the following output:
Change Dir: /nfs/sc/disks/swuser_work_kannanaj/qshells/oneAPI-samples/DirectProgramming/DPC++FPGA/Tutorials/Tools/use_library/src/temp/CMakeFiles/CMakeTmp

Run Build Command:"/usr/intel/bin/gmake" "cmTC_361da/fast"
/usr/intel/bin/gmake -f CMakeFiles/cmTC_361da.dir/build.make CMakeFiles/cmTC_361da.dir/build
gmake[1]: Entering directory '/nfs/sc/disks/swuser_work_kannanaj/qshells/oneAPI-samples/DirectProgramming/DPC++FPGA/Tutorials/Tools/use_library/src/temp/CMakeFiles/CMakeTmp'
Building CXX object CMakeFiles/cmTC_361da.dir/feature_tests.cxx.o
/usr/bin/c++     -std=c++1y -o CMakeFiles/cmTC_361da.dir/feature_tests.cxx.o -c /nfs/sc/disks/swuser_work_kannanaj/qshells/oneAPI-samples/DirectProgramming/DPC++FPGA/Tutorials/Tools/use_library/src/temp/CMakeFiles/feature_tests.cxx
Linking CXX executable cmTC_361da
/nfs/site/disks/psg_ctools_1/cmake/3.7.2/linux64/bin/cmake -E cmake_link_script CMakeFiles/cmTC_361da.dir/link.txt --verbose=1
/usr/bin/c++        CMakeFiles/cmTC_361da.dir/feature_tests.cxx.o  -o cmTC_361da -rdynamic 
gmake[1]: Leaving directory '/nfs/sc/disks/swuser_work_kannanaj/qshells/oneAPI-samples/DirectProgramming/DPC++FPGA/Tutorials/Tools/use_library/src/temp/CMakeFiles/CMakeTmp'


    Feature record: CXX_FEATURE:0cxx_aggregate_default_initializers
    Feature record: CXX_FEATURE:1cxx_alias_templates
    Feature record: CXX_FEATURE:1cxx_alignas
    Feature record: CXX_FEATURE:1cxx_alignof
    Feature record: CXX_FEATURE:1cxx_attributes
    Feature record: CXX_FEATURE:0cxx_attribute_deprecated
    Feature record: CXX_FEATURE:1cxx_auto_type
    Feature record: CXX_FEATURE:0cxx_binary_literals
    Feature record: CXX_FEATURE:1cxx_constexpr
    Feature record: CXX_FEATURE:0cxx_contextual_conversions
    Feature record: CXX_FEATURE:1cxx_decltype
    Feature record: CXX_FEATURE:0cxx_decltype_auto
    Feature record: CXX_FEATURE:1cxx_decltype_incomplete_return_types
    Feature record: CXX_FEATURE:1cxx_default_function_template_args
    Feature record: CXX_FEATURE:1cxx_defaulted_functions
    Feature record: CXX_FEATURE:1cxx_defaulted_move_initializers
    Feature record: CXX_FEATURE:1cxx_delegating_constructors
    Feature record: CXX_FEATURE:1cxx_deleted_functions
    Feature record: CXX_FEATURE:0cxx_digit_separators
    Feature record: CXX_FEATURE:1cxx_enum_forward_declarations
    Feature record: CXX_FEATURE:1cxx_explicit_conversions
    Feature record: CXX_FEATURE:1cxx_extended_friend_declarations
    Feature record: CXX_FEATURE:1cxx_extern_templates
    Feature record: CXX_FEATURE:1cxx_final
    Feature record: CXX_FEATURE:1cxx_func_identifier
    Feature record: CXX_FEATURE:1cxx_generalized_initializers
    Feature record: CXX_FEATURE:0cxx_generic_lambdas
    Feature record: CXX_FEATURE:1cxx_inheriting_constructors
    Feature record: CXX_FEATURE:1cxx_inline_namespaces
    Feature record: CXX_FEATURE:1cxx_lambdas
    Feature record: CXX_FEATURE:0cxx_lambda_init_captures
    Feature record: CXX_FEATURE:1cxx_local_type_template_args
    Feature record: CXX_FEATURE:1cxx_long_long_type
    Feature record: CXX_FEATURE:1cxx_noexcept
    Feature record: CXX_FEATURE:1cxx_nonstatic_member_init
    Feature record: CXX_FEATURE:1cxx_nullptr
    Feature record: CXX_FEATURE:1cxx_override
    Feature record: CXX_FEATURE:1cxx_range_for
    Feature record: CXX_FEATURE:1cxx_raw_string_literals
    Feature record: CXX_FEATURE:1cxx_reference_qualified_functions
    Feature record: CXX_FEATURE:0cxx_relaxed_constexpr
    Feature record: CXX_FEATURE:0cxx_return_type_deduction
    Feature record: CXX_FEATURE:1cxx_right_angle_brackets
    Feature record: CXX_FEATURE:1cxx_rvalue_references
    Feature record: CXX_FEATURE:1cxx_sizeof_member
    Feature record: CXX_FEATURE:1cxx_static_assert
    Feature record: CXX_FEATURE:1cxx_strong_enums
    Feature record: CXX_FEATURE:1cxx_template_template_parameters
    Feature record: CXX_FEATURE:1cxx_thread_local
    Feature record: CXX_FEATURE:1cxx_trailing_return_types
    Feature record: CXX_FEATURE:1cxx_unicode_literals
    Feature record: CXX_FEATURE:1cxx_uniform_initialization
    Feature record: CXX_FEATURE:1cxx_unrestricted_unions
    Feature record: CXX_FEATURE:1cxx_user_literals
    Feature record: CXX_FEATURE:0cxx_variable_templates
    Feature record: CXX_FEATURE:1cxx_variadic_macros
    Feature record: CXX_FEATURE:1cxx_variadic_templates


Detecting CXX [-std=c++11] compiler features compiled with the following output:
Change Dir: /nfs/sc/disks/swuser_work_kannanaj/qshells/oneAPI-samples/DirectProgramming/DPC++FPGA/Tutorials/Tools/use_library/src/temp/CMakeFiles/CMakeTmp

Run Build Command:"/usr/intel/bin/gmake" "cmTC_a9354/fast"
/usr/intel/bin/gmake -f CMakeFiles/cmTC_a9354.dir/build.make CMakeFiles/cmTC_a9354.dir/build
gmake[1]: Entering directory '/nfs/sc/disks/swuser_work_kannanaj/qshells/oneAPI-samples/DirectProgramming/DPC++FPGA/Tutorials/Tools/use_library/src/temp/CMakeFiles/CMakeTmp'
Building CXX object CMakeFiles/cmTC_a9354.dir/feature_tests.cxx.o
/usr/bin/c++     -std=c++11 -o CMakeFiles/cmTC_a9354.dir/feature_tests.cxx.o -c /nfs/sc/disks/swuser_work_kannanaj/qshells/oneAPI-samples/DirectProgramming/DPC++FPGA/Tutorials/Tools/use_library/src/temp/CMakeFiles/feature_tests.cxx
Linking CXX executable cmTC_a9354
/nfs/site/disks/psg_ctools_1/cmake/3.7.2/linux64/bin/cmake -E cmake_link_script CMakeFiles/cmTC_a9354.dir/link.txt --verbose=1
/usr/bin/c++        CMakeFiles/cmTC_a9354.dir/feature_tests.cxx.o  -o cmTC_a9354 -rdynamic 
gmake[1]: Leaving directory '/nfs/sc/disks/swuser_work_kannanaj/qshells/oneAPI-samples/DirectProgramming/DPC++FPGA/Tutorials/Tools/use_library/src/temp/CMakeFiles/CMakeTmp'


    Feature record: CXX_FEATURE:0cxx_aggregate_default_initializers
    Feature record: CXX_FEATURE:1cxx_alias_templates
    Feature record: CXX_FEATURE:1cxx_alignas
    Feature record: CXX_FEATURE:1cxx_alignof
    Feature record: CXX_FEATURE:1cxx_attributes
    Feature record: CXX_FEATURE:0cxx_attribute_deprecated
    Feature record: CXX_FEATURE:1cxx_auto_type
    Feature record: CXX_FEATURE:0cxx_binary_literals
    Feature record: CXX_FEATURE:1cxx_constexpr
    Feature record: CXX_FEATURE:0cxx_contextual_conversions
    Feature record: CXX_FEATURE:1cxx_decltype
    Feature record: CXX_FEATURE:0cxx_decltype_auto
    Feature record: CXX_FEATURE:1cxx_decltype_incomplete_return_types
    Feature record: CXX_FEATURE:1cxx_default_function_template_args
    Feature record: CXX_FEATURE:1cxx_defaulted_functions
    Feature record: CXX_FEATURE:1cxx_defaulted_move_initializers
    Feature record: CXX_FEATURE:1cxx_delegating_constructors
    Feature record: CXX_FEATURE:1cxx_deleted_functions
    Feature record: CXX_FEATURE:0cxx_digit_separators
    Feature record: CXX_FEATURE:1cxx_enum_forward_declarations
    Feature record: CXX_FEATURE:1cxx_explicit_conversions
    Feature record: CXX_FEATURE:1cxx_extended_friend_declarations
    Feature record: CXX_FEATURE:1cxx_extern_templates
    Feature record: CXX_FEATURE:1cxx_final
    Feature record: CXX_FEATURE:1cxx_func_identifier
    Feature record: CXX_FEATURE:1cxx_generalized_initializers
    Feature record: CXX_FEATURE:0cxx_generic_lambdas
    Feature record: CXX_FEATURE:1cxx_inheriting_constructors
    Feature record: CXX_FEATURE:1cxx_inline_namespaces
    Feature record: CXX_FEATURE:1cxx_lambdas
    Feature record: CXX_FEATURE:0cxx_lambda_init_captures
    Feature record: CXX_FEATURE:1cxx_local_type_template_args
    Feature record: CXX_FEATURE:1cxx_long_long_type
    Feature record: CXX_FEATURE:1cxx_noexcept
    Feature record: CXX_FEATURE:1cxx_nonstatic_member_init
    Feature record: CXX_FEATURE:1cxx_nullptr
    Feature record: CXX_FEATURE:1cxx_override
    Feature record: CXX_FEATURE:1cxx_range_for
    Feature record: CXX_FEATURE:1cxx_raw_string_literals
    Feature record: CXX_FEATURE:1cxx_reference_qualified_functions
    Feature record: CXX_FEATURE:0cxx_relaxed_constexpr
    Feature record: CXX_FEATURE:0cxx_return_type_deduction
    Feature record: CXX_FEATURE:1cxx_right_angle_brackets
    Feature record: CXX_FEATURE:1cxx_rvalue_references
    Feature record: CXX_FEATURE:1cxx_sizeof_member
    Feature record: CXX_FEATURE:1cxx_static_assert
    Feature record: CXX_FEATURE:1cxx_strong_enums
    Feature record: CXX_FEATURE:1cxx_template_template_parameters
    Feature record: CXX_FEATURE:1cxx_thread_local
    Feature record: CXX_FEATURE:1cxx_trailing_return_types
    Feature record: CXX_FEATURE:1cxx_unicode_literals
    Feature record: CXX_FEATURE:1cxx_uniform_initialization
    Feature record: CXX_FEATURE:1cxx_unrestricted_unions
    Feature record: CXX_FEATURE:1cxx_user_literals
    Feature record: CXX_FEATURE:0cxx_variable_templates
    Feature record: CXX_FEATURE:1cxx_variadic_macros
    Feature record: CXX_FEATURE:1cxx_variadic_templates


Detecting CXX [-std=c++98] compiler features compiled with the following output:
Change Dir: /nfs/sc/disks/swuser_work_kannanaj/qshells/oneAPI-samples/DirectProgramming/DPC++FPGA/Tutorials/Tools/use_library/src/temp/CMakeFiles/CMakeTmp

Run Build Command:"/usr/intel/bin/gmake" "cmTC_fd221/fast"
/usr/intel/bin/gmake -f CMakeFiles/cmTC_fd221.dir/build.make CMakeFiles/cmTC_fd221.dir/build
gmake[1]: Entering directory '/nfs/sc/disks/swuser_work_kannanaj/qshells/oneAPI-samples/DirectProgramming/DPC++FPGA/Tutorials/Tools/use_library/src/temp/CMakeFiles/CMakeTmp'
Building CXX object CMakeFiles/cmTC_fd221.dir/feature_tests.cxx.o
/usr/bin/c++     -std=c++98 -o CMakeFiles/cmTC_fd221.dir/feature_tests.cxx.o -c /nfs/sc/disks/swuser_work_kannanaj/qshells/oneAPI-samples/DirectProgramming/DPC++FPGA/Tutorials/Tools/use_library/src/temp/CMakeFiles/feature_tests.cxx
Linking CXX executable cmTC_fd221
/nfs/site/disks/psg_ctools_1/cmake/3.7.2/linux64/bin/cmake -E cmake_link_script CMakeFiles/cmTC_fd221.dir/link.txt --verbose=1
/usr/bin/c++        CMakeFiles/cmTC_fd221.dir/feature_tests.cxx.o  -o cmTC_fd221 -rdynamic 
gmake[1]: Leaving directory '/nfs/sc/disks/swuser_work_kannanaj/qshells/oneAPI-samples/DirectProgramming/DPC++FPGA/Tutorials/Tools/use_library/src/temp/CMakeFiles/CMakeTmp'


    Feature record: CXX_FEATURE:0cxx_aggregate_default_initializers
    Feature record: CXX_FEATURE:0cxx_alias_templates
    Feature record: CXX_FEATURE:0cxx_alignas
    Feature record: CXX_FEATURE:0cxx_alignof
    Feature record: CXX_FEATURE:0cxx_attributes
    Feature record: CXX_FEATURE:0cxx_attribute_deprecated
    Feature record: CXX_FEATURE:0cxx_auto_type
    Feature record: CXX_FEATURE:0cxx_binary_literals
    Feature record: CXX_FEATURE:0cxx_constexpr
    Feature record: CXX_FEATURE:0cxx_contextual_conversions
    Feature record: CXX_FEATURE:0cxx_decltype
    Feature record: CXX_FEATURE:0cxx_decltype_auto
    Feature record: CXX_FEATURE:0cxx_decltype_incomplete_return_types
    Feature record: CXX_FEATURE:0cxx_default_function_template_args
    Feature record: CXX_FEATURE:0cxx_defaulted_functions
    Feature record: CXX_FEATURE:0cxx_defaulted_move_initializers
    Feature record: CXX_FEATURE:0cxx_delegating_constructors
    Feature record: CXX_FEATURE:0cxx_deleted_functions
    Feature record: CXX_FEATURE:0cxx_digit_separators
    Feature record: CXX_FEATURE:0cxx_enum_forward_declarations
    Feature record: CXX_FEATURE:0cxx_explicit_conversions
    Feature record: CXX_FEATURE:0cxx_extended_friend_declarations
    Feature record: CXX_FEATURE:0cxx_extern_templates
    Feature record: CXX_FEATURE:0cxx_final
    Feature record: CXX_FEATURE:0cxx_func_identifier
    Feature record: CXX_FEATURE:0cxx_generalized_initializers
    Feature record: CXX_FEATURE:0cxx_generic_lambdas
    Feature record: CXX_FEATURE:0cxx_inheriting_constructors
    Feature record: CXX_FEATURE:0cxx_inline_namespaces
    Feature record: CXX_FEATURE:0cxx_lambdas
    Feature record: CXX_FEATURE:0cxx_lambda_init_captures
    Feature record: CXX_FEATURE:0cxx_local_type_template_args
    Feature record: CXX_FEATURE:0cxx_long_long_type
    Feature record: CXX_FEATURE:0cxx_noexcept
    Feature record: CXX_FEATURE:0cxx_nonstatic_member_init
    Feature record: CXX_FEATURE:0cxx_nullptr
    Feature record: CXX_FEATURE:0cxx_override
    Feature record: CXX_FEATURE:0cxx_range_for
    Feature record: CXX_FEATURE:0cxx_raw_string_literals
    Feature record: CXX_FEATURE:0cxx_reference_qualified_functions
    Feature record: CXX_FEATURE:0cxx_relaxed_constexpr
    Feature record: CXX_FEATURE:0cxx_return_type_deduction
    Feature record: CXX_FEATURE:0cxx_right_angle_brackets
    Feature record: CXX_FEATURE:0cxx_rvalue_references
    Feature record: CXX_FEATURE:0cxx_sizeof_member
    Feature record: CXX_FEATURE:0cxx_static_assert
    Feature record: CXX_FEATURE:0cxx_strong_enums
    Feature record: CXX_FEATURE:1cxx_template_template_parameters
    Feature record: CXX_FEATURE:0cxx_thread_local
    Feature record: CXX_FEATURE:0cxx_trailing_return_types
    Feature record: CXX_FEATURE:0cxx_unicode_literals
    Feature record: CXX_FEATURE:0cxx_uniform_initialization
    Feature record: CXX_FEATURE:0cxx_unrestricted_unions
    Feature record: CXX_FEATURE:0cxx_user_literals
    Feature record: CXX_FEATURE:0cxx_variable_templates
    Feature record: CXX_FEATURE:0cxx_variadic_macros
    Feature record: CXX_FEATURE:0cxx_variadic_templates
