The system is: Linux - 4.15.18 - x86_64
Compiling the C compiler identification source file "CMakeCCompilerId.c" succeeded.
Compiler: /usr/bin/cc 
Build flags: 
Id flags:  

The output was:
0


Compilation of the C compiler identification source "CMakeCCompilerId.c" produced "a.out"

The C compiler identification is GNU, found in "/nfs/pdx/home/slgogar/projects/codeSamples/oneAPI-samples/DirectProgramming/DPC++/StructuredGrids/iso3dfd_dpcpp/build/CMakeFiles/3.10.2/CompilerIdC/a.out"

Compiling the CXX compiler identification source file "CMakeCXXCompilerId.cpp" succeeded.
Compiler: /usr/bin/c++ 
Build flags: 
Id flags:  

The output was:
0


Compilation of the CXX compiler identification source "CMakeCXXCompilerId.cpp" produced "a.out"

The CXX compiler identification is GNU, found in "/nfs/pdx/home/slgogar/projects/codeSamples/oneAPI-samples/DirectProgramming/DPC++/StructuredGrids/iso3dfd_dpcpp/build/CMakeFiles/3.10.2/CompilerIdCXX/a.out"

Determining if the C compiler works passed with the following output:
Change Dir: /nfs/pdx/home/slgogar/projects/codeSamples/oneAPI-samples/DirectProgramming/DPC++/StructuredGrids/iso3dfd_dpcpp/build/CMakeFiles/CMakeTmp

Run Build Command:"/usr/bin/make" "cmTC_65015/fast"
make: Warning: File 'Makefile' has modification time 0.0018 s in the future
/usr/bin/make -f CMakeFiles/cmTC_65015.dir/build.make CMakeFiles/cmTC_65015.dir/build
make[1]: Entering directory '/nfs/pdx/home/slgogar/projects/codeSamples/oneAPI-samples/DirectProgramming/DPC++/StructuredGrids/iso3dfd_dpcpp/build/CMakeFiles/CMakeTmp'
make[1]: Warning: File 'CMakeFiles/cmTC_65015.dir/progress.make' has modification time 0.0027 s in the future
Building C object CMakeFiles/cmTC_65015.dir/testCCompiler.c.o
/usr/bin/cc    -o CMakeFiles/cmTC_65015.dir/testCCompiler.c.o   -c /nfs/pdx/home/slgogar/projects/codeSamples/oneAPI-samples/DirectProgramming/DPC++/StructuredGrids/iso3dfd_dpcpp/build/CMakeFiles/CMakeTmp/testCCompiler.c
Linking C executable cmTC_65015
/usr/bin/cmake -E cmake_link_script CMakeFiles/cmTC_65015.dir/link.txt --verbose=1
/usr/bin/cc      -rdynamic CMakeFiles/cmTC_65015.dir/testCCompiler.c.o  -o cmTC_65015 
make[1]: warning:  Clock skew detected.  Your build may be incomplete.
make[1]: Leaving directory '/nfs/pdx/home/slgogar/projects/codeSamples/oneAPI-samples/DirectProgramming/DPC++/StructuredGrids/iso3dfd_dpcpp/build/CMakeFiles/CMakeTmp'
make: warning:  Clock skew detected.  Your build may be incomplete.


Detecting C compiler ABI info compiled with the following output:
Change Dir: /nfs/pdx/home/slgogar/projects/codeSamples/oneAPI-samples/DirectProgramming/DPC++/StructuredGrids/iso3dfd_dpcpp/build/CMakeFiles/CMakeTmp

Run Build Command:"/usr/bin/make" "cmTC_59df5/fast"
make: Warning: File 'Makefile' has modification time 0.003 s in the future
/usr/bin/make -f CMakeFiles/cmTC_59df5.dir/build.make CMakeFiles/cmTC_59df5.dir/build
make[1]: Entering directory '/nfs/pdx/home/slgogar/projects/codeSamples/oneAPI-samples/DirectProgramming/DPC++/StructuredGrids/iso3dfd_dpcpp/build/CMakeFiles/CMakeTmp'
make[1]: Warning: File 'CMakeFiles/cmTC_59df5.dir/progress.make' has modification time 0.0037 s in the future
Building C object CMakeFiles/cmTC_59df5.dir/CMakeCCompilerABI.c.o
/usr/bin/cc    -o CMakeFiles/cmTC_59df5.dir/CMakeCCompilerABI.c.o   -c /usr/share/cmake-3.10/Modules/CMakeCCompilerABI.c
Linking C executable cmTC_59df5
/usr/bin/cmake -E cmake_link_script CMakeFiles/cmTC_59df5.dir/link.txt --verbose=1
/usr/bin/cc     -v -rdynamic CMakeFiles/cmTC_59df5.dir/CMakeCCompilerABI.c.o  -o cmTC_59df5 
Using built-in specs.
COLLECT_GCC=/usr/bin/cc
COLLECT_LTO_WRAPPER=/usr/lib/gcc/x86_64-linux-gnu/7/lto-wrapper
OFFLOAD_TARGET_NAMES=nvptx-none
OFFLOAD_TARGET_DEFAULT=1
Target: x86_64-linux-gnu
Configured with: ../src/configure -v --with-pkgversion='Ubuntu 7.5.0-3ubuntu1~18.04' --with-bugurl=file:///usr/share/doc/gcc-7/README.Bugs --enable-languages=c,ada,c++,go,brig,d,fortran,objc,obj-c++ --prefix=/usr --with-gcc-major-version-only --program-suffix=-7 --program-prefix=x86_64-linux-gnu- --enable-shared --enable-linker-build-id --libexecdir=/usr/lib --without-included-gettext --enable-threads=posix --libdir=/usr/lib --enable-nls --enable-bootstrap --enable-clocale=gnu --enable-libstdcxx-debug --enable-libstdcxx-time=yes --with-default-libstdcxx-abi=new --enable-gnu-unique-object --disable-vtable-verify --enable-libmpx --enable-plugin --enable-default-pie --with-system-zlib --with-target-system-zlib --enable-objc-gc=auto --enable-multiarch --disable-werror --with-arch-32=i686 --with-abi=m64 --with-multilib-list=m32,m64,mx32 --enable-multilib --with-tune=generic --enable-offload-targets=nvptx-none --without-cuda-driver --enable-checking=release --build=x86_64-linux-gnu --host=x86_64-linux-gnu --target=x86_64-linux-gnu
Thread model: posix
gcc version 7.5.0 (Ubuntu 7.5.0-3ubuntu1~18.04) 
COMPILER_PATH=/usr/lib/gcc/x86_64-linux-gnu/7/:/usr/lib/gcc/x86_64-linux-gnu/7/:/usr/lib/gcc/x86_64-linux-gnu/:/usr/lib/gcc/x86_64-linux-gnu/7/:/usr/lib/gcc/x86_64-linux-gnu/
LIBRARY_PATH=/opt/intel/oneapi/vpl/latest/lib/../lib/:/opt/intel/oneapi/mpi/2021.1-beta08//libfabric/lib/../lib/:/opt/intel/oneapi/mpi/2021.1-beta08//lib/../lib/:/opt/intel/oneapi/dnnl/2021.1-beta08/cpu_dpcpp_gpu_dpcpp/lib/../lib/:/opt/intel/oneapi/compiler/latest/linux/lib/../lib/:/usr/lib/gcc/x86_64-linux-gnu/7/:/usr/lib/gcc/x86_64-linux-gnu/7/../../../x86_64-linux-gnu/:/usr/lib/gcc/x86_64-linux-gnu/7/../../../../lib/:/lib/x86_64-linux-gnu/:/lib/../lib/:/usr/lib/x86_64-linux-gnu/:/usr/lib/../lib/:/opt/intel/oneapi/clck/2021.1-beta08/lib/intel64/:/opt/intel/oneapi/ippcp/latest/lib/intel64/:/opt/intel/oneapi/ipp/latest/lib/intel64/:/opt/intel/oneapi/vpl/latest/lib/:/opt/intel/oneapi/mkl/2021.1-beta08/lib/intel64/:/opt/intel/oneapi/ccl/2021.1-beta08/lib/cpu_gpu_dpcpp/:/opt/intel/oneapi/mpi/2021.1-beta08//libfabric/lib/:/opt/intel/oneapi/mpi/2021.1-beta08//lib/release/:/opt/intel/oneapi/mpi/2021.1-beta08//lib/:/opt/intel/oneapi/daal/latest/lib/intel64/:/opt/intel/oneapi/dnnl/2021.1-beta08/cpu_dpcpp_gpu_dpcpp/lib/:/opt/intel/oneapi/compiler/latest/linux/lib/:/opt/intel/oneapi/tbb/2021.1-beta08/env/../lib/intel64/gcc4.8/:/usr/lib/gcc/x86_64-linux-gnu/7/../../../:/lib/:/usr/lib/
COLLECT_GCC_OPTIONS='-v' '-rdynamic' '-o' 'cmTC_59df5' '-mtune=generic' '-march=x86-64'
 /usr/lib/gcc/x86_64-linux-gnu/7/collect2 -plugin /usr/lib/gcc/x86_64-linux-gnu/7/liblto_plugin.so -plugin-opt=/usr/lib/gcc/x86_64-linux-gnu/7/lto-wrapper -plugin-opt=-fresolution=/tmp/ccgGyX6e.res -plugin-opt=-pass-through=-lgcc -plugin-opt=-pass-through=-lgcc_s -plugin-opt=-pass-through=-lc -plugin-opt=-pass-through=-lgcc -plugin-opt=-pass-through=-lgcc_s --build-id --eh-frame-hdr -m elf_x86_64 --hash-style=gnu --as-needed -export-dynamic -dynamic-linker /lib64/ld-linux-x86-64.so.2 -pie -z now -z relro -o cmTC_59df5 /usr/lib/gcc/x86_64-linux-gnu/7/../../../x86_64-linux-gnu/Scrt1.o /usr/lib/gcc/x86_64-linux-gnu/7/../../../x86_64-linux-gnu/crti.o /usr/lib/gcc/x86_64-linux-gnu/7/crtbeginS.o -L/opt/intel/oneapi/vpl/latest/lib/../lib -L/opt/intel/oneapi/mpi/2021.1-beta08//libfabric/lib/../lib -L/opt/intel/oneapi/mpi/2021.1-beta08//lib/../lib -L/opt/intel/oneapi/dnnl/2021.1-beta08/cpu_dpcpp_gpu_dpcpp/lib/../lib -L/opt/intel/oneapi/compiler/latest/linux/lib/../lib -L/usr/lib/gcc/x86_64-linux-gnu/7 -L/usr/lib/gcc/x86_64-linux-gnu/7/../../../x86_64-linux-gnu -L/usr/lib/gcc/x86_64-linux-gnu/7/../../../../lib -L/lib/x86_64-linux-gnu -L/lib/../lib -L/usr/lib/x86_64-linux-gnu -L/usr/lib/../lib -L/opt/intel/oneapi/clck/2021.1-beta08/lib/intel64 -L/opt/intel/oneapi/ippcp/latest/lib/intel64 -L/opt/intel/oneapi/ipp/latest/lib/intel64 -L/opt/intel/oneapi/vpl/latest/lib -L/opt/intel/oneapi/mkl/2021.1-beta08/lib/intel64 -L/opt/intel/oneapi/ccl/2021.1-beta08/lib/cpu_gpu_dpcpp -L/opt/intel/oneapi/mpi/2021.1-beta08//libfabric/lib -L/opt/intel/oneapi/mpi/2021.1-beta08//lib/release -L/opt/intel/oneapi/mpi/2021.1-beta08//lib -L/opt/intel/oneapi/daal/latest/lib/intel64 -L/opt/intel/oneapi/dnnl/2021.1-beta08/cpu_dpcpp_gpu_dpcpp/lib -L/opt/intel/oneapi/compiler/latest/linux/lib -L/opt/intel/oneapi/tbb/2021.1-beta08/env/../lib/intel64/gcc4.8 -L/usr/lib/gcc/x86_64-linux-gnu/7/../../.. CMakeFiles/cmTC_59df5.dir/CMakeCCompilerABI.c.o -lgcc --push-state --as-needed -lgcc_s --pop-state -lc -lgcc --push-state --as-needed -lgcc_s --pop-state /usr/lib/gcc/x86_64-linux-gnu/7/crtendS.o /usr/lib/gcc/x86_64-linux-gnu/7/../../../x86_64-linux-gnu/crtn.o
COLLECT_GCC_OPTIONS='-v' '-rdynamic' '-o' 'cmTC_59df5' '-mtune=generic' '-march=x86-64'
make[1]: warning:  Clock skew detected.  Your build may be incomplete.
make[1]: Leaving directory '/nfs/pdx/home/slgogar/projects/codeSamples/oneAPI-samples/DirectProgramming/DPC++/StructuredGrids/iso3dfd_dpcpp/build/CMakeFiles/CMakeTmp'
make: warning:  Clock skew detected.  Your build may be incomplete.


Parsed C implicit link information from above output:
  link line regex: [^( *|.*[/\])(ld|CMAKE_LINK_STARTFILE-NOTFOUND|([^/\]+-)?ld|collect2)[^/\]*( |$)]
  ignore line: [Change Dir: /nfs/pdx/home/slgogar/projects/codeSamples/oneAPI-samples/DirectProgramming/DPC++/StructuredGrids/iso3dfd_dpcpp/build/CMakeFiles/CMakeTmp]
  ignore line: []
  ignore line: [Run Build Command:"/usr/bin/make" "cmTC_59df5/fast"]
  ignore line: [make: Warning: File 'Makefile' has modification time 0.003 s in the future]
  ignore line: [/usr/bin/make -f CMakeFiles/cmTC_59df5.dir/build.make CMakeFiles/cmTC_59df5.dir/build]
  ignore line: [make[1]: Entering directory '/nfs/pdx/home/slgogar/projects/codeSamples/oneAPI-samples/DirectProgramming/DPC++/StructuredGrids/iso3dfd_dpcpp/build/CMakeFiles/CMakeTmp']
  ignore line: [make[1]: Warning: File 'CMakeFiles/cmTC_59df5.dir/progress.make' has modification time 0.0037 s in the future]
  ignore line: [Building C object CMakeFiles/cmTC_59df5.dir/CMakeCCompilerABI.c.o]
  ignore line: [/usr/bin/cc    -o CMakeFiles/cmTC_59df5.dir/CMakeCCompilerABI.c.o   -c /usr/share/cmake-3.10/Modules/CMakeCCompilerABI.c]
  ignore line: [Linking C executable cmTC_59df5]
  ignore line: [/usr/bin/cmake -E cmake_link_script CMakeFiles/cmTC_59df5.dir/link.txt --verbose=1]
  ignore line: [/usr/bin/cc     -v -rdynamic CMakeFiles/cmTC_59df5.dir/CMakeCCompilerABI.c.o  -o cmTC_59df5 ]
  ignore line: [Using built-in specs.]
  ignore line: [COLLECT_GCC=/usr/bin/cc]
  ignore line: [COLLECT_LTO_WRAPPER=/usr/lib/gcc/x86_64-linux-gnu/7/lto-wrapper]
  ignore line: [OFFLOAD_TARGET_NAMES=nvptx-none]
  ignore line: [OFFLOAD_TARGET_DEFAULT=1]
  ignore line: [Target: x86_64-linux-gnu]
  ignore line: [Configured with: ../src/configure -v --with-pkgversion='Ubuntu 7.5.0-3ubuntu1~18.04' --with-bugurl=file:///usr/share/doc/gcc-7/README.Bugs --enable-languages=c,ada,c++,go,brig,d,fortran,objc,obj-c++ --prefix=/usr --with-gcc-major-version-only --program-suffix=-7 --program-prefix=x86_64-linux-gnu- --enable-shared --enable-linker-build-id --libexecdir=/usr/lib --without-included-gettext --enable-threads=posix --libdir=/usr/lib --enable-nls --enable-bootstrap --enable-clocale=gnu --enable-libstdcxx-debug --enable-libstdcxx-time=yes --with-default-libstdcxx-abi=new --enable-gnu-unique-object --disable-vtable-verify --enable-libmpx --enable-plugin --enable-default-pie --with-system-zlib --with-target-system-zlib --enable-objc-gc=auto --enable-multiarch --disable-werror --with-arch-32=i686 --with-abi=m64 --with-multilib-list=m32,m64,mx32 --enable-multilib --with-tune=generic --enable-offload-targets=nvptx-none --without-cuda-driver --enable-checking=release --build=x86_64-linux-gnu --host=x86_64-linux-gnu --target=x86_64-linux-gnu]
  ignore line: [Thread model: posix]
  ignore line: [gcc version 7.5.0 (Ubuntu 7.5.0-3ubuntu1~18.04) ]
  ignore line: [COMPILER_PATH=/usr/lib/gcc/x86_64-linux-gnu/7/:/usr/lib/gcc/x86_64-linux-gnu/7/:/usr/lib/gcc/x86_64-linux-gnu/:/usr/lib/gcc/x86_64-linux-gnu/7/:/usr/lib/gcc/x86_64-linux-gnu/]
  ignore line: [LIBRARY_PATH=/opt/intel/oneapi/vpl/latest/lib/../lib/:/opt/intel/oneapi/mpi/2021.1-beta08//libfabric/lib/../lib/:/opt/intel/oneapi/mpi/2021.1-beta08//lib/../lib/:/opt/intel/oneapi/dnnl/2021.1-beta08/cpu_dpcpp_gpu_dpcpp/lib/../lib/:/opt/intel/oneapi/compiler/latest/linux/lib/../lib/:/usr/lib/gcc/x86_64-linux-gnu/7/:/usr/lib/gcc/x86_64-linux-gnu/7/../../../x86_64-linux-gnu/:/usr/lib/gcc/x86_64-linux-gnu/7/../../../../lib/:/lib/x86_64-linux-gnu/:/lib/../lib/:/usr/lib/x86_64-linux-gnu/:/usr/lib/../lib/:/opt/intel/oneapi/clck/2021.1-beta08/lib/intel64/:/opt/intel/oneapi/ippcp/latest/lib/intel64/:/opt/intel/oneapi/ipp/latest/lib/intel64/:/opt/intel/oneapi/vpl/latest/lib/:/opt/intel/oneapi/mkl/2021.1-beta08/lib/intel64/:/opt/intel/oneapi/ccl/2021.1-beta08/lib/cpu_gpu_dpcpp/:/opt/intel/oneapi/mpi/2021.1-beta08//libfabric/lib/:/opt/intel/oneapi/mpi/2021.1-beta08//lib/release/:/opt/intel/oneapi/mpi/2021.1-beta08//lib/:/opt/intel/oneapi/daal/latest/lib/intel64/:/opt/intel/oneapi/dnnl/2021.1-beta08/cpu_dpcpp_gpu_dpcpp/lib/:/opt/intel/oneapi/compiler/latest/linux/lib/:/opt/intel/oneapi/tbb/2021.1-beta08/env/../lib/intel64/gcc4.8/:/usr/lib/gcc/x86_64-linux-gnu/7/../../../:/lib/:/usr/lib/]
  ignore line: [COLLECT_GCC_OPTIONS='-v' '-rdynamic' '-o' 'cmTC_59df5' '-mtune=generic' '-march=x86-64']
  link line: [ /usr/lib/gcc/x86_64-linux-gnu/7/collect2 -plugin /usr/lib/gcc/x86_64-linux-gnu/7/liblto_plugin.so -plugin-opt=/usr/lib/gcc/x86_64-linux-gnu/7/lto-wrapper -plugin-opt=-fresolution=/tmp/ccgGyX6e.res -plugin-opt=-pass-through=-lgcc -plugin-opt=-pass-through=-lgcc_s -plugin-opt=-pass-through=-lc -plugin-opt=-pass-through=-lgcc -plugin-opt=-pass-through=-lgcc_s --build-id --eh-frame-hdr -m elf_x86_64 --hash-style=gnu --as-needed -export-dynamic -dynamic-linker /lib64/ld-linux-x86-64.so.2 -pie -z now -z relro -o cmTC_59df5 /usr/lib/gcc/x86_64-linux-gnu/7/../../../x86_64-linux-gnu/Scrt1.o /usr/lib/gcc/x86_64-linux-gnu/7/../../../x86_64-linux-gnu/crti.o /usr/lib/gcc/x86_64-linux-gnu/7/crtbeginS.o -L/opt/intel/oneapi/vpl/latest/lib/../lib -L/opt/intel/oneapi/mpi/2021.1-beta08//libfabric/lib/../lib -L/opt/intel/oneapi/mpi/2021.1-beta08//lib/../lib -L/opt/intel/oneapi/dnnl/2021.1-beta08/cpu_dpcpp_gpu_dpcpp/lib/../lib -L/opt/intel/oneapi/compiler/latest/linux/lib/../lib -L/usr/lib/gcc/x86_64-linux-gnu/7 -L/usr/lib/gcc/x86_64-linux-gnu/7/../../../x86_64-linux-gnu -L/usr/lib/gcc/x86_64-linux-gnu/7/../../../../lib -L/lib/x86_64-linux-gnu -L/lib/../lib -L/usr/lib/x86_64-linux-gnu -L/usr/lib/../lib -L/opt/intel/oneapi/clck/2021.1-beta08/lib/intel64 -L/opt/intel/oneapi/ippcp/latest/lib/intel64 -L/opt/intel/oneapi/ipp/latest/lib/intel64 -L/opt/intel/oneapi/vpl/latest/lib -L/opt/intel/oneapi/mkl/2021.1-beta08/lib/intel64 -L/opt/intel/oneapi/ccl/2021.1-beta08/lib/cpu_gpu_dpcpp -L/opt/intel/oneapi/mpi/2021.1-beta08//libfabric/lib -L/opt/intel/oneapi/mpi/2021.1-beta08//lib/release -L/opt/intel/oneapi/mpi/2021.1-beta08//lib -L/opt/intel/oneapi/daal/latest/lib/intel64 -L/opt/intel/oneapi/dnnl/2021.1-beta08/cpu_dpcpp_gpu_dpcpp/lib -L/opt/intel/oneapi/compiler/latest/linux/lib -L/opt/intel/oneapi/tbb/2021.1-beta08/env/../lib/intel64/gcc4.8 -L/usr/lib/gcc/x86_64-linux-gnu/7/../../.. CMakeFiles/cmTC_59df5.dir/CMakeCCompilerABI.c.o -lgcc --push-state --as-needed -lgcc_s --pop-state -lc -lgcc --push-state --as-needed -lgcc_s --pop-state /usr/lib/gcc/x86_64-linux-gnu/7/crtendS.o /usr/lib/gcc/x86_64-linux-gnu/7/../../../x86_64-linux-gnu/crtn.o]
    arg [/usr/lib/gcc/x86_64-linux-gnu/7/collect2] ==> ignore
    arg [-plugin] ==> ignore
    arg [/usr/lib/gcc/x86_64-linux-gnu/7/liblto_plugin.so] ==> ignore
    arg [-plugin-opt=/usr/lib/gcc/x86_64-linux-gnu/7/lto-wrapper] ==> ignore
    arg [-plugin-opt=-fresolution=/tmp/ccgGyX6e.res] ==> ignore
    arg [-plugin-opt=-pass-through=-lgcc] ==> ignore
    arg [-plugin-opt=-pass-through=-lgcc_s] ==> ignore
    arg [-plugin-opt=-pass-through=-lc] ==> ignore
    arg [-plugin-opt=-pass-through=-lgcc] ==> ignore
    arg [-plugin-opt=-pass-through=-lgcc_s] ==> ignore
    arg [--build-id] ==> ignore
    arg [--eh-frame-hdr] ==> ignore
    arg [-m] ==> ignore
    arg [elf_x86_64] ==> ignore
    arg [--hash-style=gnu] ==> ignore
    arg [--as-needed] ==> ignore
    arg [-export-dynamic] ==> ignore
    arg [-dynamic-linker] ==> ignore
    arg [/lib64/ld-linux-x86-64.so.2] ==> ignore
    arg [-pie] ==> ignore
    arg [-znow] ==> ignore
    arg [-zrelro] ==> ignore
    arg [-o] ==> ignore
    arg [cmTC_59df5] ==> ignore
    arg [/usr/lib/gcc/x86_64-linux-gnu/7/../../../x86_64-linux-gnu/Scrt1.o] ==> ignore
    arg [/usr/lib/gcc/x86_64-linux-gnu/7/../../../x86_64-linux-gnu/crti.o] ==> ignore
    arg [/usr/lib/gcc/x86_64-linux-gnu/7/crtbeginS.o] ==> ignore
    arg [-L/opt/intel/oneapi/vpl/latest/lib/../lib] ==> dir [/opt/intel/oneapi/vpl/latest/lib/../lib]
    arg [-L/opt/intel/oneapi/mpi/2021.1-beta08//libfabric/lib/../lib] ==> dir [/opt/intel/oneapi/mpi/2021.1-beta08//libfabric/lib/../lib]
    arg [-L/opt/intel/oneapi/mpi/2021.1-beta08//lib/../lib] ==> dir [/opt/intel/oneapi/mpi/2021.1-beta08//lib/../lib]
    arg [-L/opt/intel/oneapi/dnnl/2021.1-beta08/cpu_dpcpp_gpu_dpcpp/lib/../lib] ==> dir [/opt/intel/oneapi/dnnl/2021.1-beta08/cpu_dpcpp_gpu_dpcpp/lib/../lib]
    arg [-L/opt/intel/oneapi/compiler/latest/linux/lib/../lib] ==> dir [/opt/intel/oneapi/compiler/latest/linux/lib/../lib]
    arg [-L/usr/lib/gcc/x86_64-linux-gnu/7] ==> dir [/usr/lib/gcc/x86_64-linux-gnu/7]
    arg [-L/usr/lib/gcc/x86_64-linux-gnu/7/../../../x86_64-linux-gnu] ==> dir [/usr/lib/gcc/x86_64-linux-gnu/7/../../../x86_64-linux-gnu]
    arg [-L/usr/lib/gcc/x86_64-linux-gnu/7/../../../../lib] ==> dir [/usr/lib/gcc/x86_64-linux-gnu/7/../../../../lib]
    arg [-L/lib/x86_64-linux-gnu] ==> dir [/lib/x86_64-linux-gnu]
    arg [-L/lib/../lib] ==> dir [/lib/../lib]
    arg [-L/usr/lib/x86_64-linux-gnu] ==> dir [/usr/lib/x86_64-linux-gnu]
    arg [-L/usr/lib/../lib] ==> dir [/usr/lib/../lib]
    arg [-L/opt/intel/oneapi/clck/2021.1-beta08/lib/intel64] ==> dir [/opt/intel/oneapi/clck/2021.1-beta08/lib/intel64]
    arg [-L/opt/intel/oneapi/ippcp/latest/lib/intel64] ==> dir [/opt/intel/oneapi/ippcp/latest/lib/intel64]
    arg [-L/opt/intel/oneapi/ipp/latest/lib/intel64] ==> dir [/opt/intel/oneapi/ipp/latest/lib/intel64]
    arg [-L/opt/intel/oneapi/vpl/latest/lib] ==> dir [/opt/intel/oneapi/vpl/latest/lib]
    arg [-L/opt/intel/oneapi/mkl/2021.1-beta08/lib/intel64] ==> dir [/opt/intel/oneapi/mkl/2021.1-beta08/lib/intel64]
    arg [-L/opt/intel/oneapi/ccl/2021.1-beta08/lib/cpu_gpu_dpcpp] ==> dir [/opt/intel/oneapi/ccl/2021.1-beta08/lib/cpu_gpu_dpcpp]
    arg [-L/opt/intel/oneapi/mpi/2021.1-beta08//libfabric/lib] ==> dir [/opt/intel/oneapi/mpi/2021.1-beta08//libfabric/lib]
    arg [-L/opt/intel/oneapi/mpi/2021.1-beta08//lib/release] ==> dir [/opt/intel/oneapi/mpi/2021.1-beta08//lib/release]
    arg [-L/opt/intel/oneapi/mpi/2021.1-beta08//lib] ==> dir [/opt/intel/oneapi/mpi/2021.1-beta08//lib]
    arg [-L/opt/intel/oneapi/daal/latest/lib/intel64] ==> dir [/opt/intel/oneapi/daal/latest/lib/intel64]
    arg [-L/opt/intel/oneapi/dnnl/2021.1-beta08/cpu_dpcpp_gpu_dpcpp/lib] ==> dir [/opt/intel/oneapi/dnnl/2021.1-beta08/cpu_dpcpp_gpu_dpcpp/lib]
    arg [-L/opt/intel/oneapi/compiler/latest/linux/lib] ==> dir [/opt/intel/oneapi/compiler/latest/linux/lib]
    arg [-L/opt/intel/oneapi/tbb/2021.1-beta08/env/../lib/intel64/gcc4.8] ==> dir [/opt/intel/oneapi/tbb/2021.1-beta08/env/../lib/intel64/gcc4.8]
    arg [-L/usr/lib/gcc/x86_64-linux-gnu/7/../../..] ==> dir [/usr/lib/gcc/x86_64-linux-gnu/7/../../..]
    arg [CMakeFiles/cmTC_59df5.dir/CMakeCCompilerABI.c.o] ==> ignore
    arg [-lgcc] ==> lib [gcc]
    arg [--push-state] ==> ignore
    arg [--as-needed] ==> ignore
    arg [-lgcc_s] ==> lib [gcc_s]
    arg [--pop-state] ==> ignore
    arg [-lc] ==> lib [c]
    arg [-lgcc] ==> lib [gcc]
    arg [--push-state] ==> ignore
    arg [--as-needed] ==> ignore
    arg [-lgcc_s] ==> lib [gcc_s]
    arg [--pop-state] ==> ignore
    arg [/usr/lib/gcc/x86_64-linux-gnu/7/crtendS.o] ==> ignore
    arg [/usr/lib/gcc/x86_64-linux-gnu/7/../../../x86_64-linux-gnu/crtn.o] ==> ignore
  collapse library dir [/opt/intel/oneapi/vpl/latest/lib/../lib] ==> [/opt/intel/oneapi/vpl/latest/lib]
  collapse library dir [/opt/intel/oneapi/mpi/2021.1-beta08//libfabric/lib/../lib] ==> [/opt/intel/oneapi/mpi/2021.1-beta08/libfabric/lib]
  collapse library dir [/opt/intel/oneapi/mpi/2021.1-beta08//lib/../lib] ==> [/opt/intel/oneapi/mpi/2021.1-beta08/lib]
  collapse library dir [/opt/intel/oneapi/dnnl/2021.1-beta08/cpu_dpcpp_gpu_dpcpp/lib/../lib] ==> [/opt/intel/oneapi/dnnl/2021.1-beta08/cpu_dpcpp_gpu_dpcpp/lib]
  collapse library dir [/opt/intel/oneapi/compiler/latest/linux/lib/../lib] ==> [/opt/intel/oneapi/compiler/latest/linux/lib]
  collapse library dir [/usr/lib/gcc/x86_64-linux-gnu/7] ==> [/usr/lib/gcc/x86_64-linux-gnu/7]
  collapse library dir [/usr/lib/gcc/x86_64-linux-gnu/7/../../../x86_64-linux-gnu] ==> [/usr/lib/x86_64-linux-gnu]
  collapse library dir [/usr/lib/gcc/x86_64-linux-gnu/7/../../../../lib] ==> [/usr/lib]
  collapse library dir [/lib/x86_64-linux-gnu] ==> [/lib/x86_64-linux-gnu]
  collapse library dir [/lib/../lib] ==> [/lib]
  collapse library dir [/usr/lib/x86_64-linux-gnu] ==> [/usr/lib/x86_64-linux-gnu]
  collapse library dir [/usr/lib/../lib] ==> [/usr/lib]
  collapse library dir [/opt/intel/oneapi/clck/2021.1-beta08/lib/intel64] ==> [/opt/intel/oneapi/clck/2021.1-beta08/lib/intel64]
  collapse library dir [/opt/intel/oneapi/ippcp/latest/lib/intel64] ==> [/opt/intel/oneapi/ippcp/latest/lib/intel64]
  collapse library dir [/opt/intel/oneapi/ipp/latest/lib/intel64] ==> [/opt/intel/oneapi/ipp/latest/lib/intel64]
  collapse library dir [/opt/intel/oneapi/vpl/latest/lib] ==> [/opt/intel/oneapi/vpl/latest/lib]
  collapse library dir [/opt/intel/oneapi/mkl/2021.1-beta08/lib/intel64] ==> [/opt/intel/oneapi/mkl/2021.1-beta08/lib/intel64]
  collapse library dir [/opt/intel/oneapi/ccl/2021.1-beta08/lib/cpu_gpu_dpcpp] ==> [/opt/intel/oneapi/ccl/2021.1-beta08/lib/cpu_gpu_dpcpp]
  collapse library dir [/opt/intel/oneapi/mpi/2021.1-beta08//libfabric/lib] ==> [/opt/intel/oneapi/mpi/2021.1-beta08/libfabric/lib]
  collapse library dir [/opt/intel/oneapi/mpi/2021.1-beta08//lib/release] ==> [/opt/intel/oneapi/mpi/2021.1-beta08/lib/release]
  collapse library dir [/opt/intel/oneapi/mpi/2021.1-beta08//lib] ==> [/opt/intel/oneapi/mpi/2021.1-beta08/lib]
  collapse library dir [/opt/intel/oneapi/daal/latest/lib/intel64] ==> [/opt/intel/oneapi/daal/latest/lib/intel64]
  collapse library dir [/opt/intel/oneapi/dnnl/2021.1-beta08/cpu_dpcpp_gpu_dpcpp/lib] ==> [/opt/intel/oneapi/dnnl/2021.1-beta08/cpu_dpcpp_gpu_dpcpp/lib]
  collapse library dir [/opt/intel/oneapi/compiler/latest/linux/lib] ==> [/opt/intel/oneapi/compiler/latest/linux/lib]
  collapse library dir [/opt/intel/oneapi/tbb/2021.1-beta08/env/../lib/intel64/gcc4.8] ==> [/opt/intel/oneapi/tbb/2021.1-beta08/lib/intel64/gcc4.8]
  collapse library dir [/usr/lib/gcc/x86_64-linux-gnu/7/../../..] ==> [/usr/lib]
  implicit libs: [gcc;gcc_s;c;gcc;gcc_s]
  implicit dirs: [/opt/intel/oneapi/vpl/latest/lib;/opt/intel/oneapi/mpi/2021.1-beta08/libfabric/lib;/opt/intel/oneapi/mpi/2021.1-beta08/lib;/opt/intel/oneapi/dnnl/2021.1-beta08/cpu_dpcpp_gpu_dpcpp/lib;/opt/intel/oneapi/compiler/latest/linux/lib;/usr/lib/gcc/x86_64-linux-gnu/7;/usr/lib/x86_64-linux-gnu;/usr/lib;/lib/x86_64-linux-gnu;/lib;/opt/intel/oneapi/clck/2021.1-beta08/lib/intel64;/opt/intel/oneapi/ippcp/latest/lib/intel64;/opt/intel/oneapi/ipp/latest/lib/intel64;/opt/intel/oneapi/mkl/2021.1-beta08/lib/intel64;/opt/intel/oneapi/ccl/2021.1-beta08/lib/cpu_gpu_dpcpp;/opt/intel/oneapi/mpi/2021.1-beta08/lib/release;/opt/intel/oneapi/daal/latest/lib/intel64;/opt/intel/oneapi/tbb/2021.1-beta08/lib/intel64/gcc4.8]
  implicit fwks: []




Detecting C [-std=c11] compiler features compiled with the following output:
Change Dir: /nfs/pdx/home/slgogar/projects/codeSamples/oneAPI-samples/DirectProgramming/DPC++/StructuredGrids/iso3dfd_dpcpp/build/CMakeFiles/CMakeTmp

Run Build Command:"/usr/bin/make" "cmTC_722e3/fast"
make: Warning: File 'Makefile' has modification time 0.0095 s in the future
/usr/bin/make -f CMakeFiles/cmTC_722e3.dir/build.make CMakeFiles/cmTC_722e3.dir/build
make[1]: Entering directory '/nfs/pdx/home/slgogar/projects/codeSamples/oneAPI-samples/DirectProgramming/DPC++/StructuredGrids/iso3dfd_dpcpp/build/CMakeFiles/CMakeTmp'
make[1]: Warning: File 'CMakeFiles/cmTC_722e3.dir/progress.make' has modification time 0.0088 s in the future
Building C object CMakeFiles/cmTC_722e3.dir/feature_tests.c.o
/usr/bin/cc   -std=c11 -o CMakeFiles/cmTC_722e3.dir/feature_tests.c.o   -c /nfs/pdx/home/slgogar/projects/codeSamples/oneAPI-samples/DirectProgramming/DPC++/StructuredGrids/iso3dfd_dpcpp/build/CMakeFiles/feature_tests.c
Linking C executable cmTC_722e3
/usr/bin/cmake -E cmake_link_script CMakeFiles/cmTC_722e3.dir/link.txt --verbose=1
/usr/bin/cc      -rdynamic CMakeFiles/cmTC_722e3.dir/feature_tests.c.o  -o cmTC_722e3 
make[1]: warning:  Clock skew detected.  Your build may be incomplete.
make[1]: Leaving directory '/nfs/pdx/home/slgogar/projects/codeSamples/oneAPI-samples/DirectProgramming/DPC++/StructuredGrids/iso3dfd_dpcpp/build/CMakeFiles/CMakeTmp'
make: warning:  Clock skew detected.  Your build may be incomplete.


    Feature record: C_FEATURE:1c_function_prototypes
    Feature record: C_FEATURE:1c_restrict
    Feature record: C_FEATURE:1c_static_assert
    Feature record: C_FEATURE:1c_variadic_macros


Detecting C [-std=c99] compiler features compiled with the following output:
Change Dir: /nfs/pdx/home/slgogar/projects/codeSamples/oneAPI-samples/DirectProgramming/DPC++/StructuredGrids/iso3dfd_dpcpp/build/CMakeFiles/CMakeTmp

Run Build Command:"/usr/bin/make" "cmTC_f146d/fast"
make: Warning: File 'Makefile' has modification time 0.0098 s in the future
/usr/bin/make -f CMakeFiles/cmTC_f146d.dir/build.make CMakeFiles/cmTC_f146d.dir/build
make[1]: Entering directory '/nfs/pdx/home/slgogar/projects/codeSamples/oneAPI-samples/DirectProgramming/DPC++/StructuredGrids/iso3dfd_dpcpp/build/CMakeFiles/CMakeTmp'
make[1]: Warning: File 'CMakeFiles/cmTC_f146d.dir/flags.make' has modification time 0.0047 s in the future
Building C object CMakeFiles/cmTC_f146d.dir/feature_tests.c.o
/usr/bin/cc   -std=c99 -o CMakeFiles/cmTC_f146d.dir/feature_tests.c.o   -c /nfs/pdx/home/slgogar/projects/codeSamples/oneAPI-samples/DirectProgramming/DPC++/StructuredGrids/iso3dfd_dpcpp/build/CMakeFiles/feature_tests.c
Linking C executable cmTC_f146d
/usr/bin/cmake -E cmake_link_script CMakeFiles/cmTC_f146d.dir/link.txt --verbose=1
/usr/bin/cc      -rdynamic CMakeFiles/cmTC_f146d.dir/feature_tests.c.o  -o cmTC_f146d 
make[1]: warning:  Clock skew detected.  Your build may be incomplete.
make[1]: Leaving directory '/nfs/pdx/home/slgogar/projects/codeSamples/oneAPI-samples/DirectProgramming/DPC++/StructuredGrids/iso3dfd_dpcpp/build/CMakeFiles/CMakeTmp'
make: warning:  Clock skew detected.  Your build may be incomplete.


    Feature record: C_FEATURE:1c_function_prototypes
    Feature record: C_FEATURE:1c_restrict
    Feature record: C_FEATURE:0c_static_assert
    Feature record: C_FEATURE:1c_variadic_macros


Detecting C [-std=c90] compiler features compiled with the following output:
Change Dir: /nfs/pdx/home/slgogar/projects/codeSamples/oneAPI-samples/DirectProgramming/DPC++/StructuredGrids/iso3dfd_dpcpp/build/CMakeFiles/CMakeTmp

Run Build Command:"/usr/bin/make" "cmTC_906ea/fast"
make: Warning: File 'Makefile' has modification time 0.0026 s in the future
/usr/bin/make -f CMakeFiles/cmTC_906ea.dir/build.make CMakeFiles/cmTC_906ea.dir/build
make[1]: Entering directory '/nfs/pdx/home/slgogar/projects/codeSamples/oneAPI-samples/DirectProgramming/DPC++/StructuredGrids/iso3dfd_dpcpp/build/CMakeFiles/CMakeTmp'
make[1]: Warning: File 'CMakeFiles/cmTC_906ea.dir/progress.make' has modification time 0.0026 s in the future
Building C object CMakeFiles/cmTC_906ea.dir/feature_tests.c.o
/usr/bin/cc   -std=c90 -o CMakeFiles/cmTC_906ea.dir/feature_tests.c.o   -c /nfs/pdx/home/slgogar/projects/codeSamples/oneAPI-samples/DirectProgramming/DPC++/StructuredGrids/iso3dfd_dpcpp/build/CMakeFiles/feature_tests.c
Linking C executable cmTC_906ea
/usr/bin/cmake -E cmake_link_script CMakeFiles/cmTC_906ea.dir/link.txt --verbose=1
/usr/bin/cc      -rdynamic CMakeFiles/cmTC_906ea.dir/feature_tests.c.o  -o cmTC_906ea 
make[1]: warning:  Clock skew detected.  Your build may be incomplete.
make[1]: Leaving directory '/nfs/pdx/home/slgogar/projects/codeSamples/oneAPI-samples/DirectProgramming/DPC++/StructuredGrids/iso3dfd_dpcpp/build/CMakeFiles/CMakeTmp'
make: warning:  Clock skew detected.  Your build may be incomplete.


    Feature record: C_FEATURE:1c_function_prototypes
    Feature record: C_FEATURE:0c_restrict
    Feature record: C_FEATURE:0c_static_assert
    Feature record: C_FEATURE:0c_variadic_macros
Determining if the CXX compiler works passed with the following output:
Change Dir: /nfs/pdx/home/slgogar/projects/codeSamples/oneAPI-samples/DirectProgramming/DPC++/StructuredGrids/iso3dfd_dpcpp/build/CMakeFiles/CMakeTmp

Run Build Command:"/usr/bin/make" "cmTC_2059c/fast"
make: Warning: File 'Makefile' has modification time 0.0052 s in the future
/usr/bin/make -f CMakeFiles/cmTC_2059c.dir/build.make CMakeFiles/cmTC_2059c.dir/build
make[1]: Entering directory '/nfs/pdx/home/slgogar/projects/codeSamples/oneAPI-samples/DirectProgramming/DPC++/StructuredGrids/iso3dfd_dpcpp/build/CMakeFiles/CMakeTmp'
make[1]: Warning: File 'CMakeFiles/cmTC_2059c.dir/progress.make' has modification time 0.004 s in the future
Building CXX object CMakeFiles/cmTC_2059c.dir/testCXXCompiler.cxx.o
/usr/bin/c++     -o CMakeFiles/cmTC_2059c.dir/testCXXCompiler.cxx.o -c /nfs/pdx/home/slgogar/projects/codeSamples/oneAPI-samples/DirectProgramming/DPC++/StructuredGrids/iso3dfd_dpcpp/build/CMakeFiles/CMakeTmp/testCXXCompiler.cxx
Linking CXX executable cmTC_2059c
/usr/bin/cmake -E cmake_link_script CMakeFiles/cmTC_2059c.dir/link.txt --verbose=1
/usr/bin/c++       -rdynamic CMakeFiles/cmTC_2059c.dir/testCXXCompiler.cxx.o  -o cmTC_2059c 
make[1]: warning:  Clock skew detected.  Your build may be incomplete.
make[1]: Leaving directory '/nfs/pdx/home/slgogar/projects/codeSamples/oneAPI-samples/DirectProgramming/DPC++/StructuredGrids/iso3dfd_dpcpp/build/CMakeFiles/CMakeTmp'
make: warning:  Clock skew detected.  Your build may be incomplete.


Detecting CXX compiler ABI info compiled with the following output:
Change Dir: /nfs/pdx/home/slgogar/projects/codeSamples/oneAPI-samples/DirectProgramming/DPC++/StructuredGrids/iso3dfd_dpcpp/build/CMakeFiles/CMakeTmp

Run Build Command:"/usr/bin/make" "cmTC_583c5/fast"
make: Warning: File 'Makefile' has modification time 0.0093 s in the future
/usr/bin/make -f CMakeFiles/cmTC_583c5.dir/build.make CMakeFiles/cmTC_583c5.dir/build
make[1]: Entering directory '/nfs/pdx/home/slgogar/projects/codeSamples/oneAPI-samples/DirectProgramming/DPC++/StructuredGrids/iso3dfd_dpcpp/build/CMakeFiles/CMakeTmp'
make[1]: Warning: File 'CMakeFiles/cmTC_583c5.dir/flags.make' has modification time 0.003 s in the future
Building CXX object CMakeFiles/cmTC_583c5.dir/CMakeCXXCompilerABI.cpp.o
/usr/bin/c++     -o CMakeFiles/cmTC_583c5.dir/CMakeCXXCompilerABI.cpp.o -c /usr/share/cmake-3.10/Modules/CMakeCXXCompilerABI.cpp
Linking CXX executable cmTC_583c5
/usr/bin/cmake -E cmake_link_script CMakeFiles/cmTC_583c5.dir/link.txt --verbose=1
/usr/bin/c++      -v -rdynamic CMakeFiles/cmTC_583c5.dir/CMakeCXXCompilerABI.cpp.o  -o cmTC_583c5 
Using built-in specs.
COLLECT_GCC=/usr/bin/c++
COLLECT_LTO_WRAPPER=/usr/lib/gcc/x86_64-linux-gnu/7/lto-wrapper
OFFLOAD_TARGET_NAMES=nvptx-none
OFFLOAD_TARGET_DEFAULT=1
Target: x86_64-linux-gnu
Configured with: ../src/configure -v --with-pkgversion='Ubuntu 7.5.0-3ubuntu1~18.04' --with-bugurl=file:///usr/share/doc/gcc-7/README.Bugs --enable-languages=c,ada,c++,go,brig,d,fortran,objc,obj-c++ --prefix=/usr --with-gcc-major-version-only --program-suffix=-7 --program-prefix=x86_64-linux-gnu- --enable-shared --enable-linker-build-id --libexecdir=/usr/lib --without-included-gettext --enable-threads=posix --libdir=/usr/lib --enable-nls --enable-bootstrap --enable-clocale=gnu --enable-libstdcxx-debug --enable-libstdcxx-time=yes --with-default-libstdcxx-abi=new --enable-gnu-unique-object --disable-vtable-verify --enable-libmpx --enable-plugin --enable-default-pie --with-system-zlib --with-target-system-zlib --enable-objc-gc=auto --enable-multiarch --disable-werror --with-arch-32=i686 --with-abi=m64 --with-multilib-list=m32,m64,mx32 --enable-multilib --with-tune=generic --enable-offload-targets=nvptx-none --without-cuda-driver --enable-checking=release --build=x86_64-linux-gnu --host=x86_64-linux-gnu --target=x86_64-linux-gnu
Thread model: posix
gcc version 7.5.0 (Ubuntu 7.5.0-3ubuntu1~18.04) 
COMPILER_PATH=/usr/lib/gcc/x86_64-linux-gnu/7/:/usr/lib/gcc/x86_64-linux-gnu/7/:/usr/lib/gcc/x86_64-linux-gnu/:/usr/lib/gcc/x86_64-linux-gnu/7/:/usr/lib/gcc/x86_64-linux-gnu/
LIBRARY_PATH=/opt/intel/oneapi/vpl/latest/lib/../lib/:/opt/intel/oneapi/mpi/2021.1-beta08//libfabric/lib/../lib/:/opt/intel/oneapi/mpi/2021.1-beta08//lib/../lib/:/opt/intel/oneapi/dnnl/2021.1-beta08/cpu_dpcpp_gpu_dpcpp/lib/../lib/:/opt/intel/oneapi/compiler/latest/linux/lib/../lib/:/usr/lib/gcc/x86_64-linux-gnu/7/:/usr/lib/gcc/x86_64-linux-gnu/7/../../../x86_64-linux-gnu/:/usr/lib/gcc/x86_64-linux-gnu/7/../../../../lib/:/lib/x86_64-linux-gnu/:/lib/../lib/:/usr/lib/x86_64-linux-gnu/:/usr/lib/../lib/:/opt/intel/oneapi/clck/2021.1-beta08/lib/intel64/:/opt/intel/oneapi/ippcp/latest/lib/intel64/:/opt/intel/oneapi/ipp/latest/lib/intel64/:/opt/intel/oneapi/vpl/latest/lib/:/opt/intel/oneapi/mkl/2021.1-beta08/lib/intel64/:/opt/intel/oneapi/ccl/2021.1-beta08/lib/cpu_gpu_dpcpp/:/opt/intel/oneapi/mpi/2021.1-beta08//libfabric/lib/:/opt/intel/oneapi/mpi/2021.1-beta08//lib/release/:/opt/intel/oneapi/mpi/2021.1-beta08//lib/:/opt/intel/oneapi/daal/latest/lib/intel64/:/opt/intel/oneapi/dnnl/2021.1-beta08/cpu_dpcpp_gpu_dpcpp/lib/:/opt/intel/oneapi/compiler/latest/linux/lib/:/opt/intel/oneapi/tbb/2021.1-beta08/env/../lib/intel64/gcc4.8/:/usr/lib/gcc/x86_64-linux-gnu/7/../../../:/lib/:/usr/lib/
COLLECT_GCC_OPTIONS='-v' '-rdynamic' '-o' 'cmTC_583c5' '-shared-libgcc' '-mtune=generic' '-march=x86-64'
 /usr/lib/gcc/x86_64-linux-gnu/7/collect2 -plugin /usr/lib/gcc/x86_64-linux-gnu/7/liblto_plugin.so -plugin-opt=/usr/lib/gcc/x86_64-linux-gnu/7/lto-wrapper -plugin-opt=-fresolution=/tmp/ccW1R8zg.res -plugin-opt=-pass-through=-lgcc_s -plugin-opt=-pass-through=-lgcc -plugin-opt=-pass-through=-lc -plugin-opt=-pass-through=-lgcc_s -plugin-opt=-pass-through=-lgcc --build-id --eh-frame-hdr -m elf_x86_64 --hash-style=gnu --as-needed -export-dynamic -dynamic-linker /lib64/ld-linux-x86-64.so.2 -pie -z now -z relro -o cmTC_583c5 /usr/lib/gcc/x86_64-linux-gnu/7/../../../x86_64-linux-gnu/Scrt1.o /usr/lib/gcc/x86_64-linux-gnu/7/../../../x86_64-linux-gnu/crti.o /usr/lib/gcc/x86_64-linux-gnu/7/crtbeginS.o -L/opt/intel/oneapi/vpl/latest/lib/../lib -L/opt/intel/oneapi/mpi/2021.1-beta08//libfabric/lib/../lib -L/opt/intel/oneapi/mpi/2021.1-beta08//lib/../lib -L/opt/intel/oneapi/dnnl/2021.1-beta08/cpu_dpcpp_gpu_dpcpp/lib/../lib -L/opt/intel/oneapi/compiler/latest/linux/lib/../lib -L/usr/lib/gcc/x86_64-linux-gnu/7 -L/usr/lib/gcc/x86_64-linux-gnu/7/../../../x86_64-linux-gnu -L/usr/lib/gcc/x86_64-linux-gnu/7/../../../../lib -L/lib/x86_64-linux-gnu -L/lib/../lib -L/usr/lib/x86_64-linux-gnu -L/usr/lib/../lib -L/opt/intel/oneapi/clck/2021.1-beta08/lib/intel64 -L/opt/intel/oneapi/ippcp/latest/lib/intel64 -L/opt/intel/oneapi/ipp/latest/lib/intel64 -L/opt/intel/oneapi/vpl/latest/lib -L/opt/intel/oneapi/mkl/2021.1-beta08/lib/intel64 -L/opt/intel/oneapi/ccl/2021.1-beta08/lib/cpu_gpu_dpcpp -L/opt/intel/oneapi/mpi/2021.1-beta08//libfabric/lib -L/opt/intel/oneapi/mpi/2021.1-beta08//lib/release -L/opt/intel/oneapi/mpi/2021.1-beta08//lib -L/opt/intel/oneapi/daal/latest/lib/intel64 -L/opt/intel/oneapi/dnnl/2021.1-beta08/cpu_dpcpp_gpu_dpcpp/lib -L/opt/intel/oneapi/compiler/latest/linux/lib -L/opt/intel/oneapi/tbb/2021.1-beta08/env/../lib/intel64/gcc4.8 -L/usr/lib/gcc/x86_64-linux-gnu/7/../../.. CMakeFiles/cmTC_583c5.dir/CMakeCXXCompilerABI.cpp.o -lstdc++ -lm -lgcc_s -lgcc -lc -lgcc_s -lgcc /usr/lib/gcc/x86_64-linux-gnu/7/crtendS.o /usr/lib/gcc/x86_64-linux-gnu/7/../../../x86_64-linux-gnu/crtn.o
COLLECT_GCC_OPTIONS='-v' '-rdynamic' '-o' 'cmTC_583c5' '-shared-libgcc' '-mtune=generic' '-march=x86-64'
make[1]: warning:  Clock skew detected.  Your build may be incomplete.
make[1]: Leaving directory '/nfs/pdx/home/slgogar/projects/codeSamples/oneAPI-samples/DirectProgramming/DPC++/StructuredGrids/iso3dfd_dpcpp/build/CMakeFiles/CMakeTmp'
make: warning:  Clock skew detected.  Your build may be incomplete.


Parsed CXX implicit link information from above output:
  link line regex: [^( *|.*[/\])(ld|CMAKE_LINK_STARTFILE-NOTFOUND|([^/\]+-)?ld|collect2)[^/\]*( |$)]
  ignore line: [Change Dir: /nfs/pdx/home/slgogar/projects/codeSamples/oneAPI-samples/DirectProgramming/DPC++/StructuredGrids/iso3dfd_dpcpp/build/CMakeFiles/CMakeTmp]
  ignore line: []
  ignore line: [Run Build Command:"/usr/bin/make" "cmTC_583c5/fast"]
  ignore line: [make: Warning: File 'Makefile' has modification time 0.0093 s in the future]
  ignore line: [/usr/bin/make -f CMakeFiles/cmTC_583c5.dir/build.make CMakeFiles/cmTC_583c5.dir/build]
  ignore line: [make[1]: Entering directory '/nfs/pdx/home/slgogar/projects/codeSamples/oneAPI-samples/DirectProgramming/DPC++/StructuredGrids/iso3dfd_dpcpp/build/CMakeFiles/CMakeTmp']
  ignore line: [make[1]: Warning: File 'CMakeFiles/cmTC_583c5.dir/flags.make' has modification time 0.003 s in the future]
  ignore line: [Building CXX object CMakeFiles/cmTC_583c5.dir/CMakeCXXCompilerABI.cpp.o]
  ignore line: [/usr/bin/c++     -o CMakeFiles/cmTC_583c5.dir/CMakeCXXCompilerABI.cpp.o -c /usr/share/cmake-3.10/Modules/CMakeCXXCompilerABI.cpp]
  ignore line: [Linking CXX executable cmTC_583c5]
  ignore line: [/usr/bin/cmake -E cmake_link_script CMakeFiles/cmTC_583c5.dir/link.txt --verbose=1]
  ignore line: [/usr/bin/c++      -v -rdynamic CMakeFiles/cmTC_583c5.dir/CMakeCXXCompilerABI.cpp.o  -o cmTC_583c5 ]
  ignore line: [Using built-in specs.]
  ignore line: [COLLECT_GCC=/usr/bin/c++]
  ignore line: [COLLECT_LTO_WRAPPER=/usr/lib/gcc/x86_64-linux-gnu/7/lto-wrapper]
  ignore line: [OFFLOAD_TARGET_NAMES=nvptx-none]
  ignore line: [OFFLOAD_TARGET_DEFAULT=1]
  ignore line: [Target: x86_64-linux-gnu]
  ignore line: [Configured with: ../src/configure -v --with-pkgversion='Ubuntu 7.5.0-3ubuntu1~18.04' --with-bugurl=file:///usr/share/doc/gcc-7/README.Bugs --enable-languages=c,ada,c++,go,brig,d,fortran,objc,obj-c++ --prefix=/usr --with-gcc-major-version-only --program-suffix=-7 --program-prefix=x86_64-linux-gnu- --enable-shared --enable-linker-build-id --libexecdir=/usr/lib --without-included-gettext --enable-threads=posix --libdir=/usr/lib --enable-nls --enable-bootstrap --enable-clocale=gnu --enable-libstdcxx-debug --enable-libstdcxx-time=yes --with-default-libstdcxx-abi=new --enable-gnu-unique-object --disable-vtable-verify --enable-libmpx --enable-plugin --enable-default-pie --with-system-zlib --with-target-system-zlib --enable-objc-gc=auto --enable-multiarch --disable-werror --with-arch-32=i686 --with-abi=m64 --with-multilib-list=m32,m64,mx32 --enable-multilib --with-tune=generic --enable-offload-targets=nvptx-none --without-cuda-driver --enable-checking=release --build=x86_64-linux-gnu --host=x86_64-linux-gnu --target=x86_64-linux-gnu]
  ignore line: [Thread model: posix]
  ignore line: [gcc version 7.5.0 (Ubuntu 7.5.0-3ubuntu1~18.04) ]
  ignore line: [COMPILER_PATH=/usr/lib/gcc/x86_64-linux-gnu/7/:/usr/lib/gcc/x86_64-linux-gnu/7/:/usr/lib/gcc/x86_64-linux-gnu/:/usr/lib/gcc/x86_64-linux-gnu/7/:/usr/lib/gcc/x86_64-linux-gnu/]
  ignore line: [LIBRARY_PATH=/opt/intel/oneapi/vpl/latest/lib/../lib/:/opt/intel/oneapi/mpi/2021.1-beta08//libfabric/lib/../lib/:/opt/intel/oneapi/mpi/2021.1-beta08//lib/../lib/:/opt/intel/oneapi/dnnl/2021.1-beta08/cpu_dpcpp_gpu_dpcpp/lib/../lib/:/opt/intel/oneapi/compiler/latest/linux/lib/../lib/:/usr/lib/gcc/x86_64-linux-gnu/7/:/usr/lib/gcc/x86_64-linux-gnu/7/../../../x86_64-linux-gnu/:/usr/lib/gcc/x86_64-linux-gnu/7/../../../../lib/:/lib/x86_64-linux-gnu/:/lib/../lib/:/usr/lib/x86_64-linux-gnu/:/usr/lib/../lib/:/opt/intel/oneapi/clck/2021.1-beta08/lib/intel64/:/opt/intel/oneapi/ippcp/latest/lib/intel64/:/opt/intel/oneapi/ipp/latest/lib/intel64/:/opt/intel/oneapi/vpl/latest/lib/:/opt/intel/oneapi/mkl/2021.1-beta08/lib/intel64/:/opt/intel/oneapi/ccl/2021.1-beta08/lib/cpu_gpu_dpcpp/:/opt/intel/oneapi/mpi/2021.1-beta08//libfabric/lib/:/opt/intel/oneapi/mpi/2021.1-beta08//lib/release/:/opt/intel/oneapi/mpi/2021.1-beta08//lib/:/opt/intel/oneapi/daal/latest/lib/intel64/:/opt/intel/oneapi/dnnl/2021.1-beta08/cpu_dpcpp_gpu_dpcpp/lib/:/opt/intel/oneapi/compiler/latest/linux/lib/:/opt/intel/oneapi/tbb/2021.1-beta08/env/../lib/intel64/gcc4.8/:/usr/lib/gcc/x86_64-linux-gnu/7/../../../:/lib/:/usr/lib/]
  ignore line: [COLLECT_GCC_OPTIONS='-v' '-rdynamic' '-o' 'cmTC_583c5' '-shared-libgcc' '-mtune=generic' '-march=x86-64']
  link line: [ /usr/lib/gcc/x86_64-linux-gnu/7/collect2 -plugin /usr/lib/gcc/x86_64-linux-gnu/7/liblto_plugin.so -plugin-opt=/usr/lib/gcc/x86_64-linux-gnu/7/lto-wrapper -plugin-opt=-fresolution=/tmp/ccW1R8zg.res -plugin-opt=-pass-through=-lgcc_s -plugin-opt=-pass-through=-lgcc -plugin-opt=-pass-through=-lc -plugin-opt=-pass-through=-lgcc_s -plugin-opt=-pass-through=-lgcc --build-id --eh-frame-hdr -m elf_x86_64 --hash-style=gnu --as-needed -export-dynamic -dynamic-linker /lib64/ld-linux-x86-64.so.2 -pie -z now -z relro -o cmTC_583c5 /usr/lib/gcc/x86_64-linux-gnu/7/../../../x86_64-linux-gnu/Scrt1.o /usr/lib/gcc/x86_64-linux-gnu/7/../../../x86_64-linux-gnu/crti.o /usr/lib/gcc/x86_64-linux-gnu/7/crtbeginS.o -L/opt/intel/oneapi/vpl/latest/lib/../lib -L/opt/intel/oneapi/mpi/2021.1-beta08//libfabric/lib/../lib -L/opt/intel/oneapi/mpi/2021.1-beta08//lib/../lib -L/opt/intel/oneapi/dnnl/2021.1-beta08/cpu_dpcpp_gpu_dpcpp/lib/../lib -L/opt/intel/oneapi/compiler/latest/linux/lib/../lib -L/usr/lib/gcc/x86_64-linux-gnu/7 -L/usr/lib/gcc/x86_64-linux-gnu/7/../../../x86_64-linux-gnu -L/usr/lib/gcc/x86_64-linux-gnu/7/../../../../lib -L/lib/x86_64-linux-gnu -L/lib/../lib -L/usr/lib/x86_64-linux-gnu -L/usr/lib/../lib -L/opt/intel/oneapi/clck/2021.1-beta08/lib/intel64 -L/opt/intel/oneapi/ippcp/latest/lib/intel64 -L/opt/intel/oneapi/ipp/latest/lib/intel64 -L/opt/intel/oneapi/vpl/latest/lib -L/opt/intel/oneapi/mkl/2021.1-beta08/lib/intel64 -L/opt/intel/oneapi/ccl/2021.1-beta08/lib/cpu_gpu_dpcpp -L/opt/intel/oneapi/mpi/2021.1-beta08//libfabric/lib -L/opt/intel/oneapi/mpi/2021.1-beta08//lib/release -L/opt/intel/oneapi/mpi/2021.1-beta08//lib -L/opt/intel/oneapi/daal/latest/lib/intel64 -L/opt/intel/oneapi/dnnl/2021.1-beta08/cpu_dpcpp_gpu_dpcpp/lib -L/opt/intel/oneapi/compiler/latest/linux/lib -L/opt/intel/oneapi/tbb/2021.1-beta08/env/../lib/intel64/gcc4.8 -L/usr/lib/gcc/x86_64-linux-gnu/7/../../.. CMakeFiles/cmTC_583c5.dir/CMakeCXXCompilerABI.cpp.o -lstdc++ -lm -lgcc_s -lgcc -lc -lgcc_s -lgcc /usr/lib/gcc/x86_64-linux-gnu/7/crtendS.o /usr/lib/gcc/x86_64-linux-gnu/7/../../../x86_64-linux-gnu/crtn.o]
    arg [/usr/lib/gcc/x86_64-linux-gnu/7/collect2] ==> ignore
    arg [-plugin] ==> ignore
    arg [/usr/lib/gcc/x86_64-linux-gnu/7/liblto_plugin.so] ==> ignore
    arg [-plugin-opt=/usr/lib/gcc/x86_64-linux-gnu/7/lto-wrapper] ==> ignore
    arg [-plugin-opt=-fresolution=/tmp/ccW1R8zg.res] ==> ignore
    arg [-plugin-opt=-pass-through=-lgcc_s] ==> ignore
    arg [-plugin-opt=-pass-through=-lgcc] ==> ignore
    arg [-plugin-opt=-pass-through=-lc] ==> ignore
    arg [-plugin-opt=-pass-through=-lgcc_s] ==> ignore
    arg [-plugin-opt=-pass-through=-lgcc] ==> ignore
    arg [--build-id] ==> ignore
    arg [--eh-frame-hdr] ==> ignore
    arg [-m] ==> ignore
    arg [elf_x86_64] ==> ignore
    arg [--hash-style=gnu] ==> ignore
    arg [--as-needed] ==> ignore
    arg [-export-dynamic] ==> ignore
    arg [-dynamic-linker] ==> ignore
    arg [/lib64/ld-linux-x86-64.so.2] ==> ignore
    arg [-pie] ==> ignore
    arg [-znow] ==> ignore
    arg [-zrelro] ==> ignore
    arg [-o] ==> ignore
    arg [cmTC_583c5] ==> ignore
    arg [/usr/lib/gcc/x86_64-linux-gnu/7/../../../x86_64-linux-gnu/Scrt1.o] ==> ignore
    arg [/usr/lib/gcc/x86_64-linux-gnu/7/../../../x86_64-linux-gnu/crti.o] ==> ignore
    arg [/usr/lib/gcc/x86_64-linux-gnu/7/crtbeginS.o] ==> ignore
    arg [-L/opt/intel/oneapi/vpl/latest/lib/../lib] ==> dir [/opt/intel/oneapi/vpl/latest/lib/../lib]
    arg [-L/opt/intel/oneapi/mpi/2021.1-beta08//libfabric/lib/../lib] ==> dir [/opt/intel/oneapi/mpi/2021.1-beta08//libfabric/lib/../lib]
    arg [-L/opt/intel/oneapi/mpi/2021.1-beta08//lib/../lib] ==> dir [/opt/intel/oneapi/mpi/2021.1-beta08//lib/../lib]
    arg [-L/opt/intel/oneapi/dnnl/2021.1-beta08/cpu_dpcpp_gpu_dpcpp/lib/../lib] ==> dir [/opt/intel/oneapi/dnnl/2021.1-beta08/cpu_dpcpp_gpu_dpcpp/lib/../lib]
    arg [-L/opt/intel/oneapi/compiler/latest/linux/lib/../lib] ==> dir [/opt/intel/oneapi/compiler/latest/linux/lib/../lib]
    arg [-L/usr/lib/gcc/x86_64-linux-gnu/7] ==> dir [/usr/lib/gcc/x86_64-linux-gnu/7]
    arg [-L/usr/lib/gcc/x86_64-linux-gnu/7/../../../x86_64-linux-gnu] ==> dir [/usr/lib/gcc/x86_64-linux-gnu/7/../../../x86_64-linux-gnu]
    arg [-L/usr/lib/gcc/x86_64-linux-gnu/7/../../../../lib] ==> dir [/usr/lib/gcc/x86_64-linux-gnu/7/../../../../lib]
    arg [-L/lib/x86_64-linux-gnu] ==> dir [/lib/x86_64-linux-gnu]
    arg [-L/lib/../lib] ==> dir [/lib/../lib]
    arg [-L/usr/lib/x86_64-linux-gnu] ==> dir [/usr/lib/x86_64-linux-gnu]
    arg [-L/usr/lib/../lib] ==> dir [/usr/lib/../lib]
    arg [-L/opt/intel/oneapi/clck/2021.1-beta08/lib/intel64] ==> dir [/opt/intel/oneapi/clck/2021.1-beta08/lib/intel64]
    arg [-L/opt/intel/oneapi/ippcp/latest/lib/intel64] ==> dir [/opt/intel/oneapi/ippcp/latest/lib/intel64]
    arg [-L/opt/intel/oneapi/ipp/latest/lib/intel64] ==> dir [/opt/intel/oneapi/ipp/latest/lib/intel64]
    arg [-L/opt/intel/oneapi/vpl/latest/lib] ==> dir [/opt/intel/oneapi/vpl/latest/lib]
    arg [-L/opt/intel/oneapi/mkl/2021.1-beta08/lib/intel64] ==> dir [/opt/intel/oneapi/mkl/2021.1-beta08/lib/intel64]
    arg [-L/opt/intel/oneapi/ccl/2021.1-beta08/lib/cpu_gpu_dpcpp] ==> dir [/opt/intel/oneapi/ccl/2021.1-beta08/lib/cpu_gpu_dpcpp]
    arg [-L/opt/intel/oneapi/mpi/2021.1-beta08//libfabric/lib] ==> dir [/opt/intel/oneapi/mpi/2021.1-beta08//libfabric/lib]
    arg [-L/opt/intel/oneapi/mpi/2021.1-beta08//lib/release] ==> dir [/opt/intel/oneapi/mpi/2021.1-beta08//lib/release]
    arg [-L/opt/intel/oneapi/mpi/2021.1-beta08//lib] ==> dir [/opt/intel/oneapi/mpi/2021.1-beta08//lib]
    arg [-L/opt/intel/oneapi/daal/latest/lib/intel64] ==> dir [/opt/intel/oneapi/daal/latest/lib/intel64]
    arg [-L/opt/intel/oneapi/dnnl/2021.1-beta08/cpu_dpcpp_gpu_dpcpp/lib] ==> dir [/opt/intel/oneapi/dnnl/2021.1-beta08/cpu_dpcpp_gpu_dpcpp/lib]
    arg [-L/opt/intel/oneapi/compiler/latest/linux/lib] ==> dir [/opt/intel/oneapi/compiler/latest/linux/lib]
    arg [-L/opt/intel/oneapi/tbb/2021.1-beta08/env/../lib/intel64/gcc4.8] ==> dir [/opt/intel/oneapi/tbb/2021.1-beta08/env/../lib/intel64/gcc4.8]
    arg [-L/usr/lib/gcc/x86_64-linux-gnu/7/../../..] ==> dir [/usr/lib/gcc/x86_64-linux-gnu/7/../../..]
    arg [CMakeFiles/cmTC_583c5.dir/CMakeCXXCompilerABI.cpp.o] ==> ignore
    arg [-lstdc++] ==> lib [stdc++]
    arg [-lm] ==> lib [m]
    arg [-lgcc_s] ==> lib [gcc_s]
    arg [-lgcc] ==> lib [gcc]
    arg [-lc] ==> lib [c]
    arg [-lgcc_s] ==> lib [gcc_s]
    arg [-lgcc] ==> lib [gcc]
    arg [/usr/lib/gcc/x86_64-linux-gnu/7/crtendS.o] ==> ignore
    arg [/usr/lib/gcc/x86_64-linux-gnu/7/../../../x86_64-linux-gnu/crtn.o] ==> ignore
  collapse library dir [/opt/intel/oneapi/vpl/latest/lib/../lib] ==> [/opt/intel/oneapi/vpl/latest/lib]
  collapse library dir [/opt/intel/oneapi/mpi/2021.1-beta08//libfabric/lib/../lib] ==> [/opt/intel/oneapi/mpi/2021.1-beta08/libfabric/lib]
  collapse library dir [/opt/intel/oneapi/mpi/2021.1-beta08//lib/../lib] ==> [/opt/intel/oneapi/mpi/2021.1-beta08/lib]
  collapse library dir [/opt/intel/oneapi/dnnl/2021.1-beta08/cpu_dpcpp_gpu_dpcpp/lib/../lib] ==> [/opt/intel/oneapi/dnnl/2021.1-beta08/cpu_dpcpp_gpu_dpcpp/lib]
  collapse library dir [/opt/intel/oneapi/compiler/latest/linux/lib/../lib] ==> [/opt/intel/oneapi/compiler/latest/linux/lib]
  collapse library dir [/usr/lib/gcc/x86_64-linux-gnu/7] ==> [/usr/lib/gcc/x86_64-linux-gnu/7]
  collapse library dir [/usr/lib/gcc/x86_64-linux-gnu/7/../../../x86_64-linux-gnu] ==> [/usr/lib/x86_64-linux-gnu]
  collapse library dir [/usr/lib/gcc/x86_64-linux-gnu/7/../../../../lib] ==> [/usr/lib]
  collapse library dir [/lib/x86_64-linux-gnu] ==> [/lib/x86_64-linux-gnu]
  collapse library dir [/lib/../lib] ==> [/lib]
  collapse library dir [/usr/lib/x86_64-linux-gnu] ==> [/usr/lib/x86_64-linux-gnu]
  collapse library dir [/usr/lib/../lib] ==> [/usr/lib]
  collapse library dir [/opt/intel/oneapi/clck/2021.1-beta08/lib/intel64] ==> [/opt/intel/oneapi/clck/2021.1-beta08/lib/intel64]
  collapse library dir [/opt/intel/oneapi/ippcp/latest/lib/intel64] ==> [/opt/intel/oneapi/ippcp/latest/lib/intel64]
  collapse library dir [/opt/intel/oneapi/ipp/latest/lib/intel64] ==> [/opt/intel/oneapi/ipp/latest/lib/intel64]
  collapse library dir [/opt/intel/oneapi/vpl/latest/lib] ==> [/opt/intel/oneapi/vpl/latest/lib]
  collapse library dir [/opt/intel/oneapi/mkl/2021.1-beta08/lib/intel64] ==> [/opt/intel/oneapi/mkl/2021.1-beta08/lib/intel64]
  collapse library dir [/opt/intel/oneapi/ccl/2021.1-beta08/lib/cpu_gpu_dpcpp] ==> [/opt/intel/oneapi/ccl/2021.1-beta08/lib/cpu_gpu_dpcpp]
  collapse library dir [/opt/intel/oneapi/mpi/2021.1-beta08//libfabric/lib] ==> [/opt/intel/oneapi/mpi/2021.1-beta08/libfabric/lib]
  collapse library dir [/opt/intel/oneapi/mpi/2021.1-beta08//lib/release] ==> [/opt/intel/oneapi/mpi/2021.1-beta08/lib/release]
  collapse library dir [/opt/intel/oneapi/mpi/2021.1-beta08//lib] ==> [/opt/intel/oneapi/mpi/2021.1-beta08/lib]
  collapse library dir [/opt/intel/oneapi/daal/latest/lib/intel64] ==> [/opt/intel/oneapi/daal/latest/lib/intel64]
  collapse library dir [/opt/intel/oneapi/dnnl/2021.1-beta08/cpu_dpcpp_gpu_dpcpp/lib] ==> [/opt/intel/oneapi/dnnl/2021.1-beta08/cpu_dpcpp_gpu_dpcpp/lib]
  collapse library dir [/opt/intel/oneapi/compiler/latest/linux/lib] ==> [/opt/intel/oneapi/compiler/latest/linux/lib]
  collapse library dir [/opt/intel/oneapi/tbb/2021.1-beta08/env/../lib/intel64/gcc4.8] ==> [/opt/intel/oneapi/tbb/2021.1-beta08/lib/intel64/gcc4.8]
  collapse library dir [/usr/lib/gcc/x86_64-linux-gnu/7/../../..] ==> [/usr/lib]
  implicit libs: [stdc++;m;gcc_s;gcc;c;gcc_s;gcc]
  implicit dirs: [/opt/intel/oneapi/vpl/latest/lib;/opt/intel/oneapi/mpi/2021.1-beta08/libfabric/lib;/opt/intel/oneapi/mpi/2021.1-beta08/lib;/opt/intel/oneapi/dnnl/2021.1-beta08/cpu_dpcpp_gpu_dpcpp/lib;/opt/intel/oneapi/compiler/latest/linux/lib;/usr/lib/gcc/x86_64-linux-gnu/7;/usr/lib/x86_64-linux-gnu;/usr/lib;/lib/x86_64-linux-gnu;/lib;/opt/intel/oneapi/clck/2021.1-beta08/lib/intel64;/opt/intel/oneapi/ippcp/latest/lib/intel64;/opt/intel/oneapi/ipp/latest/lib/intel64;/opt/intel/oneapi/mkl/2021.1-beta08/lib/intel64;/opt/intel/oneapi/ccl/2021.1-beta08/lib/cpu_gpu_dpcpp;/opt/intel/oneapi/mpi/2021.1-beta08/lib/release;/opt/intel/oneapi/daal/latest/lib/intel64;/opt/intel/oneapi/tbb/2021.1-beta08/lib/intel64/gcc4.8]
  implicit fwks: []




Detecting CXX [-std=c++1z] compiler features compiled with the following output:
Change Dir: /nfs/pdx/home/slgogar/projects/codeSamples/oneAPI-samples/DirectProgramming/DPC++/StructuredGrids/iso3dfd_dpcpp/build/CMakeFiles/CMakeTmp

Run Build Command:"/usr/bin/make" "cmTC_7ad6a/fast"
make: Warning: File 'Makefile' has modification time 0.0029 s in the future
/usr/bin/make -f CMakeFiles/cmTC_7ad6a.dir/build.make CMakeFiles/cmTC_7ad6a.dir/build
make[1]: Entering directory '/nfs/pdx/home/slgogar/projects/codeSamples/oneAPI-samples/DirectProgramming/DPC++/StructuredGrids/iso3dfd_dpcpp/build/CMakeFiles/CMakeTmp'
make[1]: Warning: File 'CMakeFiles/cmTC_7ad6a.dir/progress.make' has modification time 0.0041 s in the future
Building CXX object CMakeFiles/cmTC_7ad6a.dir/feature_tests.cxx.o
/usr/bin/c++    -std=c++1z -o CMakeFiles/cmTC_7ad6a.dir/feature_tests.cxx.o -c /nfs/pdx/home/slgogar/projects/codeSamples/oneAPI-samples/DirectProgramming/DPC++/StructuredGrids/iso3dfd_dpcpp/build/CMakeFiles/feature_tests.cxx
Linking CXX executable cmTC_7ad6a
/usr/bin/cmake -E cmake_link_script CMakeFiles/cmTC_7ad6a.dir/link.txt --verbose=1
/usr/bin/c++       -rdynamic CMakeFiles/cmTC_7ad6a.dir/feature_tests.cxx.o  -o cmTC_7ad6a 
make[1]: warning:  Clock skew detected.  Your build may be incomplete.
make[1]: Leaving directory '/nfs/pdx/home/slgogar/projects/codeSamples/oneAPI-samples/DirectProgramming/DPC++/StructuredGrids/iso3dfd_dpcpp/build/CMakeFiles/CMakeTmp'
make: warning:  Clock skew detected.  Your build may be incomplete.


    Feature record: CXX_FEATURE:1cxx_aggregate_default_initializers
    Feature record: CXX_FEATURE:1cxx_alias_templates
    Feature record: CXX_FEATURE:1cxx_alignas
    Feature record: CXX_FEATURE:1cxx_alignof
    Feature record: CXX_FEATURE:1cxx_attributes
    Feature record: CXX_FEATURE:1cxx_attribute_deprecated
    Feature record: CXX_FEATURE:1cxx_auto_type
    Feature record: CXX_FEATURE:1cxx_binary_literals
    Feature record: CXX_FEATURE:1cxx_constexpr
    Feature record: CXX_FEATURE:1cxx_contextual_conversions
    Feature record: CXX_FEATURE:1cxx_decltype
    Feature record: CXX_FEATURE:1cxx_decltype_auto
    Feature record: CXX_FEATURE:1cxx_decltype_incomplete_return_types
    Feature record: CXX_FEATURE:1cxx_default_function_template_args
    Feature record: CXX_FEATURE:1cxx_defaulted_functions
    Feature record: CXX_FEATURE:1cxx_defaulted_move_initializers
    Feature record: CXX_FEATURE:1cxx_delegating_constructors
    Feature record: CXX_FEATURE:1cxx_deleted_functions
    Feature record: CXX_FEATURE:1cxx_digit_separators
    Feature record: CXX_FEATURE:1cxx_enum_forward_declarations
    Feature record: CXX_FEATURE:1cxx_explicit_conversions
    Feature record: CXX_FEATURE:1cxx_extended_friend_declarations
    Feature record: CXX_FEATURE:1cxx_extern_templates
    Feature record: CXX_FEATURE:1cxx_final
    Feature record: CXX_FEATURE:1cxx_func_identifier
    Feature record: CXX_FEATURE:1cxx_generalized_initializers
    Feature record: CXX_FEATURE:1cxx_generic_lambdas
    Feature record: CXX_FEATURE:1cxx_inheriting_constructors
    Feature record: CXX_FEATURE:1cxx_inline_namespaces
    Feature record: CXX_FEATURE:1cxx_lambdas
    Feature record: CXX_FEATURE:1cxx_lambda_init_captures
    Feature record: CXX_FEATURE:1cxx_local_type_template_args
    Feature record: CXX_FEATURE:1cxx_long_long_type
    Feature record: CXX_FEATURE:1cxx_noexcept
    Feature record: CXX_FEATURE:1cxx_nonstatic_member_init
    Feature record: CXX_FEATURE:1cxx_nullptr
    Feature record: CXX_FEATURE:1cxx_override
    Feature record: CXX_FEATURE:1cxx_range_for
    Feature record: CXX_FEATURE:1cxx_raw_string_literals
    Feature record: CXX_FEATURE:1cxx_reference_qualified_functions
    Feature record: CXX_FEATURE:1cxx_relaxed_constexpr
    Feature record: CXX_FEATURE:1cxx_return_type_deduction
    Feature record: CXX_FEATURE:1cxx_right_angle_brackets
    Feature record: CXX_FEATURE:1cxx_rvalue_references
    Feature record: CXX_FEATURE:1cxx_sizeof_member
    Feature record: CXX_FEATURE:1cxx_static_assert
    Feature record: CXX_FEATURE:1cxx_strong_enums
    Feature record: CXX_FEATURE:1cxx_template_template_parameters
    Feature record: CXX_FEATURE:1cxx_thread_local
    Feature record: CXX_FEATURE:1cxx_trailing_return_types
    Feature record: CXX_FEATURE:1cxx_unicode_literals
    Feature record: CXX_FEATURE:1cxx_uniform_initialization
    Feature record: CXX_FEATURE:1cxx_unrestricted_unions
    Feature record: CXX_FEATURE:1cxx_user_literals
    Feature record: CXX_FEATURE:1cxx_variable_templates
    Feature record: CXX_FEATURE:1cxx_variadic_macros
    Feature record: CXX_FEATURE:1cxx_variadic_templates


Detecting CXX [-std=c++14] compiler features compiled with the following output:
Change Dir: /nfs/pdx/home/slgogar/projects/codeSamples/oneAPI-samples/DirectProgramming/DPC++/StructuredGrids/iso3dfd_dpcpp/build/CMakeFiles/CMakeTmp

Run Build Command:"/usr/bin/make" "cmTC_bfd44/fast"
make: Warning: File 'Makefile' has modification time 0.0033 s in the future
/usr/bin/make -f CMakeFiles/cmTC_bfd44.dir/build.make CMakeFiles/cmTC_bfd44.dir/build
make[1]: Entering directory '/nfs/pdx/home/slgogar/projects/codeSamples/oneAPI-samples/DirectProgramming/DPC++/StructuredGrids/iso3dfd_dpcpp/build/CMakeFiles/CMakeTmp'
make[1]: Warning: File 'CMakeFiles/cmTC_bfd44.dir/progress.make' has modification time 0.0037 s in the future
Building CXX object CMakeFiles/cmTC_bfd44.dir/feature_tests.cxx.o
/usr/bin/c++    -std=c++14 -o CMakeFiles/cmTC_bfd44.dir/feature_tests.cxx.o -c /nfs/pdx/home/slgogar/projects/codeSamples/oneAPI-samples/DirectProgramming/DPC++/StructuredGrids/iso3dfd_dpcpp/build/CMakeFiles/feature_tests.cxx
Linking CXX executable cmTC_bfd44
/usr/bin/cmake -E cmake_link_script CMakeFiles/cmTC_bfd44.dir/link.txt --verbose=1
/usr/bin/c++       -rdynamic CMakeFiles/cmTC_bfd44.dir/feature_tests.cxx.o  -o cmTC_bfd44 
make[1]: warning:  Clock skew detected.  Your build may be incomplete.
make[1]: Leaving directory '/nfs/pdx/home/slgogar/projects/codeSamples/oneAPI-samples/DirectProgramming/DPC++/StructuredGrids/iso3dfd_dpcpp/build/CMakeFiles/CMakeTmp'
make: warning:  Clock skew detected.  Your build may be incomplete.


    Feature record: CXX_FEATURE:1cxx_aggregate_default_initializers
    Feature record: CXX_FEATURE:1cxx_alias_templates
    Feature record: CXX_FEATURE:1cxx_alignas
    Feature record: CXX_FEATURE:1cxx_alignof
    Feature record: CXX_FEATURE:1cxx_attributes
    Feature record: CXX_FEATURE:1cxx_attribute_deprecated
    Feature record: CXX_FEATURE:1cxx_auto_type
    Feature record: CXX_FEATURE:1cxx_binary_literals
    Feature record: CXX_FEATURE:1cxx_constexpr
    Feature record: CXX_FEATURE:1cxx_contextual_conversions
    Feature record: CXX_FEATURE:1cxx_decltype
    Feature record: CXX_FEATURE:1cxx_decltype_auto
    Feature record: CXX_FEATURE:1cxx_decltype_incomplete_return_types
    Feature record: CXX_FEATURE:1cxx_default_function_template_args
    Feature record: CXX_FEATURE:1cxx_defaulted_functions
    Feature record: CXX_FEATURE:1cxx_defaulted_move_initializers
    Feature record: CXX_FEATURE:1cxx_delegating_constructors
    Feature record: CXX_FEATURE:1cxx_deleted_functions
    Feature record: CXX_FEATURE:1cxx_digit_separators
    Feature record: CXX_FEATURE:1cxx_enum_forward_declarations
    Feature record: CXX_FEATURE:1cxx_explicit_conversions
    Feature record: CXX_FEATURE:1cxx_extended_friend_declarations
    Feature record: CXX_FEATURE:1cxx_extern_templates
    Feature record: CXX_FEATURE:1cxx_final
    Feature record: CXX_FEATURE:1cxx_func_identifier
    Feature record: CXX_FEATURE:1cxx_generalized_initializers
    Feature record: CXX_FEATURE:1cxx_generic_lambdas
    Feature record: CXX_FEATURE:1cxx_inheriting_constructors
    Feature record: CXX_FEATURE:1cxx_inline_namespaces
    Feature record: CXX_FEATURE:1cxx_lambdas
    Feature record: CXX_FEATURE:1cxx_lambda_init_captures
    Feature record: CXX_FEATURE:1cxx_local_type_template_args
    Feature record: CXX_FEATURE:1cxx_long_long_type
    Feature record: CXX_FEATURE:1cxx_noexcept
    Feature record: CXX_FEATURE:1cxx_nonstatic_member_init
    Feature record: CXX_FEATURE:1cxx_nullptr
    Feature record: CXX_FEATURE:1cxx_override
    Feature record: CXX_FEATURE:1cxx_range_for
    Feature record: CXX_FEATURE:1cxx_raw_string_literals
    Feature record: CXX_FEATURE:1cxx_reference_qualified_functions
    Feature record: CXX_FEATURE:1cxx_relaxed_constexpr
    Feature record: CXX_FEATURE:1cxx_return_type_deduction
    Feature record: CXX_FEATURE:1cxx_right_angle_brackets
    Feature record: CXX_FEATURE:1cxx_rvalue_references
    Feature record: CXX_FEATURE:1cxx_sizeof_member
    Feature record: CXX_FEATURE:1cxx_static_assert
    Feature record: CXX_FEATURE:1cxx_strong_enums
    Feature record: CXX_FEATURE:1cxx_template_template_parameters
    Feature record: CXX_FEATURE:1cxx_thread_local
    Feature record: CXX_FEATURE:1cxx_trailing_return_types
    Feature record: CXX_FEATURE:1cxx_unicode_literals
    Feature record: CXX_FEATURE:1cxx_uniform_initialization
    Feature record: CXX_FEATURE:1cxx_unrestricted_unions
    Feature record: CXX_FEATURE:1cxx_user_literals
    Feature record: CXX_FEATURE:1cxx_variable_templates
    Feature record: CXX_FEATURE:1cxx_variadic_macros
    Feature record: CXX_FEATURE:1cxx_variadic_templates


Detecting CXX [-std=c++11] compiler features compiled with the following output:
Change Dir: /nfs/pdx/home/slgogar/projects/codeSamples/oneAPI-samples/DirectProgramming/DPC++/StructuredGrids/iso3dfd_dpcpp/build/CMakeFiles/CMakeTmp

Run Build Command:"/usr/bin/make" "cmTC_2edfb/fast"
make: Warning: File 'Makefile' has modification time 0.004 s in the future
/usr/bin/make -f CMakeFiles/cmTC_2edfb.dir/build.make CMakeFiles/cmTC_2edfb.dir/build
make[1]: Entering directory '/nfs/pdx/home/slgogar/projects/codeSamples/oneAPI-samples/DirectProgramming/DPC++/StructuredGrids/iso3dfd_dpcpp/build/CMakeFiles/CMakeTmp'
make[1]: Warning: File 'CMakeFiles/cmTC_2edfb.dir/progress.make' has modification time 0.0039 s in the future
Building CXX object CMakeFiles/cmTC_2edfb.dir/feature_tests.cxx.o
/usr/bin/c++    -std=c++11 -o CMakeFiles/cmTC_2edfb.dir/feature_tests.cxx.o -c /nfs/pdx/home/slgogar/projects/codeSamples/oneAPI-samples/DirectProgramming/DPC++/StructuredGrids/iso3dfd_dpcpp/build/CMakeFiles/feature_tests.cxx
Linking CXX executable cmTC_2edfb
/usr/bin/cmake -E cmake_link_script CMakeFiles/cmTC_2edfb.dir/link.txt --verbose=1
/usr/bin/c++       -rdynamic CMakeFiles/cmTC_2edfb.dir/feature_tests.cxx.o  -o cmTC_2edfb 
make[1]: warning:  Clock skew detected.  Your build may be incomplete.
make[1]: Leaving directory '/nfs/pdx/home/slgogar/projects/codeSamples/oneAPI-samples/DirectProgramming/DPC++/StructuredGrids/iso3dfd_dpcpp/build/CMakeFiles/CMakeTmp'
make: warning:  Clock skew detected.  Your build may be incomplete.


    Feature record: CXX_FEATURE:0cxx_aggregate_default_initializers
    Feature record: CXX_FEATURE:1cxx_alias_templates
    Feature record: CXX_FEATURE:1cxx_alignas
    Feature record: CXX_FEATURE:1cxx_alignof
    Feature record: CXX_FEATURE:1cxx_attributes
    Feature record: CXX_FEATURE:0cxx_attribute_deprecated
    Feature record: CXX_FEATURE:1cxx_auto_type
    Feature record: CXX_FEATURE:0cxx_binary_literals
    Feature record: CXX_FEATURE:1cxx_constexpr
    Feature record: CXX_FEATURE:0cxx_contextual_conversions
    Feature record: CXX_FEATURE:1cxx_decltype
    Feature record: CXX_FEATURE:0cxx_decltype_auto
    Feature record: CXX_FEATURE:1cxx_decltype_incomplete_return_types
    Feature record: CXX_FEATURE:1cxx_default_function_template_args
    Feature record: CXX_FEATURE:1cxx_defaulted_functions
    Feature record: CXX_FEATURE:1cxx_defaulted_move_initializers
    Feature record: CXX_FEATURE:1cxx_delegating_constructors
    Feature record: CXX_FEATURE:1cxx_deleted_functions
    Feature record: CXX_FEATURE:0cxx_digit_separators
    Feature record: CXX_FEATURE:1cxx_enum_forward_declarations
    Feature record: CXX_FEATURE:1cxx_explicit_conversions
    Feature record: CXX_FEATURE:1cxx_extended_friend_declarations
    Feature record: CXX_FEATURE:1cxx_extern_templates
    Feature record: CXX_FEATURE:1cxx_final
    Feature record: CXX_FEATURE:1cxx_func_identifier
    Feature record: CXX_FEATURE:1cxx_generalized_initializers
    Feature record: CXX_FEATURE:0cxx_generic_lambdas
    Feature record: CXX_FEATURE:1cxx_inheriting_constructors
    Feature record: CXX_FEATURE:1cxx_inline_namespaces
    Feature record: CXX_FEATURE:1cxx_lambdas
    Feature record: CXX_FEATURE:0cxx_lambda_init_captures
    Feature record: CXX_FEATURE:1cxx_local_type_template_args
    Feature record: CXX_FEATURE:1cxx_long_long_type
    Feature record: CXX_FEATURE:1cxx_noexcept
    Feature record: CXX_FEATURE:1cxx_nonstatic_member_init
    Feature record: CXX_FEATURE:1cxx_nullptr
    Feature record: CXX_FEATURE:1cxx_override
    Feature record: CXX_FEATURE:1cxx_range_for
    Feature record: CXX_FEATURE:1cxx_raw_string_literals
    Feature record: CXX_FEATURE:1cxx_reference_qualified_functions
    Feature record: CXX_FEATURE:0cxx_relaxed_constexpr
    Feature record: CXX_FEATURE:0cxx_return_type_deduction
    Feature record: CXX_FEATURE:1cxx_right_angle_brackets
    Feature record: CXX_FEATURE:1cxx_rvalue_references
    Feature record: CXX_FEATURE:1cxx_sizeof_member
    Feature record: CXX_FEATURE:1cxx_static_assert
    Feature record: CXX_FEATURE:1cxx_strong_enums
    Feature record: CXX_FEATURE:1cxx_template_template_parameters
    Feature record: CXX_FEATURE:1cxx_thread_local
    Feature record: CXX_FEATURE:1cxx_trailing_return_types
    Feature record: CXX_FEATURE:1cxx_unicode_literals
    Feature record: CXX_FEATURE:1cxx_uniform_initialization
    Feature record: CXX_FEATURE:1cxx_unrestricted_unions
    Feature record: CXX_FEATURE:1cxx_user_literals
    Feature record: CXX_FEATURE:0cxx_variable_templates
    Feature record: CXX_FEATURE:1cxx_variadic_macros
    Feature record: CXX_FEATURE:1cxx_variadic_templates


Detecting CXX [-std=c++98] compiler features compiled with the following output:
Change Dir: /nfs/pdx/home/slgogar/projects/codeSamples/oneAPI-samples/DirectProgramming/DPC++/StructuredGrids/iso3dfd_dpcpp/build/CMakeFiles/CMakeTmp

Run Build Command:"/usr/bin/make" "cmTC_49b5b/fast"
make: Warning: File 'Makefile' has modification time 0.0026 s in the future
/usr/bin/make -f CMakeFiles/cmTC_49b5b.dir/build.make CMakeFiles/cmTC_49b5b.dir/build
make[1]: Entering directory '/nfs/pdx/home/slgogar/projects/codeSamples/oneAPI-samples/DirectProgramming/DPC++/StructuredGrids/iso3dfd_dpcpp/build/CMakeFiles/CMakeTmp'
make[1]: Warning: File 'CMakeFiles/cmTC_49b5b.dir/progress.make' has modification time 0.0044 s in the future
Building CXX object CMakeFiles/cmTC_49b5b.dir/feature_tests.cxx.o
/usr/bin/c++    -std=c++98 -o CMakeFiles/cmTC_49b5b.dir/feature_tests.cxx.o -c /nfs/pdx/home/slgogar/projects/codeSamples/oneAPI-samples/DirectProgramming/DPC++/StructuredGrids/iso3dfd_dpcpp/build/CMakeFiles/feature_tests.cxx
Linking CXX executable cmTC_49b5b
/usr/bin/cmake -E cmake_link_script CMakeFiles/cmTC_49b5b.dir/link.txt --verbose=1
/usr/bin/c++       -rdynamic CMakeFiles/cmTC_49b5b.dir/feature_tests.cxx.o  -o cmTC_49b5b 
make[1]: warning:  Clock skew detected.  Your build may be incomplete.
make[1]: Leaving directory '/nfs/pdx/home/slgogar/projects/codeSamples/oneAPI-samples/DirectProgramming/DPC++/StructuredGrids/iso3dfd_dpcpp/build/CMakeFiles/CMakeTmp'
make: warning:  Clock skew detected.  Your build may be incomplete.


    Feature record: CXX_FEATURE:0cxx_aggregate_default_initializers
    Feature record: CXX_FEATURE:0cxx_alias_templates
    Feature record: CXX_FEATURE:0cxx_alignas
    Feature record: CXX_FEATURE:0cxx_alignof
    Feature record: CXX_FEATURE:0cxx_attributes
    Feature record: CXX_FEATURE:0cxx_attribute_deprecated
    Feature record: CXX_FEATURE:0cxx_auto_type
    Feature record: CXX_FEATURE:0cxx_binary_literals
    Feature record: CXX_FEATURE:0cxx_constexpr
    Feature record: CXX_FEATURE:0cxx_contextual_conversions
    Feature record: CXX_FEATURE:0cxx_decltype
    Feature record: CXX_FEATURE:0cxx_decltype_auto
    Feature record: CXX_FEATURE:0cxx_decltype_incomplete_return_types
    Feature record: CXX_FEATURE:0cxx_default_function_template_args
    Feature record: CXX_FEATURE:0cxx_defaulted_functions
    Feature record: CXX_FEATURE:0cxx_defaulted_move_initializers
    Feature record: CXX_FEATURE:0cxx_delegating_constructors
    Feature record: CXX_FEATURE:0cxx_deleted_functions
    Feature record: CXX_FEATURE:0cxx_digit_separators
    Feature record: CXX_FEATURE:0cxx_enum_forward_declarations
    Feature record: CXX_FEATURE:0cxx_explicit_conversions
    Feature record: CXX_FEATURE:0cxx_extended_friend_declarations
    Feature record: CXX_FEATURE:0cxx_extern_templates
    Feature record: CXX_FEATURE:0cxx_final
    Feature record: CXX_FEATURE:0cxx_func_identifier
    Feature record: CXX_FEATURE:0cxx_generalized_initializers
    Feature record: CXX_FEATURE:0cxx_generic_lambdas
    Feature record: CXX_FEATURE:0cxx_inheriting_constructors
    Feature record: CXX_FEATURE:0cxx_inline_namespaces
    Feature record: CXX_FEATURE:0cxx_lambdas
    Feature record: CXX_FEATURE:0cxx_lambda_init_captures
    Feature record: CXX_FEATURE:0cxx_local_type_template_args
    Feature record: CXX_FEATURE:0cxx_long_long_type
    Feature record: CXX_FEATURE:0cxx_noexcept
    Feature record: CXX_FEATURE:0cxx_nonstatic_member_init
    Feature record: CXX_FEATURE:0cxx_nullptr
    Feature record: CXX_FEATURE:0cxx_override
    Feature record: CXX_FEATURE:0cxx_range_for
    Feature record: CXX_FEATURE:0cxx_raw_string_literals
    Feature record: CXX_FEATURE:0cxx_reference_qualified_functions
    Feature record: CXX_FEATURE:0cxx_relaxed_constexpr
    Feature record: CXX_FEATURE:0cxx_return_type_deduction
    Feature record: CXX_FEATURE:0cxx_right_angle_brackets
    Feature record: CXX_FEATURE:0cxx_rvalue_references
    Feature record: CXX_FEATURE:0cxx_sizeof_member
    Feature record: CXX_FEATURE:0cxx_static_assert
    Feature record: CXX_FEATURE:0cxx_strong_enums
    Feature record: CXX_FEATURE:1cxx_template_template_parameters
    Feature record: CXX_FEATURE:0cxx_thread_local
    Feature record: CXX_FEATURE:0cxx_trailing_return_types
    Feature record: CXX_FEATURE:0cxx_unicode_literals
    Feature record: CXX_FEATURE:0cxx_uniform_initialization
    Feature record: CXX_FEATURE:0cxx_unrestricted_unions
    Feature record: CXX_FEATURE:0cxx_user_literals
    Feature record: CXX_FEATURE:0cxx_variable_templates
    Feature record: CXX_FEATURE:0cxx_variadic_macros
    Feature record: CXX_FEATURE:0cxx_variadic_templates
