c:\users\vmadanan\documents\oneapi-samples\directprogramming\dpc++\combinationallogic\mandelbrot\x64\debug\main.obj
c:\users\vmadanan\documents\oneapi-samples\directprogramming\dpc++\combinationallogic\mandelbrot\x64\debug\mandelbrot.ilk
c:\users\vmadanan\documents\oneapi-samples\directprogramming\dpc++\combinationallogic\mandelbrot\x64\debug\mandelbrot.exe
c:\users\vmadanan\documents\oneapi-samples\directprogramming\dpc++\combinationallogic\mandelbrot\x64\debug\mandelbrot.pdb
c:\users\vmadanan\documents\oneapi-samples\directprogramming\dpc++\combinationallogic\mandelbrot\x64\debug\mandelbrot.tlog\dpcpp-cl-clang-cl-clang-offload-bundler-llvm-objcopy.23200.delete.1.tlog
c:\users\vmadanan\documents\oneapi-samples\directprogramming\dpc++\combinationallogic\mandelbrot\x64\debug\mandelbrot.tlog\dpcpp-cl-clang-cl-clang-offload-bundler-llvm-objcopy.23200.read.1.tlog
c:\users\vmadanan\documents\oneapi-samples\directprogramming\dpc++\combinationallogic\mandelbrot\x64\debug\mandelbrot.tlog\dpcpp-cl-clang-cl-clang-offload-bundler-llvm-objcopy.23200.write.1.tlog
c:\users\vmadanan\documents\oneapi-samples\directprogramming\dpc++\combinationallogic\mandelbrot\x64\debug\mandelbrot.tlog\dpcpp-cl-clang-cl-clang-offload-bundler-llvm-objcopy.delete.1.tlog
c:\users\vmadanan\documents\oneapi-samples\directprogramming\dpc++\combinationallogic\mandelbrot\x64\debug\mandelbrot.tlog\dpcpp-cl-clang-cl-clang-offload-bundler-llvm-objcopy.read.1.tlog
c:\users\vmadanan\documents\oneapi-samples\directprogramming\dpc++\combinationallogic\mandelbrot\x64\debug\mandelbrot.tlog\dpcpp-cl-clang-cl-clang-offload-bundler-llvm-objcopy.write.1.tlog
c:\users\vmadanan\documents\oneapi-samples\directprogramming\dpc++\combinationallogic\mandelbrot\x64\debug\mandelbrot.tlog\dpcpp-cl-clang-cl-clang-offload-bundler.read.1.tlog
c:\users\vmadanan\documents\oneapi-samples\directprogramming\dpc++\combinationallogic\mandelbrot\x64\debug\mandelbrot.tlog\dpcpp-cl-clang-cl-clang-offload-bundler.write.1.tlog
c:\users\vmadanan\documents\oneapi-samples\directprogramming\dpc++\combinationallogic\mandelbrot\x64\debug\mandelbrot.tlog\dpcpp-cl-clang-cl-clang-offload-wrapper.read.1.tlog
c:\users\vmadanan\documents\oneapi-samples\directprogramming\dpc++\combinationallogic\mandelbrot\x64\debug\mandelbrot.tlog\dpcpp-cl-clang-cl-clang-offload-wrapper.write.1.tlog
c:\users\vmadanan\documents\oneapi-samples\directprogramming\dpc++\combinationallogic\mandelbrot\x64\debug\mandelbrot.tlog\dpcpp-cl-clang-cl-file-table-tform.7516.read.1.tlog
c:\users\vmadanan\documents\oneapi-samples\directprogramming\dpc++\combinationallogic\mandelbrot\x64\debug\mandelbrot.tlog\dpcpp-cl-clang-cl-file-table-tform.7516.write.1.tlog
c:\users\vmadanan\documents\oneapi-samples\directprogramming\dpc++\combinationallogic\mandelbrot\x64\debug\mandelbrot.tlog\dpcpp-cl-clang-cl-file-table-tform.read.1.tlog
c:\users\vmadanan\documents\oneapi-samples\directprogramming\dpc++\combinationallogic\mandelbrot\x64\debug\mandelbrot.tlog\dpcpp-cl-clang-cl-file-table-tform.write.1.tlog
c:\users\vmadanan\documents\oneapi-samples\directprogramming\dpc++\combinationallogic\mandelbrot\x64\debug\mandelbrot.tlog\dpcpp-cl-clang-cl-link.read.1.tlog
c:\users\vmadanan\documents\oneapi-samples\directprogramming\dpc++\combinationallogic\mandelbrot\x64\debug\mandelbrot.tlog\dpcpp-cl-clang-cl-link.read.2.tlog
c:\users\vmadanan\documents\oneapi-samples\directprogramming\dpc++\combinationallogic\mandelbrot\x64\debug\mandelbrot.tlog\dpcpp-cl-clang-cl-link.write.1.tlog
c:\users\vmadanan\documents\oneapi-samples\directprogramming\dpc++\combinationallogic\mandelbrot\x64\debug\mandelbrot.tlog\dpcpp-cl-clang-cl-llc.read.1.tlog
c:\users\vmadanan\documents\oneapi-samples\directprogramming\dpc++\combinationallogic\mandelbrot\x64\debug\mandelbrot.tlog\dpcpp-cl-clang-cl-llc.write.1.tlog
c:\users\vmadanan\documents\oneapi-samples\directprogramming\dpc++\combinationallogic\mandelbrot\x64\debug\mandelbrot.tlog\dpcpp-cl-clang-cl-llvm-foreach-llvm-spirv.read.1.tlog
c:\users\vmadanan\documents\oneapi-samples\directprogramming\dpc++\combinationallogic\mandelbrot\x64\debug\mandelbrot.tlog\dpcpp-cl-clang-cl-llvm-foreach-llvm-spirv.write.1.tlog
c:\users\vmadanan\documents\oneapi-samples\directprogramming\dpc++\combinationallogic\mandelbrot\x64\debug\mandelbrot.tlog\dpcpp-cl-clang-cl-llvm-foreach.read.1.tlog
c:\users\vmadanan\documents\oneapi-samples\directprogramming\dpc++\combinationallogic\mandelbrot\x64\debug\mandelbrot.tlog\dpcpp-cl-clang-cl-llvm-foreach.write.1.tlog
c:\users\vmadanan\documents\oneapi-samples\directprogramming\dpc++\combinationallogic\mandelbrot\x64\debug\mandelbrot.tlog\dpcpp-cl-clang-cl-llvm-link.read.1.tlog
c:\users\vmadanan\documents\oneapi-samples\directprogramming\dpc++\combinationallogic\mandelbrot\x64\debug\mandelbrot.tlog\dpcpp-cl-clang-cl-llvm-link.write.1.tlog
c:\users\vmadanan\documents\oneapi-samples\directprogramming\dpc++\combinationallogic\mandelbrot\x64\debug\mandelbrot.tlog\dpcpp-cl-clang-cl-sycl-post-link.read.1.tlog
c:\users\vmadanan\documents\oneapi-samples\directprogramming\dpc++\combinationallogic\mandelbrot\x64\debug\mandelbrot.tlog\dpcpp-cl-clang-cl-sycl-post-link.write.1.tlog
c:\users\vmadanan\documents\oneapi-samples\directprogramming\dpc++\combinationallogic\mandelbrot\x64\debug\mandelbrot.tlog\dpcpp-cl-clang-cl.12412.delete.1.tlog
c:\users\vmadanan\documents\oneapi-samples\directprogramming\dpc++\combinationallogic\mandelbrot\x64\debug\mandelbrot.tlog\dpcpp-cl-clang-cl.12412.read.1.tlog
c:\users\vmadanan\documents\oneapi-samples\directprogramming\dpc++\combinationallogic\mandelbrot\x64\debug\mandelbrot.tlog\dpcpp-cl-clang-cl.12412.write.1.tlog
c:\users\vmadanan\documents\oneapi-samples\directprogramming\dpc++\combinationallogic\mandelbrot\x64\debug\mandelbrot.tlog\dpcpp-cl-clang-cl.17920.read.1.tlog
c:\users\vmadanan\documents\oneapi-samples\directprogramming\dpc++\combinationallogic\mandelbrot\x64\debug\mandelbrot.tlog\dpcpp-cl-clang-cl.17920.write.1.tlog
c:\users\vmadanan\documents\oneapi-samples\directprogramming\dpc++\combinationallogic\mandelbrot\x64\debug\mandelbrot.tlog\dpcpp-cl-clang-cl.20944.delete.1.tlog
c:\users\vmadanan\documents\oneapi-samples\directprogramming\dpc++\combinationallogic\mandelbrot\x64\debug\mandelbrot.tlog\dpcpp-cl-clang-cl.20944.read.1.tlog
c:\users\vmadanan\documents\oneapi-samples\directprogramming\dpc++\combinationallogic\mandelbrot\x64\debug\mandelbrot.tlog\dpcpp-cl-clang-cl.20944.write.1.tlog
c:\users\vmadanan\documents\oneapi-samples\directprogramming\dpc++\combinationallogic\mandelbrot\x64\debug\mandelbrot.tlog\dpcpp-cl-clang-cl.3220.read.1.tlog
c:\users\vmadanan\documents\oneapi-samples\directprogramming\dpc++\combinationallogic\mandelbrot\x64\debug\mandelbrot.tlog\dpcpp-cl-clang-cl.3220.write.1.tlog
c:\users\vmadanan\documents\oneapi-samples\directprogramming\dpc++\combinationallogic\mandelbrot\x64\debug\mandelbrot.tlog\dpcpp-cl-clang-cl.read.1.tlog
c:\users\vmadanan\documents\oneapi-samples\directprogramming\dpc++\combinationallogic\mandelbrot\x64\debug\mandelbrot.tlog\dpcpp-cl-clang-cl.write.1.tlog
c:\users\vmadanan\documents\oneapi-samples\directprogramming\dpc++\combinationallogic\mandelbrot\x64\debug\mandelbrot.tlog\dpcpp-cl.read.1.tlog
c:\users\vmadanan\documents\oneapi-samples\directprogramming\dpc++\combinationallogic\mandelbrot\x64\debug\mandelbrot.tlog\dpcpp.command.1.tlog
c:\users\vmadanan\documents\oneapi-samples\directprogramming\dpc++\combinationallogic\mandelbrot\x64\debug\mandelbrot.tlog\dpcpplink.command.1.tlog
